

Microchip MPLAB XC8 Assembler V2.40 build 20220703182018 
                                                                                               Thu Oct 06 16:17:20 2022

Microchip MPLAB XC8 C Compiler v2.40 (Free license) build 20220703182018 Og1 
     1                           	processor	16F877A
     2                           	pagewidth 120
     3                           	opt	flic
     4                           	psect	idataCOMMON,global,class=CODE,delta=2,noexec
     5                           	psect	cinit,global,class=CODE,merge=1,delta=2
     6                           	psect	bssCOMMON,global,class=COMMON,space=1,delta=1,noexec
     7                           	psect	dataCOMMON,global,class=COMMON,space=1,delta=1,noexec
     8                           	psect	cstackCOMMON,global,class=COMMON,space=1,delta=1,noexec
     9                           	psect	cstackBANK0,global,class=BANK0,space=1,delta=1,noexec
    10                           	psect	maintext,global,class=CODE,split=1,delta=2
    11                           	psect	text1,local,class=CODE,merge=1,delta=2
    12                           	psect	text2,local,class=CODE,merge=1,delta=2
    13                           	psect	text3,local,class=CODE,merge=1,delta=2
    14                           	psect	text4,local,class=CODE,merge=1,delta=2
    15                           	psect	text5,local,class=CODE,merge=1,delta=2
    16                           	psect	text6,local,class=CODE,merge=1,delta=2
    17                           	psect	intentry,global,class=CODE,delta=2
    18                           	psect	config,global,abs,ovrld,class=CONFIG,space=4,delta=2,noexec
    19                           	dabs	1,0x7E,2
    20     0000                     
    21                           ; Version 2.20
    22                           ; Generated 12/02/2020 GMT
    23                           ; 
    24                           ; Copyright © 2020, Microchip Technology Inc. and its subsidiaries ("Microchip")
    25                           ; All rights reserved.
    26                           ; 
    27                           ; This software is developed by Microchip Technology Inc. and its subsidiaries ("Microch
      +                          ip").
    28                           ; 
    29                           ; Redistribution and use in source and binary forms, with or without modification, are
    30                           ; permitted provided that the following conditions are met:
    31                           ; 
    32                           ;     1. Redistributions of source code must retain the above copyright notice, this lis
      +                          t of
    33                           ;        conditions and the following disclaimer.
    34                           ; 
    35                           ;     2. Redistributions in binary form must reproduce the above copyright notice, this 
      +                          list
    36                           ;        of conditions and the following disclaimer in the documentation and/or other
    37                           ;        materials provided with the distribution.
    38                           ; 
    39                           ;     3. Microchip's name may not be used to endorse or promote products derived from th
      +                          is
    40                           ;        software without specific prior written permission.
    41                           ; 
    42                           ; THIS SOFTWARE IS PROVIDED BY MICROCHIP "AS IS" AND ANY EXPRESS OR IMPLIED WARRANTIES,
    43                           ; INCLUDING, BUT NOT LIMITED TO, THE IMPLIED WARRANTIES OF MERCHANTABILITY AND FITNESS F
      +                          OR
    44                           ; PURPOSE ARE DISCLAIMED.  IN NO EVENT SHALL MICROCHIP BE LIABLE FOR ANY DIRECT, INDIREC
      +                          T,
    45                           ; INCIDENTAL, SPECIAL, EXEMPLARY, OR CONSEQUENTIAL DAMAGES (INCLUDING BUT NOT LIMITED TO
    46                           ; PROCUREMENT OF SUBSTITUTE GOODS OR SERVICES; LOSS OF USE, DATA OR PROFITS; OR BUSINESS
    47                           ; INTERRUPTION) HOWSOEVER CAUSED AND ON ANY THEORY OF LIABILITY, WHETHER IN CONTRACT, ST
      +                          RICT
    48                           ; LIABILITY, OR TORT (INCLUDING NEGLIGENCE OR OTHERWISE) ARISING IN ANY WAY OUT OF THE U
      +                          SE OF
    49                           ; THIS SOFTWARE, EVEN IF ADVISED OF THE POSSIBILITY OF SUCH DAMAGE.
    50                           ; 
    51                           ; 
    52                           ; Code-generator required, PIC16F877A Definitions
    53                           ; 
    54                           ; SFR Addresses
    55     0000                     	;# 
    56     0001                     	;# 
    57     0002                     	;# 
    58     0003                     	;# 
    59     0004                     	;# 
    60     0005                     	;# 
    61     0006                     	;# 
    62     0007                     	;# 
    63     0008                     	;# 
    64     0009                     	;# 
    65     000A                     	;# 
    66     000B                     	;# 
    67     000C                     	;# 
    68     000D                     	;# 
    69     000E                     	;# 
    70     000E                     	;# 
    71     000F                     	;# 
    72     0010                     	;# 
    73     0011                     	;# 
    74     0012                     	;# 
    75     0013                     	;# 
    76     0014                     	;# 
    77     0015                     	;# 
    78     0015                     	;# 
    79     0016                     	;# 
    80     0017                     	;# 
    81     0018                     	;# 
    82     0019                     	;# 
    83     001A                     	;# 
    84     001B                     	;# 
    85     001B                     	;# 
    86     001C                     	;# 
    87     001D                     	;# 
    88     001E                     	;# 
    89     001F                     	;# 
    90     0081                     	;# 
    91     0085                     	;# 
    92     0086                     	;# 
    93     0087                     	;# 
    94     0088                     	;# 
    95     0089                     	;# 
    96     008C                     	;# 
    97     008D                     	;# 
    98     008E                     	;# 
    99     0091                     	;# 
   100     0092                     	;# 
   101     0093                     	;# 
   102     0094                     	;# 
   103     0098                     	;# 
   104     0099                     	;# 
   105     009C                     	;# 
   106     009D                     	;# 
   107     009E                     	;# 
   108     009F                     	;# 
   109     010C                     	;# 
   110     010D                     	;# 
   111     010E                     	;# 
   112     010F                     	;# 
   113     018C                     	;# 
   114     018D                     	;# 
   115     0000                     	;# 
   116     0001                     	;# 
   117     0002                     	;# 
   118     0003                     	;# 
   119     0004                     	;# 
   120     0005                     	;# 
   121     0006                     	;# 
   122     0007                     	;# 
   123     0008                     	;# 
   124     0009                     	;# 
   125     000A                     	;# 
   126     000B                     	;# 
   127     000C                     	;# 
   128     000D                     	;# 
   129     000E                     	;# 
   130     000E                     	;# 
   131     000F                     	;# 
   132     0010                     	;# 
   133     0011                     	;# 
   134     0012                     	;# 
   135     0013                     	;# 
   136     0014                     	;# 
   137     0015                     	;# 
   138     0015                     	;# 
   139     0016                     	;# 
   140     0017                     	;# 
   141     0018                     	;# 
   142     0019                     	;# 
   143     001A                     	;# 
   144     001B                     	;# 
   145     001B                     	;# 
   146     001C                     	;# 
   147     001D                     	;# 
   148     001E                     	;# 
   149     001F                     	;# 
   150     0081                     	;# 
   151     0085                     	;# 
   152     0086                     	;# 
   153     0087                     	;# 
   154     0088                     	;# 
   155     0089                     	;# 
   156     008C                     	;# 
   157     008D                     	;# 
   158     008E                     	;# 
   159     0091                     	;# 
   160     0092                     	;# 
   161     0093                     	;# 
   162     0094                     	;# 
   163     0098                     	;# 
   164     0099                     	;# 
   165     009C                     	;# 
   166     009D                     	;# 
   167     009E                     	;# 
   168     009F                     	;# 
   169     010C                     	;# 
   170     010D                     	;# 
   171     010E                     	;# 
   172     010F                     	;# 
   173     018C                     	;# 
   174     018D                     	;# 
   175     0000                     	;# 
   176     0001                     	;# 
   177     0002                     	;# 
   178     0003                     	;# 
   179     0004                     	;# 
   180     0005                     	;# 
   181     0006                     	;# 
   182     0007                     	;# 
   183     0008                     	;# 
   184     0009                     	;# 
   185     000A                     	;# 
   186     000B                     	;# 
   187     000C                     	;# 
   188     000D                     	;# 
   189     000E                     	;# 
   190     000E                     	;# 
   191     000F                     	;# 
   192     0010                     	;# 
   193     0011                     	;# 
   194     0012                     	;# 
   195     0013                     	;# 
   196     0014                     	;# 
   197     0015                     	;# 
   198     0015                     	;# 
   199     0016                     	;# 
   200     0017                     	;# 
   201     0018                     	;# 
   202     0019                     	;# 
   203     001A                     	;# 
   204     001B                     	;# 
   205     001B                     	;# 
   206     001C                     	;# 
   207     001D                     	;# 
   208     001E                     	;# 
   209     001F                     	;# 
   210     0081                     	;# 
   211     0085                     	;# 
   212     0086                     	;# 
   213     0087                     	;# 
   214     0088                     	;# 
   215     0089                     	;# 
   216     008C                     	;# 
   217     008D                     	;# 
   218     008E                     	;# 
   219     0091                     	;# 
   220     0092                     	;# 
   221     0093                     	;# 
   222     0094                     	;# 
   223     0098                     	;# 
   224     0099                     	;# 
   225     009C                     	;# 
   226     009D                     	;# 
   227     009E                     	;# 
   228     009F                     	;# 
   229     010C                     	;# 
   230     010D                     	;# 
   231     010E                     	;# 
   232     010F                     	;# 
   233     018C                     	;# 
   234     018D                     	;# 
   235     0000                     	;# 
   236     0001                     	;# 
   237     0002                     	;# 
   238     0003                     	;# 
   239     0004                     	;# 
   240     0005                     	;# 
   241     0006                     	;# 
   242     0007                     	;# 
   243     0008                     	;# 
   244     0009                     	;# 
   245     000A                     	;# 
   246     000B                     	;# 
   247     000C                     	;# 
   248     000D                     	;# 
   249     000E                     	;# 
   250     000E                     	;# 
   251     000F                     	;# 
   252     0010                     	;# 
   253     0011                     	;# 
   254     0012                     	;# 
   255     0013                     	;# 
   256     0014                     	;# 
   257     0015                     	;# 
   258     0015                     	;# 
   259     0016                     	;# 
   260     0017                     	;# 
   261     0018                     	;# 
   262     0019                     	;# 
   263     001A                     	;# 
   264     001B                     	;# 
   265     001B                     	;# 
   266     001C                     	;# 
   267     001D                     	;# 
   268     001E                     	;# 
   269     001F                     	;# 
   270     0081                     	;# 
   271     0085                     	;# 
   272     0086                     	;# 
   273     0087                     	;# 
   274     0088                     	;# 
   275     0089                     	;# 
   276     008C                     	;# 
   277     008D                     	;# 
   278     008E                     	;# 
   279     0091                     	;# 
   280     0092                     	;# 
   281     0093                     	;# 
   282     0094                     	;# 
   283     0098                     	;# 
   284     0099                     	;# 
   285     009C                     	;# 
   286     009D                     	;# 
   287     009E                     	;# 
   288     009F                     	;# 
   289     010C                     	;# 
   290     010D                     	;# 
   291     010E                     	;# 
   292     010F                     	;# 
   293     018C                     	;# 
   294     018D                     	;# 
   295     0000                     	;# 
   296     0001                     	;# 
   297     0002                     	;# 
   298     0003                     	;# 
   299     0004                     	;# 
   300     0005                     	;# 
   301     0006                     	;# 
   302     0007                     	;# 
   303     0008                     	;# 
   304     0009                     	;# 
   305     000A                     	;# 
   306     000B                     	;# 
   307     000C                     	;# 
   308     000D                     	;# 
   309     000E                     	;# 
   310     000E                     	;# 
   311     000F                     	;# 
   312     0010                     	;# 
   313     0011                     	;# 
   314     0012                     	;# 
   315     0013                     	;# 
   316     0014                     	;# 
   317     0015                     	;# 
   318     0015                     	;# 
   319     0016                     	;# 
   320     0017                     	;# 
   321     0018                     	;# 
   322     0019                     	;# 
   323     001A                     	;# 
   324     001B                     	;# 
   325     001B                     	;# 
   326     001C                     	;# 
   327     001D                     	;# 
   328     001E                     	;# 
   329     001F                     	;# 
   330     0081                     	;# 
   331     0085                     	;# 
   332     0086                     	;# 
   333     0087                     	;# 
   334     0088                     	;# 
   335     0089                     	;# 
   336     008C                     	;# 
   337     008D                     	;# 
   338     008E                     	;# 
   339     0091                     	;# 
   340     0092                     	;# 
   341     0093                     	;# 
   342     0094                     	;# 
   343     0098                     	;# 
   344     0099                     	;# 
   345     009C                     	;# 
   346     009D                     	;# 
   347     009E                     	;# 
   348     009F                     	;# 
   349     010C                     	;# 
   350     010D                     	;# 
   351     010E                     	;# 
   352     010F                     	;# 
   353     018C                     	;# 
   354     018D                     	;# 
   355                           
   356                           	psect	idataCOMMON
   357     0104                     __pidataCOMMON:
   358                           
   359                           ;initializer for _duty_cycle
   360     0104  340A               	retlw	10
   361     0105  3400               	retlw	0
   362                           
   363                           ;initializer for read_digital_keypad@once
   364     0106  3401               	retlw	1
   365     0006                     _PORTB	set	6
   366     0001                     _TMR0	set	1
   367     0008                     _PORTD	set	8
   368     005A                     _TMR0IF	set	90
   369     005D                     _TMR0IE	set	93
   370     005F                     _GIE	set	95
   371     005E                     _PEIE	set	94
   372     0040                     _RD0	set	64
   373     0086                     _TRISB	set	134
   374     0088                     _TRISD	set	136
   375     040B                     _PSA	set	1035
   376     040D                     _T0CS	set	1037
   377                           
   378                           	psect	cinit
   379     000F                     start_initialization:	
   380                           ; #config settings
   381                           
   382     000F                     __initialization:
   383                           
   384                           ; Initialize objects allocated to COMMON
   385     000F  120A  118A  2104  120A  118A  	fcall	__pidataCOMMON	;fetch initializer
   386     0014  00F6               	movwf	__pdataCOMMON& (0+127)
   387     0015  120A  118A  2105  120A  118A  	fcall	__pidataCOMMON+1	;fetch initializer
   388     001A  00F7               	movwf	(__pdataCOMMON+1)& (0+127)
   389     001B  120A  118A  2106  120A  118A  	fcall	__pidataCOMMON+2	;fetch initializer
   390     0020  00F8               	movwf	(__pdataCOMMON+2)& (0+127)
   391                           
   392                           ; Clear objects allocated to COMMON
   393     0021  01F0               	clrf	__pbssCOMMON& (0+127)
   394     0022  01F1               	clrf	(__pbssCOMMON+1)& (0+127)
   395     0023  01F2               	clrf	(__pbssCOMMON+2)& (0+127)
   396     0024  01F3               	clrf	(__pbssCOMMON+3)& (0+127)
   397     0025  01F4               	clrf	(__pbssCOMMON+4)& (0+127)
   398     0026  01F5               	clrf	(__pbssCOMMON+5)& (0+127)
   399     0027                     end_of_initialization:	
   400                           ;End of C runtime variable initialization code
   401                           
   402     0027                     __end_of__initialization:
   403     0027  0183               	clrf	3
   404     0028  120A  118A  282B   	ljmp	_main	;jump to C main() function
   405                           
   406                           	psect	bssCOMMON
   407     0070                     __pbssCOMMON:
   408     0070                     isr@count:
   409     0070                     	ds	2
   410     0072                     software_pwm@loop_counter:
   411     0072                     	ds	2
   412     0074                     _sec:
   413     0074                     	ds	2
   414                           
   415                           	psect	dataCOMMON
   416     0076                     __pdataCOMMON:
   417     0076                     _duty_cycle:
   418     0076                     	ds	2
   419     0078                     read_digital_keypad@once:
   420     0078                     	ds	1
   421                           
   422                           	psect	cstackCOMMON
   423     0079                     __pcstackCOMMON:
   424     0079                     ?_init_digital_keypad:
   425     0079                     ?_init_timer0:	
   426                           ; 1 bytes @ 0x0
   427                           
   428     0079                     ?_read_digital_keypad:	
   429                           ; 1 bytes @ 0x0
   430                           
   431     0079                     ?_init_config:	
   432                           ; 1 bytes @ 0x0
   433                           
   434     0079                     ?_main:	
   435                           ; 1 bytes @ 0x0
   436                           
   437     0079                     ?_isr:	
   438                           ; 1 bytes @ 0x0
   439                           
   440     0079                     ??_isr:	
   441                           ; 1 bytes @ 0x0
   442                           
   443                           
   444                           ; 1 bytes @ 0x0
   445     0079                     	ds	2
   446     007B                     ??_init_digital_keypad:
   447     007B                     ??_init_timer0:	
   448                           ; 1 bytes @ 0x2
   449                           
   450     007B                     ??_read_digital_keypad:	
   451                           ; 1 bytes @ 0x2
   452                           
   453     007B                     ??_software_pwm:	
   454                           ; 1 bytes @ 0x2
   455                           
   456     007B                     ??_init_config:	
   457                           ; 1 bytes @ 0x2
   458                           
   459                           
   460                           ; 1 bytes @ 0x2
   461     007B                     	ds	1
   462     007C                     ??_main:
   463                           
   464                           	psect	cstackBANK0
   465     0020                     __pcstackBANK0:	
   466                           ; 1 bytes @ 0x3
   467                           
   468     0020                     ?_software_pwm:
   469     0020                     read_digital_keypad@mode:	
   470                           ; 1 bytes @ 0x0
   471                           
   472     0020                     software_pwm@duty_cycle:	
   473                           ; 1 bytes @ 0x0
   474                           
   475                           
   476                           ; 2 bytes @ 0x0
   477     0020                     	ds	2
   478     0022                     main@key:
   479                           
   480                           ; 1 bytes @ 0x2
   481     0022                     	ds	1
   482                           
   483                           	psect	maintext
   484     002B                     __pmaintext:	
   485 ;;
   486 ;;Main: autosize = 0, tempsize = 0, incstack = 0, save=0
   487 ;;
   488 ;; *************** function _main *****************
   489 ;; Defined at:
   490 ;;		line 54 in file "main.c"
   491 ;; Parameters:    Size  Location     Type
   492 ;;		None
   493 ;; Auto vars:     Size  Location     Type
   494 ;;  key             1    2[BANK0 ] unsigned char 
   495 ;; Return value:  Size  Location     Type
   496 ;;                  1    wreg      void 
   497 ;; Registers used:
   498 ;;		wreg, status,2, status,0, pclath, cstack
   499 ;; Tracked objects:
   500 ;;		On entry : B00/0
   501 ;;		On exit  : 0/0
   502 ;;		Unchanged: 0/0
   503 ;; Data sizes:     COMMON   BANK0   BANK1   BANK3   BANK2
   504 ;;      Params:         0       0       0       0       0
   505 ;;      Locals:         0       1       0       0       0
   506 ;;      Temps:          0       0       0       0       0
   507 ;;      Totals:         0       1       0       0       0
   508 ;;Total ram usage:        1 bytes
   509 ;; Hardware stack levels required when called: 3
   510 ;; This function calls:
   511 ;;		_init_config
   512 ;;		_read_digital_keypad
   513 ;;		_software_pwm
   514 ;; This function is called by:
   515 ;;		Startup code after reset
   516 ;; This function uses a non-reentrant model
   517 ;;
   518                           
   519     002B                     _main:	
   520                           ;psect for function _main
   521                           
   522     002B                     l844:	
   523                           ;incstack = 0
   524                           ; Regs used in _main: [wreg+status,2+status,0+pclath+cstack]
   525                           
   526                           
   527                           ;main.c: 56: ;main.c: 57:         if(sec >= 5)
   528     002B  120A  118A  20E1  120A  118A  	fcall	_init_config
   529     0030                     l37:	
   530                           ;main.c: 59:             duty_cycle = 10;
   531                           
   532                           
   533                           ;main.c: 60:         };main.c: 62:         software_pwm(duty_cycle);
   534     0030  3001               	movlw	1
   535     0031  120A  118A  2091  120A  118A  	fcall	_read_digital_keypad
   536     0036  1283               	bcf	3,5	;RP0=0, select bank0
   537     0037  1303               	bcf	3,6	;RP1=0, select bank0
   538     0038  00A2               	movwf	main@key
   539     0039                     l846:
   540                           
   541                           ;main.c: 65: }
   542     0039  303E               	movlw	62
   543     003A  0622               	xorwf	main@key,w
   544     003B  1D03               	btfss	3,2
   545     003C  283E               	goto	u261
   546     003D  283F               	goto	u260
   547     003E                     u261:
   548     003E  284E               	goto	l38
   549     003F                     u260:
   550     003F                     l848:
   551     003F  01F4               	clrf	_sec
   552     0040  01F5               	clrf	_sec+1
   553     0041                     l850:
   554     0041  3000               	movlw	0
   555     0042  0275               	subwf	_sec+1,w
   556     0043  3005               	movlw	5
   557     0044  1903               	skipnz
   558     0045  0274               	subwf	_sec,w
   559     0046  1803               	skipnc
   560     0047  2849               	goto	u271
   561     0048  284A               	goto	u270
   562     0049                     u271:
   563     0049  284E               	goto	l38
   564     004A                     u270:
   565     004A                     l852:
   566     004A  3064               	movlw	100
   567     004B  00F6               	movwf	_duty_cycle
   568     004C  3000               	movlw	0
   569     004D  00F7               	movwf	_duty_cycle+1
   570     004E                     l38:
   571     004E  3000               	movlw	0
   572     004F  0275               	subwf	_sec+1,w
   573     0050  3005               	movlw	5
   574     0051  1903               	skipnz
   575     0052  0274               	subwf	_sec,w
   576     0053  1C03               	skipc
   577     0054  2856               	goto	u281
   578     0055  2857               	goto	u280
   579     0056                     u281:
   580     0056  285B               	goto	l856
   581     0057                     u280:
   582     0057                     l854:
   583     0057  300A               	movlw	10
   584     0058  00F6               	movwf	_duty_cycle
   585     0059  3000               	movlw	0
   586     005A  00F7               	movwf	_duty_cycle+1
   587     005B                     l856:
   588     005B  0877               	movf	_duty_cycle+1,w
   589     005C  00A1               	movwf	software_pwm@duty_cycle+1
   590     005D  0876               	movf	_duty_cycle,w
   591     005E  00A0               	movwf	software_pwm@duty_cycle
   592     005F  120A  118A  2068  120A  118A  	fcall	_software_pwm
   593     0064  2830               	goto	l37
   594     0065  120A  118A  280C   	ljmp	start
   595     0068                     __end_of_main:
   596                           
   597                           	psect	text1
   598     0068                     __ptext1:	
   599 ;; *************** function _software_pwm *****************
   600 ;; Defined at:
   601 ;;		line 20 in file "main.c"
   602 ;; Parameters:    Size  Location     Type
   603 ;;  duty_cycle      2    0[BANK0 ] unsigned int 
   604 ;; Auto vars:     Size  Location     Type
   605 ;;		None
   606 ;; Return value:  Size  Location     Type
   607 ;;                  1    wreg      void 
   608 ;; Registers used:
   609 ;;		wreg, status,2, status,0
   610 ;; Tracked objects:
   611 ;;		On entry : 0/0
   612 ;;		On exit  : 0/0
   613 ;;		Unchanged: 0/0
   614 ;; Data sizes:     COMMON   BANK0   BANK1   BANK3   BANK2
   615 ;;      Params:         0       2       0       0       0
   616 ;;      Locals:         0       0       0       0       0
   617 ;;      Temps:          0       0       0       0       0
   618 ;;      Totals:         0       2       0       0       0
   619 ;;Total ram usage:        2 bytes
   620 ;; Hardware stack levels used: 1
   621 ;; Hardware stack levels required when called: 1
   622 ;; This function calls:
   623 ;;		Nothing
   624 ;; This function is called by:
   625 ;;		_main
   626 ;; This function uses a non-reentrant model
   627 ;;
   628                           
   629     0068                     _software_pwm:	
   630                           ;psect for function _software_pwm
   631                           
   632     0068                     l794:	
   633                           ;incstack = 0
   634                           ; Regs used in _software_pwm: [wreg+status,2+status,0]
   635                           
   636                           
   637                           ;main.c: 20: };main.c: 21: ;main.c: 22: ;main.c: 24: 
   638     0068  1283               	bcf	3,5	;RP0=0, select bank0
   639     0069  1303               	bcf	3,6	;RP1=0, select bank0
   640     006A  0821               	movf	software_pwm@duty_cycle+1,w
   641     006B  0273               	subwf	software_pwm@loop_counter+1,w
   642     006C  1D03               	skipz
   643     006D  2870               	goto	u195
   644     006E  0820               	movf	software_pwm@duty_cycle,w
   645     006F  0272               	subwf	software_pwm@loop_counter,w
   646     0070                     u195:
   647     0070  1803               	skipnc
   648     0071  2873               	goto	u191
   649     0072  2874               	goto	u190
   650     0073                     u191:
   651     0073  2876               	goto	l798
   652     0074                     u190:
   653     0074                     l796:
   654                           
   655                           ;main.c: 25:     PORTD = 0x00;;main.c: 26:     TRISD = 0x00;
   656     0074  1408               	bsf	8,0	;volatile
   657                           
   658                           ;main.c: 27: 
   659     0075  2881               	goto	l802
   660     0076                     l798:
   661     0076  0873               	movf	software_pwm@loop_counter+1,w
   662     0077  0221               	subwf	software_pwm@duty_cycle+1,w
   663     0078  1D03               	skipz
   664     0079  287C               	goto	u205
   665     007A  0872               	movf	software_pwm@loop_counter,w
   666     007B  0220               	subwf	software_pwm@duty_cycle,w
   667     007C                     u205:
   668     007C  1803               	skipnc
   669     007D  287F               	goto	u201
   670     007E  2880               	goto	u200
   671     007F                     u201:
   672     007F  2881               	goto	l802
   673     0080                     u200:
   674     0080                     l800:
   675                           
   676                           ;main.c: 29:     init_digital_keypad();;main.c: 30:     init_timer0();
   677     0080  1008               	bcf	8,0	;volatile
   678     0081                     l802:
   679                           
   680                           ;main.c: 33: 
   681     0081  3001               	movlw	1
   682     0082  07F2               	addwf	software_pwm@loop_counter,f
   683     0083  1803               	skipnc
   684     0084  0AF3               	incf	software_pwm@loop_counter+1,f
   685     0085  3000               	movlw	0
   686     0086  07F3               	addwf	software_pwm@loop_counter+1,f
   687     0087  3065               	movlw	101
   688     0088  0672               	xorwf	software_pwm@loop_counter,w
   689     0089  0473               	iorwf	software_pwm@loop_counter+1,w
   690     008A  1D03               	btfss	3,2
   691     008B  288D               	goto	u211
   692     008C  288E               	goto	u210
   693     008D                     u211:
   694     008D  2890               	goto	l29
   695     008E                     u210:
   696     008E                     l804:
   697                           
   698                           ;main.c: 34:     GIE = 1;;main.c: 35: }
   699     008E  01F2               	clrf	software_pwm@loop_counter
   700     008F  01F3               	clrf	software_pwm@loop_counter+1
   701     0090                     l29:
   702     0090  0008               	return
   703     0091                     __end_of_software_pwm:
   704                           
   705                           	psect	text2
   706     0091                     __ptext2:	
   707 ;; *************** function _read_digital_keypad *****************
   708 ;; Defined at:
   709 ;;		line 16 in file "digital_keypad.c"
   710 ;; Parameters:    Size  Location     Type
   711 ;;  mode            1    wreg     unsigned char 
   712 ;; Auto vars:     Size  Location     Type
   713 ;;  mode            1    0[BANK0 ] unsigned char 
   714 ;; Return value:  Size  Location     Type
   715 ;;                  1    wreg      unsigned char 
   716 ;; Registers used:
   717 ;;		wreg, status,2, status,0
   718 ;; Tracked objects:
   719 ;;		On entry : 0/0
   720 ;;		On exit  : 0/0
   721 ;;		Unchanged: 0/0
   722 ;; Data sizes:     COMMON   BANK0   BANK1   BANK3   BANK2
   723 ;;      Params:         0       0       0       0       0
   724 ;;      Locals:         0       1       0       0       0
   725 ;;      Temps:          1       0       0       0       0
   726 ;;      Totals:         1       1       0       0       0
   727 ;;Total ram usage:        2 bytes
   728 ;; Hardware stack levels used: 1
   729 ;; Hardware stack levels required when called: 1
   730 ;; This function calls:
   731 ;;		Nothing
   732 ;; This function is called by:
   733 ;;		_main
   734 ;; This function uses a non-reentrant model
   735 ;;
   736                           
   737     0091                     _read_digital_keypad:	
   738                           ;psect for function _read_digital_keypad
   739                           
   740                           
   741                           ;incstack = 0
   742                           ; Regs used in _read_digital_keypad: [wreg+status,2+status,0]
   743                           ;read_digital_keypad@mode stored from wreg
   744     0091  1283               	bcf	3,5	;RP0=0, select bank0
   745     0092  1303               	bcf	3,6	;RP1=0, select bank0
   746     0093  00A0               	movwf	read_digital_keypad@mode
   747     0094                     l816:
   748                           
   749                           ;digital_keypad.c: 16: unsigned char read_digital_keypad(unsigned char mode);digital_key
      +                          pad.c: 17: {;digital_keypad.c: 18:     static unsigned char once = 1;;digital_keypad.c: 
      +                          20:     if (mode == 0)
   750     0094  0820               	movf	read_digital_keypad@mode,w
   751     0095  1D03               	btfss	3,2
   752     0096  2898               	goto	u221
   753     0097  2899               	goto	u220
   754     0098                     u221:
   755     0098  289C               	goto	l824
   756     0099                     u220:
   757     0099                     l818:
   758                           
   759                           ;digital_keypad.c: 21:     {;digital_keypad.c: 22:         return PORTB & 0x3F;
   760     0099  0806               	movf	6,w	;volatile
   761     009A  393F               	andlw	63
   762     009B  28B8               	goto	l82
   763     009C                     l824:
   764                           
   765                           ;digital_keypad.c: 25:     {;digital_keypad.c: 26:         if (((PORTB & 0x3F) != 0x3F) 
      +                          && once)
   766     009C  303F               	movlw	63
   767     009D  0506               	andwf	6,w	;volatile
   768     009E  00FB               	movwf	??_read_digital_keypad
   769     009F  303F               	movlw	63
   770     00A0  067B               	xorwf	??_read_digital_keypad,w
   771     00A1  1903               	btfsc	3,2
   772     00A2  28A4               	goto	u231
   773     00A3  28A5               	goto	u230
   774     00A4                     u231:
   775     00A4  28AC               	goto	l836
   776     00A5                     u230:
   777     00A5                     l826:
   778     00A5  0878               	movf	read_digital_keypad@once,w
   779     00A6  1903               	btfsc	3,2
   780     00A7  28A9               	goto	u241
   781     00A8  28AA               	goto	u240
   782     00A9                     u241:
   783     00A9  28AC               	goto	l836
   784     00AA                     u240:
   785     00AA                     l828:
   786                           
   787                           ;digital_keypad.c: 27:         {;digital_keypad.c: 28:             once = 0;
   788     00AA  01F8               	clrf	read_digital_keypad@once
   789     00AB  2899               	goto	l818
   790     00AC                     l836:
   791     00AC  303F               	movlw	63
   792     00AD  0506               	andwf	6,w	;volatile
   793     00AE  00FB               	movwf	??_read_digital_keypad
   794     00AF  303F               	movlw	63
   795     00B0  067B               	xorwf	??_read_digital_keypad,w
   796     00B1  1D03               	btfss	3,2
   797     00B2  28B4               	goto	u251
   798     00B3  28B5               	goto	u250
   799     00B4                     u251:
   800     00B4  28B7               	goto	l840
   801     00B5                     u250:
   802     00B5                     l838:
   803                           
   804                           ;digital_keypad.c: 33:         {;digital_keypad.c: 34:             once = 1;
   805     00B5  01F8               	clrf	read_digital_keypad@once
   806     00B6  0AF8               	incf	read_digital_keypad@once,f
   807     00B7                     l840:
   808                           
   809                           ;digital_keypad.c: 38:     return 0x3F;
   810     00B7  303F               	movlw	63
   811     00B8                     l82:
   812     00B8  0008               	return
   813     00B9                     __end_of_read_digital_keypad:
   814                           
   815                           	psect	text3
   816     00E1                     __ptext3:	
   817 ;; *************** function _init_config *****************
   818 ;; Defined at:
   819 ;;		line 40 in file "main.c"
   820 ;; Parameters:    Size  Location     Type
   821 ;;		None
   822 ;; Auto vars:     Size  Location     Type
   823 ;;		None
   824 ;; Return value:  Size  Location     Type
   825 ;;                  1    wreg      void 
   826 ;; Registers used:
   827 ;;		wreg, status,2, status,0, pclath, cstack
   828 ;; Tracked objects:
   829 ;;		On entry : 0/0
   830 ;;		On exit  : 0/0
   831 ;;		Unchanged: 0/0
   832 ;; Data sizes:     COMMON   BANK0   BANK1   BANK3   BANK2
   833 ;;      Params:         0       0       0       0       0
   834 ;;      Locals:         0       0       0       0       0
   835 ;;      Temps:          0       0       0       0       0
   836 ;;      Totals:         0       0       0       0       0
   837 ;;Total ram usage:        0 bytes
   838 ;; Hardware stack levels used: 1
   839 ;; Hardware stack levels required when called: 2
   840 ;; This function calls:
   841 ;;		_init_digital_keypad
   842 ;;		_init_timer0
   843 ;; This function is called by:
   844 ;;		_main
   845 ;; This function uses a non-reentrant model
   846 ;;
   847                           
   848     00E1                     _init_config:	
   849                           ;psect for function _init_config
   850                           
   851     00E1                     l806:	
   852                           ;incstack = 0
   853                           ; Regs used in _init_config: [wreg+status,2+status,0+pclath+cstack]
   854                           
   855                           
   856                           ;main.c: 42:     while (1)
   857     00E1  1283               	bcf	3,5	;RP0=0, select bank0
   858     00E2  1303               	bcf	3,6	;RP1=0, select bank0
   859     00E3  0188               	clrf	8	;volatile
   860                           
   861                           ;main.c: 43:     {
   862     00E4  1683               	bsf	3,5	;RP0=1, select bank1
   863     00E5  1303               	bcf	3,6	;RP1=0, select bank1
   864     00E6  0188               	clrf	8	;volatile
   865     00E7                     l808:
   866                           
   867                           ;main.c: 46: 
   868     00E7  120A  118A  20FE  120A  118A  	fcall	_init_digital_keypad
   869     00EC                     l810:
   870                           
   871                           ;main.c: 47: 
   872     00EC  120A  118A  20F4  120A  118A  	fcall	_init_timer0
   873     00F1                     l812:
   874                           
   875                           ;main.c: 49: 
   876     00F1  170B               	bsf	11,6	;volatile
   877     00F2                     l814:
   878                           
   879                           ;main.c: 51:             sec = 0;
   880     00F2  178B               	bsf	11,7	;volatile
   881     00F3                     l32:
   882     00F3  0008               	return
   883     00F4                     __end_of_init_config:
   884                           
   885                           	psect	text4
   886     00F4                     __ptext4:	
   887 ;; *************** function _init_timer0 *****************
   888 ;; Defined at:
   889 ;;		line 10 in file "timers.c"
   890 ;; Parameters:    Size  Location     Type
   891 ;;		None
   892 ;; Auto vars:     Size  Location     Type
   893 ;;		None
   894 ;; Return value:  Size  Location     Type
   895 ;;                  1    wreg      void 
   896 ;; Registers used:
   897 ;;		wreg
   898 ;; Tracked objects:
   899 ;;		On entry : 0/0
   900 ;;		On exit  : 0/0
   901 ;;		Unchanged: 0/0
   902 ;; Data sizes:     COMMON   BANK0   BANK1   BANK3   BANK2
   903 ;;      Params:         0       0       0       0       0
   904 ;;      Locals:         0       0       0       0       0
   905 ;;      Temps:          0       0       0       0       0
   906 ;;      Totals:         0       0       0       0       0
   907 ;;Total ram usage:        0 bytes
   908 ;; Hardware stack levels used: 1
   909 ;; Hardware stack levels required when called: 1
   910 ;; This function calls:
   911 ;;		Nothing
   912 ;; This function is called by:
   913 ;;		_init_config
   914 ;; This function uses a non-reentrant model
   915 ;;
   916                           
   917     00F4                     _init_timer0:	
   918                           ;psect for function _init_timer0
   919                           
   920     00F4                     l788:	
   921                           ;incstack = 0
   922                           ; Regs used in _init_timer0: [wreg]
   923                           
   924                           
   925                           ;timers.c: 13:     T0CS = 0;
   926     00F4  1683               	bsf	3,5	;RP0=1, select bank1
   927     00F5  1303               	bcf	3,6	;RP1=0, select bank1
   928     00F6  1281               	bcf	1,5	;volatile
   929                           
   930                           ;timers.c: 16:     PSA = 1;
   931     00F7  1581               	bsf	1,3	;volatile
   932     00F8                     l790:
   933                           
   934                           ;timers.c: 18:     TMR0 = 6;
   935     00F8  3006               	movlw	6
   936     00F9  1283               	bcf	3,5	;RP0=0, select bank0
   937     00FA  1303               	bcf	3,6	;RP1=0, select bank0
   938     00FB  0081               	movwf	1	;volatile
   939     00FC                     l792:
   940                           
   941                           ;timers.c: 21:     TMR0IE = 1;
   942     00FC  168B               	bsf	11,5	;volatile
   943     00FD                     l54:
   944     00FD  0008               	return
   945     00FE                     __end_of_init_timer0:
   946                           
   947                           	psect	text5
   948     00FE                     __ptext5:	
   949 ;; *************** function _init_digital_keypad *****************
   950 ;; Defined at:
   951 ;;		line 10 in file "digital_keypad.c"
   952 ;; Parameters:    Size  Location     Type
   953 ;;		None
   954 ;; Auto vars:     Size  Location     Type
   955 ;;		None
   956 ;; Return value:  Size  Location     Type
   957 ;;                  1    wreg      void 
   958 ;; Registers used:
   959 ;;		wreg, status,2
   960 ;; Tracked objects:
   961 ;;		On entry : 0/0
   962 ;;		On exit  : 0/0
   963 ;;		Unchanged: 0/0
   964 ;; Data sizes:     COMMON   BANK0   BANK1   BANK3   BANK2
   965 ;;      Params:         0       0       0       0       0
   966 ;;      Locals:         0       0       0       0       0
   967 ;;      Temps:          0       0       0       0       0
   968 ;;      Totals:         0       0       0       0       0
   969 ;;Total ram usage:        0 bytes
   970 ;; Hardware stack levels used: 1
   971 ;; Hardware stack levels required when called: 1
   972 ;; This function calls:
   973 ;;		Nothing
   974 ;; This function is called by:
   975 ;;		_init_config
   976 ;; This function uses a non-reentrant model
   977 ;;
   978                           
   979     00FE                     _init_digital_keypad:	
   980                           ;psect for function _init_digital_keypad
   981                           
   982     00FE                     l786:	
   983                           ;incstack = 0
   984                           ; Regs used in _init_digital_keypad: [wreg+status,2]
   985                           
   986                           
   987                           ;digital_keypad.c: 13:     TRISB = TRISB | 0x3F;
   988     00FE  1683               	bsf	3,5	;RP0=1, select bank1
   989     00FF  1303               	bcf	3,6	;RP1=0, select bank1
   990     0100  0806               	movf	6,w	;volatile
   991     0101  383F               	iorlw	63
   992     0102  0086               	movwf	6	;volatile
   993     0103                     l76:
   994     0103  0008               	return
   995     0104                     __end_of_init_digital_keypad:
   996                           
   997                           	psect	text6
   998     00B9                     __ptext6:	
   999 ;; *************** function _isr *****************
  1000 ;; Defined at:
  1001 ;;		line 11 in file "isr.c"
  1002 ;; Parameters:    Size  Location     Type
  1003 ;;		None
  1004 ;; Auto vars:     Size  Location     Type
  1005 ;;		None
  1006 ;; Return value:  Size  Location     Type
  1007 ;;                  1    wreg      void 
  1008 ;; Registers used:
  1009 ;;		wreg, status,2, status,0
  1010 ;; Tracked objects:
  1011 ;;		On entry : 0/0
  1012 ;;		On exit  : 0/0
  1013 ;;		Unchanged: 0/0
  1014 ;; Data sizes:     COMMON   BANK0   BANK1   BANK3   BANK2
  1015 ;;      Params:         0       0       0       0       0
  1016 ;;      Locals:         0       0       0       0       0
  1017 ;;      Temps:          2       0       0       0       0
  1018 ;;      Totals:         2       0       0       0       0
  1019 ;;Total ram usage:        2 bytes
  1020 ;; Hardware stack levels used: 1
  1021 ;; This function calls:
  1022 ;;		Nothing
  1023 ;; This function is called by:
  1024 ;;		Interrupt level 1
  1025 ;; This function uses a non-reentrant model
  1026 ;;
  1027                           
  1028     00B9                     _isr:	
  1029                           ;psect for function _isr
  1030                           
  1031     00B9                     i1l750:
  1032                           
  1033                           ;isr.c: 13:     static unsigned int count = 0;;isr.c: 15:     if (TMR0IF == 1)
  1034     00B9  1D0B               	btfss	11,2	;volatile
  1035     00BA  28BC               	goto	u11_21
  1036     00BB  28BD               	goto	u11_20
  1037     00BC                     u11_21:
  1038     00BC  28DA               	goto	i1l69
  1039     00BD                     u11_20:
  1040     00BD                     i1l752:
  1041                           
  1042                           ;isr.c: 16:     {;isr.c: 18:         TMR0 = TMR0 + 6 + 2;
  1043     00BD  1283               	bcf	3,5	;RP0=0, select bank0
  1044     00BE  1303               	bcf	3,6	;RP1=0, select bank0
  1045     00BF  0801               	movf	1,w	;volatile
  1046     00C0  3E08               	addlw	8
  1047     00C1  0081               	movwf	1	;volatile
  1048                           
  1049                           ;isr.c: 20:         if (++count == 20000)
  1050     00C2  3001               	movlw	1
  1051     00C3  07F0               	addwf	isr@count,f
  1052     00C4  1803               	skipnc
  1053     00C5  0AF1               	incf	isr@count+1,f
  1054     00C6  3000               	movlw	0
  1055     00C7  07F1               	addwf	isr@count+1,f
  1056     00C8  3020               	movlw	32
  1057     00C9  0670               	xorwf	isr@count,w
  1058     00CA  304E               	movlw	78
  1059     00CB  1903               	skipnz
  1060     00CC  0671               	xorwf	isr@count+1,w
  1061     00CD  1D03               	btfss	3,2
  1062     00CE  28D0               	goto	u12_21
  1063     00CF  28D1               	goto	u12_20
  1064     00D0                     u12_21:
  1065     00D0  28D9               	goto	i1l758
  1066     00D1                     u12_20:
  1067     00D1                     i1l754:
  1068                           
  1069                           ;isr.c: 21:         {;isr.c: 22:             count = 0;
  1070     00D1  01F0               	clrf	isr@count
  1071     00D2  01F1               	clrf	isr@count+1
  1072     00D3                     i1l756:
  1073                           
  1074                           ;isr.c: 24:             sec++;
  1075     00D3  3001               	movlw	1
  1076     00D4  07F4               	addwf	_sec,f
  1077     00D5  1803               	skipnc
  1078     00D6  0AF5               	incf	_sec+1,f
  1079     00D7  3000               	movlw	0
  1080     00D8  07F5               	addwf	_sec+1,f
  1081     00D9                     i1l758:
  1082                           
  1083                           ;isr.c: 27:         TMR0IF = 0;
  1084     00D9  110B               	bcf	11,2	;volatile
  1085     00DA                     i1l69:
  1086     00DA  087A               	movf	??_isr+1,w
  1087     00DB  008A               	movwf	10
  1088     00DC  0E79               	swapf	??_isr,w
  1089     00DD  0083               	movwf	3
  1090     00DE  0EFE               	swapf	btemp,f
  1091     00DF  0E7E               	swapf	btemp,w
  1092     00E0  0009               	retfie
  1093     00E1                     __end_of_isr:
  1094     007E                     btemp	set	126	;btemp
  1095     007E                     wtemp0	set	126
  1096                           
  1097                           	psect	intentry
  1098     0004                     __pintentry:	
  1099                           ;incstack = 0
  1100                           ; Regs used in _isr: [wreg+status,2+status,0]
  1101                           
  1102     0004                     interrupt_function:
  1103     007E                     saved_w	set	btemp
  1104     0004  00FE               	movwf	btemp
  1105     0005  0E03               	swapf	3,w
  1106     0006  00F9               	movwf	??_isr
  1107     0007  080A               	movf	10,w
  1108     0008  00FA               	movwf	??_isr+1
  1109     0009  120A  118A  28B9   	ljmp	_isr
  1110                           
  1111                           	psect	config
  1112                           
  1113                           ;Config register CONFIG @ 0x2007
  1114                           ;	Oscillator Selection bits
  1115                           ;	FOSC = 0x3, unprogrammed default
  1116                           ;	Watchdog Timer Enable bit
  1117                           ;	WDTE = OFF, WDT disabled
  1118                           ;	Power-up Timer Enable bit
  1119                           ;	PWRTE = 0x1, unprogrammed default
  1120                           ;	Brown-out Reset Enable bit
  1121                           ;	BOREN = 0x1, unprogrammed default
  1122                           ;	Low-Voltage (Single-Supply) In-Circuit Serial Programming Enable bit
  1123                           ;	LVP = 0x1, unprogrammed default
  1124                           ;	Data EEPROM Memory Code Protection bit
  1125                           ;	CPD = 0x1, unprogrammed default
  1126                           ;	Flash Program Memory Write Enable bits
  1127                           ;	WRT = 0x3, unprogrammed default
  1128                           ;	In-Circuit Debugger Mode bit
  1129                           ;	DEBUG = 0x1, unprogrammed default
  1130                           ;	Flash Program Memory Code Protection bit
  1131                           ;	CP = 0x1, unprogrammed default
  1132     2007                     	org	8199
  1133     2007  3FFB               	dw	16379

Data Sizes:
    Strings     0
    Constant    0
    Data        3
    BSS         6
    Persistent  0
    Stack       0

Auto Spaces:
    Space          Size  Autos    Used
    COMMON           14      3      12
    BANK0            80      3       3
    BANK1            80      0       0
    BANK3            96      0       0
    BANK2            96      0       0

Pointer List with Targets:

    None.

Critical Paths under _main in COMMON

    _main->_read_digital_keypad

Critical Paths under _isr in COMMON

    None.

Critical Paths under _main in BANK0

    _main->_software_pwm

Critical Paths under _isr in BANK0

    None.

Critical Paths under _main in BANK1

    None.

Critical Paths under _isr in BANK1

    None.

Critical Paths under _main in BANK3

    None.

Critical Paths under _isr in BANK3

    None.

Critical Paths under _main in BANK2

    None.

Critical Paths under _isr in BANK2

    None.

Call Graph Tables:

 ---------------------------------------------------------------------------------
 (Depth) Function   	        Calls       Base Space   Used Autos Params    Refs
 ---------------------------------------------------------------------------------
 (0) _main                                                 1     1      0     208
                                              2 BANK0      1     1      0
                        _init_config
                _read_digital_keypad
                       _software_pwm
 ---------------------------------------------------------------------------------
 (1) _software_pwm                                         2     0      2     152
                                              0 BANK0      2     0      2
 ---------------------------------------------------------------------------------
 (1) _read_digital_keypad                                  2     2      0      22
                                              2 COMMON     1     1      0
                                              0 BANK0      1     1      0
 ---------------------------------------------------------------------------------
 (1) _init_config                                          0     0      0       0
                _init_digital_keypad
                        _init_timer0
 ---------------------------------------------------------------------------------
 (2) _init_timer0                                          0     0      0       0
 ---------------------------------------------------------------------------------
 (2) _init_digital_keypad                                  0     0      0       0
 ---------------------------------------------------------------------------------
 Estimated maximum stack depth 2
 ---------------------------------------------------------------------------------
 (Depth) Function   	        Calls       Base Space   Used Autos Params    Refs
 ---------------------------------------------------------------------------------
 (3) _isr                                                  2     2      0       0
                                              0 COMMON     2     2      0
 ---------------------------------------------------------------------------------
 Estimated maximum stack depth 3
 ---------------------------------------------------------------------------------

 Call Graph Graphs:

 _main (ROOT)
   _init_config
     _init_digital_keypad
     _init_timer0
   _read_digital_keypad
   _software_pwm

 _isr (ROOT)

 Address spaces:
Name               Size   Autos  Total    Cost      Usage
BANK3               60      0       0       9        0.0%
BITBANK3            60      0       0       8        0.0%
SFR3                 0      0       0       4        0.0%
BITSFR3              0      0       0       4        0.0%
BANK2               60      0       0      11        0.0%
BITBANK2            60      0       0      10        0.0%
SFR2                 0      0       0       5        0.0%
BITSFR2              0      0       0       5        0.0%
BANK1               50      0       0       7        0.0%
BITBANK1            50      0       0       6        0.0%
SFR1                 0      0       0       2        0.0%
BITSFR1              0      0       0       2        0.0%
BANK0               50      3       3       5        3.8%
BITBANK0            50      0       0       4        0.0%
SFR0                 0      0       0       1        0.0%
BITSFR0              0      0       0       1        0.0%
COMMON               E      3       C       1       85.7%
BITCOMMON            E      0       0       0        0.0%
CODE                 0      0       0       0        0.0%
DATA                 0      0       F      12        0.0%
ABS                  0      0       F       3        0.0%
NULL                 0      0       0       0        0.0%
STACK                0      0       0       2        0.0%
EEDATA             100      0       0       0        0.0%


Microchip Technology PIC Macro Assembler V2.40 build 20220703182018 
Symbol Table                                                                                   Thu Oct 06 16:17:20 2022

                         l32 00F3                           l29 0090                           l37 0030  
                         l54 00FD                           l38 004E                           l82 00B8  
                         l76 0103                          l800 0080                          l810 00EC  
                        l802 0081                          l812 00F1                          l804 008E  
                        l814 00F2                          l806 00E1                          l808 00E7  
                        l840 00B7                          l824 009C                          l816 0094  
                        l826 00A5                          l818 0099                          l850 0041  
                        l828 00AA                          l836 00AC                          l852 004A  
                        l844 002B                          l790 00F8                          l838 00B5  
                        l854 0057                          l846 0039                          l792 00FC  
                        l856 005B                          l848 003F                          l786 00FE  
                        l794 0068                          l788 00F4                          l796 0074  
                        l798 0076                          _GIE 005F                          _RD0 0040  
                        u200 0080                          u201 007F                          u210 008E  
                        u211 008D                          u220 0099                          u221 0098  
                        u205 007C                          u230 00A5                          u231 00A4  
                        u240 00AA                          u241 00A9                          u250 00B5  
                        u251 00B4                          u260 003F                          u261 003E  
                        u190 0074                          u270 004A                          u191 0073  
                        u271 0049                          u280 0057                          u281 0056  
                        u195 0070                          _PSA 040B                          _sec 0074  
                        _isr 00B9                 _software_pwm 0068        ??_read_digital_keypad 007B  
                       ?_isr 0079                         _T0CS 040D                         _PEIE 005E  
                       i1l69 00DA                         _TMR0 0001                         _main 002B  
                       btemp 007E                         start 000C                        ??_isr 0079  
                      ?_main 0079                 ?_init_config 0079                        i1l750 00B9  
                      i1l752 00BD                        i1l754 00D1                        i1l756 00D3  
                      i1l758 00D9                        u11_20 00BD                        u11_21 00BC  
                      u12_20 00D1                        u12_21 00D0                        _PORTB 0006  
                      _PORTD 0008                        _TRISB 0086                        _TRISD 0088  
               ?_init_timer0 0079                        pclath 000A                        status 0003  
                      wtemp0 007E              __initialization 000F                 __end_of_main 0068  
                     ??_main 007C                       _TMR0IE 005D                       _TMR0IF 005A  
__end_of_init_digital_keypad 0104                 __pdataCOMMON 0076                       saved_w 007E  
    __end_of__initialization 0027               __pcstackCOMMON 0079                   __pmaintext 002B  
                 __pintentry 0004  __end_of_read_digital_keypad 00B9                      __ptext1 0068  
                    __ptext2 0091                      __ptext3 00E1                      __ptext4 00F4  
                    __ptext5 00FE                      __ptext6 00B9                   _duty_cycle 0076  
                    main@key 0022         end_of_initialization 0027                __pidataCOMMON 0104  
              ?_software_pwm 0020          start_initialization 000F                  __end_of_isr 00E1  
              ??_init_config 007B               ??_software_pwm 007B                ??_init_timer0 007B  
                __pbssCOMMON 0070                    ___latbits 0002                __pcstackBANK0 0020  
        __end_of_init_config 00F4       software_pwm@duty_cycle 0020          __end_of_init_timer0 00FE  
          interrupt_function 0004          _init_digital_keypad 00FE         __end_of_software_pwm 0091  
       ?_init_digital_keypad 0079                  _init_config 00E1                  _init_timer0 00F4  
    read_digital_keypad@mode 0020      read_digital_keypad@once 0078        ??_init_digital_keypad 007B  
                   isr@count 0070                     intlevel1 0000     software_pwm@loop_counter 0072  
        _read_digital_keypad 0091         ?_read_digital_keypad 0079  
