

Microchip MPLAB XC8 Assembler V2.40 build 20220703182018 
                                                                                               Sun Oct 16 17:35:27 2022

Microchip MPLAB XC8 C Compiler v2.40 (Free license) build 20220703182018 Og1 
     1                           	processor	16F877A
     2                           	pagewidth 120
     3                           	opt	flic
     4                           	psect	idataCOMMON,global,class=CODE,delta=2,noexec
     5                           	psect	idataBANK0,global,class=CODE,delta=2,noexec
     6                           	psect	cinit,global,class=CODE,merge=1,delta=2
     7                           	psect	bssCOMMON,global,class=COMMON,space=1,delta=1,noexec
     8                           	psect	dataCOMMON,global,class=COMMON,space=1,delta=1,noexec
     9                           	psect	dataBANK0,global,class=BANK0,space=1,delta=1,noexec
    10                           	psect	cstackCOMMON,global,class=COMMON,space=1,delta=1,noexec
    11                           	psect	cstackBANK0,global,class=BANK0,space=1,delta=1,noexec
    12                           	psect	maintext,global,class=CODE,split=1,delta=2
    13                           	psect	text1,local,class=CODE,merge=1,delta=2
    14                           	psect	text2,local,class=CODE,merge=1,delta=2
    15                           	psect	text3,local,class=CODE,merge=1,delta=2
    16                           	psect	text4,local,class=CODE,merge=1,delta=2
    17                           	psect	text5,local,class=CODE,merge=1,delta=2
    18                           	psect	intentry,global,class=CODE,delta=2
    19                           	psect	config,global,abs,ovrld,class=CONFIG,space=4,delta=2,noexec
    20                           	dabs	1,0x7E,2
    21     0000                     
    22                           ; Version 2.20
    23                           ; Generated 12/02/2020 GMT
    24                           ; 
    25                           ; Copyright © 2020, Microchip Technology Inc. and its subsidiaries ("Microchip")
    26                           ; All rights reserved.
    27                           ; 
    28                           ; This software is developed by Microchip Technology Inc. and its subsidiaries ("Microch
      +                          ip").
    29                           ; 
    30                           ; Redistribution and use in source and binary forms, with or without modification, are
    31                           ; permitted provided that the following conditions are met:
    32                           ; 
    33                           ;     1. Redistributions of source code must retain the above copyright notice, this lis
      +                          t of
    34                           ;        conditions and the following disclaimer.
    35                           ; 
    36                           ;     2. Redistributions in binary form must reproduce the above copyright notice, this 
      +                          list
    37                           ;        of conditions and the following disclaimer in the documentation and/or other
    38                           ;        materials provided with the distribution.
    39                           ; 
    40                           ;     3. Microchip's name may not be used to endorse or promote products derived from th
      +                          is
    41                           ;        software without specific prior written permission.
    42                           ; 
    43                           ; THIS SOFTWARE IS PROVIDED BY MICROCHIP "AS IS" AND ANY EXPRESS OR IMPLIED WARRANTIES,
    44                           ; INCLUDING, BUT NOT LIMITED TO, THE IMPLIED WARRANTIES OF MERCHANTABILITY AND FITNESS F
      +                          OR
    45                           ; PURPOSE ARE DISCLAIMED.  IN NO EVENT SHALL MICROCHIP BE LIABLE FOR ANY DIRECT, INDIREC
      +                          T,
    46                           ; INCIDENTAL, SPECIAL, EXEMPLARY, OR CONSEQUENTIAL DAMAGES (INCLUDING BUT NOT LIMITED TO
    47                           ; PROCUREMENT OF SUBSTITUTE GOODS OR SERVICES; LOSS OF USE, DATA OR PROFITS; OR BUSINESS
    48                           ; INTERRUPTION) HOWSOEVER CAUSED AND ON ANY THEORY OF LIABILITY, WHETHER IN CONTRACT, ST
      +                          RICT
    49                           ; LIABILITY, OR TORT (INCLUDING NEGLIGENCE OR OTHERWISE) ARISING IN ANY WAY OUT OF THE U
      +                          SE OF
    50                           ; THIS SOFTWARE, EVEN IF ADVISED OF THE POSSIBILITY OF SUCH DAMAGE.
    51                           ; 
    52                           ; 
    53                           ; Code-generator required, PIC16F877A Definitions
    54                           ; 
    55                           ; SFR Addresses
    56     0000                     	;# 
    57     0001                     	;# 
    58     0002                     	;# 
    59     0003                     	;# 
    60     0004                     	;# 
    61     0005                     	;# 
    62     0006                     	;# 
    63     0007                     	;# 
    64     0008                     	;# 
    65     0009                     	;# 
    66     000A                     	;# 
    67     000B                     	;# 
    68     000C                     	;# 
    69     000D                     	;# 
    70     000E                     	;# 
    71     000E                     	;# 
    72     000F                     	;# 
    73     0010                     	;# 
    74     0011                     	;# 
    75     0012                     	;# 
    76     0013                     	;# 
    77     0014                     	;# 
    78     0015                     	;# 
    79     0015                     	;# 
    80     0016                     	;# 
    81     0017                     	;# 
    82     0018                     	;# 
    83     0019                     	;# 
    84     001A                     	;# 
    85     001B                     	;# 
    86     001B                     	;# 
    87     001C                     	;# 
    88     001D                     	;# 
    89     001E                     	;# 
    90     001F                     	;# 
    91     0081                     	;# 
    92     0085                     	;# 
    93     0086                     	;# 
    94     0087                     	;# 
    95     0088                     	;# 
    96     0089                     	;# 
    97     008C                     	;# 
    98     008D                     	;# 
    99     008E                     	;# 
   100     0091                     	;# 
   101     0092                     	;# 
   102     0093                     	;# 
   103     0094                     	;# 
   104     0098                     	;# 
   105     0099                     	;# 
   106     009C                     	;# 
   107     009D                     	;# 
   108     009E                     	;# 
   109     009F                     	;# 
   110     010C                     	;# 
   111     010D                     	;# 
   112     010E                     	;# 
   113     010F                     	;# 
   114     018C                     	;# 
   115     018D                     	;# 
   116     0000                     	;# 
   117     0001                     	;# 
   118     0002                     	;# 
   119     0003                     	;# 
   120     0004                     	;# 
   121     0005                     	;# 
   122     0006                     	;# 
   123     0007                     	;# 
   124     0008                     	;# 
   125     0009                     	;# 
   126     000A                     	;# 
   127     000B                     	;# 
   128     000C                     	;# 
   129     000D                     	;# 
   130     000E                     	;# 
   131     000E                     	;# 
   132     000F                     	;# 
   133     0010                     	;# 
   134     0011                     	;# 
   135     0012                     	;# 
   136     0013                     	;# 
   137     0014                     	;# 
   138     0015                     	;# 
   139     0015                     	;# 
   140     0016                     	;# 
   141     0017                     	;# 
   142     0018                     	;# 
   143     0019                     	;# 
   144     001A                     	;# 
   145     001B                     	;# 
   146     001B                     	;# 
   147     001C                     	;# 
   148     001D                     	;# 
   149     001E                     	;# 
   150     001F                     	;# 
   151     0081                     	;# 
   152     0085                     	;# 
   153     0086                     	;# 
   154     0087                     	;# 
   155     0088                     	;# 
   156     0089                     	;# 
   157     008C                     	;# 
   158     008D                     	;# 
   159     008E                     	;# 
   160     0091                     	;# 
   161     0092                     	;# 
   162     0093                     	;# 
   163     0094                     	;# 
   164     0098                     	;# 
   165     0099                     	;# 
   166     009C                     	;# 
   167     009D                     	;# 
   168     009E                     	;# 
   169     009F                     	;# 
   170     010C                     	;# 
   171     010D                     	;# 
   172     010E                     	;# 
   173     010F                     	;# 
   174     018C                     	;# 
   175     018D                     	;# 
   176     0000                     	;# 
   177     0001                     	;# 
   178     0002                     	;# 
   179     0003                     	;# 
   180     0004                     	;# 
   181     0005                     	;# 
   182     0006                     	;# 
   183     0007                     	;# 
   184     0008                     	;# 
   185     0009                     	;# 
   186     000A                     	;# 
   187     000B                     	;# 
   188     000C                     	;# 
   189     000D                     	;# 
   190     000E                     	;# 
   191     000E                     	;# 
   192     000F                     	;# 
   193     0010                     	;# 
   194     0011                     	;# 
   195     0012                     	;# 
   196     0013                     	;# 
   197     0014                     	;# 
   198     0015                     	;# 
   199     0015                     	;# 
   200     0016                     	;# 
   201     0017                     	;# 
   202     0018                     	;# 
   203     0019                     	;# 
   204     001A                     	;# 
   205     001B                     	;# 
   206     001B                     	;# 
   207     001C                     	;# 
   208     001D                     	;# 
   209     001E                     	;# 
   210     001F                     	;# 
   211     0081                     	;# 
   212     0085                     	;# 
   213     0086                     	;# 
   214     0087                     	;# 
   215     0088                     	;# 
   216     0089                     	;# 
   217     008C                     	;# 
   218     008D                     	;# 
   219     008E                     	;# 
   220     0091                     	;# 
   221     0092                     	;# 
   222     0093                     	;# 
   223     0094                     	;# 
   224     0098                     	;# 
   225     0099                     	;# 
   226     009C                     	;# 
   227     009D                     	;# 
   228     009E                     	;# 
   229     009F                     	;# 
   230     010C                     	;# 
   231     010D                     	;# 
   232     010E                     	;# 
   233     010F                     	;# 
   234     018C                     	;# 
   235     018D                     	;# 
   236     0000                     	;# 
   237     0001                     	;# 
   238     0002                     	;# 
   239     0003                     	;# 
   240     0004                     	;# 
   241     0005                     	;# 
   242     0006                     	;# 
   243     0007                     	;# 
   244     0008                     	;# 
   245     0009                     	;# 
   246     000A                     	;# 
   247     000B                     	;# 
   248     000C                     	;# 
   249     000D                     	;# 
   250     000E                     	;# 
   251     000E                     	;# 
   252     000F                     	;# 
   253     0010                     	;# 
   254     0011                     	;# 
   255     0012                     	;# 
   256     0013                     	;# 
   257     0014                     	;# 
   258     0015                     	;# 
   259     0015                     	;# 
   260     0016                     	;# 
   261     0017                     	;# 
   262     0018                     	;# 
   263     0019                     	;# 
   264     001A                     	;# 
   265     001B                     	;# 
   266     001B                     	;# 
   267     001C                     	;# 
   268     001D                     	;# 
   269     001E                     	;# 
   270     001F                     	;# 
   271     0081                     	;# 
   272     0085                     	;# 
   273     0086                     	;# 
   274     0087                     	;# 
   275     0088                     	;# 
   276     0089                     	;# 
   277     008C                     	;# 
   278     008D                     	;# 
   279     008E                     	;# 
   280     0091                     	;# 
   281     0092                     	;# 
   282     0093                     	;# 
   283     0094                     	;# 
   284     0098                     	;# 
   285     0099                     	;# 
   286     009C                     	;# 
   287     009D                     	;# 
   288     009E                     	;# 
   289     009F                     	;# 
   290     010C                     	;# 
   291     010D                     	;# 
   292     010E                     	;# 
   293     010F                     	;# 
   294     018C                     	;# 
   295     018D                     	;# 
   296     0000                     	;# 
   297     0001                     	;# 
   298     0002                     	;# 
   299     0003                     	;# 
   300     0004                     	;# 
   301     0005                     	;# 
   302     0006                     	;# 
   303     0007                     	;# 
   304     0008                     	;# 
   305     0009                     	;# 
   306     000A                     	;# 
   307     000B                     	;# 
   308     000C                     	;# 
   309     000D                     	;# 
   310     000E                     	;# 
   311     000E                     	;# 
   312     000F                     	;# 
   313     0010                     	;# 
   314     0011                     	;# 
   315     0012                     	;# 
   316     0013                     	;# 
   317     0014                     	;# 
   318     0015                     	;# 
   319     0015                     	;# 
   320     0016                     	;# 
   321     0017                     	;# 
   322     0018                     	;# 
   323     0019                     	;# 
   324     001A                     	;# 
   325     001B                     	;# 
   326     001B                     	;# 
   327     001C                     	;# 
   328     001D                     	;# 
   329     001E                     	;# 
   330     001F                     	;# 
   331     0081                     	;# 
   332     0085                     	;# 
   333     0086                     	;# 
   334     0087                     	;# 
   335     0088                     	;# 
   336     0089                     	;# 
   337     008C                     	;# 
   338     008D                     	;# 
   339     008E                     	;# 
   340     0091                     	;# 
   341     0092                     	;# 
   342     0093                     	;# 
   343     0094                     	;# 
   344     0098                     	;# 
   345     0099                     	;# 
   346     009C                     	;# 
   347     009D                     	;# 
   348     009E                     	;# 
   349     009F                     	;# 
   350     010C                     	;# 
   351     010D                     	;# 
   352     010E                     	;# 
   353     010F                     	;# 
   354     018C                     	;# 
   355     018D                     	;# 
   356                           
   357                           	psect	idataCOMMON
   358     012E                     __pidataCOMMON:
   359                           
   360                           ;initializer for read_digital_keypad@once
   361     012E  3401               	retlw	1
   362                           
   363                           	psect	idataBANK0
   364     012C                     __pidataBANK0:
   365                           
   366                           ;initializer for _duty_cycle
   367     012C  3432               	retlw	50
   368     012D  3400               	retlw	0
   369     0006                     _PORTB	set	6
   370     0001                     _TMR0	set	1
   371     0008                     _PORTD	set	8
   372     0040                     _RD0	set	64
   373     005A                     _TMR0IF	set	90
   374     005D                     _TMR0IE	set	93
   375     005F                     _GIE	set	95
   376     0086                     _TRISB	set	134
   377     0088                     _TRISD	set	136
   378     040B                     _PSA	set	1035
   379     040D                     _T0CS	set	1037
   380                           
   381                           	psect	cinit
   382     000F                     start_initialization:	
   383                           ; #config settings
   384                           
   385     000F                     __initialization:
   386                           
   387                           ; Initialize objects allocated to BANK0
   388     000F  120A  118A  212C  120A  118A  	fcall	__pidataBANK0	;fetch initializer
   389     0014  00A5               	movwf	__pdataBANK0& (0+127)
   390     0015  120A  118A  212D  120A  118A  	fcall	__pidataBANK0+1	;fetch initializer
   391     001A  00A6               	movwf	(__pdataBANK0+1)& (0+127)
   392                           
   393                           ; Initialize objects allocated to COMMON
   394     001B  120A  118A  212E  120A  118A  	fcall	__pidataCOMMON	;fetch initializer
   395     0020  00FA               	movwf	__pdataCOMMON& (0+127)
   396                           
   397                           ; Clear objects allocated to COMMON
   398     0021  01F8               	clrf	__pbssCOMMON& (0+127)
   399     0022  01F9               	clrf	(__pbssCOMMON+1)& (0+127)
   400     0023                     end_of_initialization:	
   401                           ;End of C runtime variable initialization code
   402                           
   403     0023                     __end_of__initialization:
   404     0023  0183               	clrf	3
   405     0024  120A  118A  2827   	ljmp	_main	;jump to C main() function
   406                           
   407                           	psect	bssCOMMON
   408     0078                     __pbssCOMMON:
   409     0078                     isr@loop_counter:
   410     0078                     	ds	2
   411                           
   412                           	psect	dataCOMMON
   413     007A                     __pdataCOMMON:
   414     007A                     read_digital_keypad@once:
   415     007A                     	ds	1
   416                           
   417                           	psect	dataBANK0
   418     0025                     __pdataBANK0:
   419     0025                     _duty_cycle:
   420     0025                     	ds	2
   421                           
   422                           	psect	cstackCOMMON
   423     0070                     __pcstackCOMMON:
   424     0070                     ?_init_timer0:
   425     0070                     ?_init_digital_keypad:	
   426                           ; 1 bytes @ 0x0
   427                           
   428     0070                     ?_read_digital_keypad:	
   429                           ; 1 bytes @ 0x0
   430                           
   431     0070                     ?_init_config:	
   432                           ; 1 bytes @ 0x0
   433                           
   434     0070                     ?_main:	
   435                           ; 1 bytes @ 0x0
   436                           
   437     0070                     ?_isr:	
   438                           ; 1 bytes @ 0x0
   439                           
   440     0070                     ??_isr:	
   441                           ; 1 bytes @ 0x0
   442                           
   443                           
   444                           ; 1 bytes @ 0x0
   445     0070                     	ds	2
   446     0072                     ??_init_timer0:
   447     0072                     ??_init_digital_keypad:	
   448                           ; 1 bytes @ 0x2
   449                           
   450     0072                     ??_read_digital_keypad:	
   451                           ; 1 bytes @ 0x2
   452                           
   453     0072                     ??_init_config:	
   454                           ; 1 bytes @ 0x2
   455                           
   456                           
   457                           ; 1 bytes @ 0x2
   458     0072                     	ds	1
   459     0073                     read_digital_keypad@mode:
   460                           
   461                           ; 1 bytes @ 0x3
   462     0073                     	ds	1
   463     0074                     ??_main:
   464                           
   465                           ; 1 bytes @ 0x4
   466     0074                     	ds	4
   467                           
   468                           	psect	cstackBANK0
   469     0020                     __pcstackBANK0:
   470     0020                     main@wait:
   471                           
   472                           ; 4 bytes @ 0x0
   473     0020                     	ds	4
   474     0024                     main@key:
   475                           
   476                           ; 1 bytes @ 0x4
   477     0024                     	ds	1
   478                           
   479                           	psect	maintext
   480     0027                     __pmaintext:	
   481 ;;
   482 ;;Main: autosize = 0, tempsize = 4, incstack = 0, save=0
   483 ;;
   484 ;; *************** function _main *****************
   485 ;; Defined at:
   486 ;;		line 30 in file "main.c"
   487 ;; Parameters:    Size  Location     Type
   488 ;;		None
   489 ;; Auto vars:     Size  Location     Type
   490 ;;  wait            4    0[BANK0 ] unsigned long 
   491 ;;  key             1    4[BANK0 ] unsigned char 
   492 ;; Return value:  Size  Location     Type
   493 ;;                  1    wreg      void 
   494 ;; Registers used:
   495 ;;		wreg, status,2, status,0, pclath, cstack
   496 ;; Tracked objects:
   497 ;;		On entry : B00/0
   498 ;;		On exit  : 0/0
   499 ;;		Unchanged: 0/0
   500 ;; Data sizes:     COMMON   BANK0   BANK1   BANK3   BANK2
   501 ;;      Params:         0       0       0       0       0
   502 ;;      Locals:         0       5       0       0       0
   503 ;;      Temps:          4       0       0       0       0
   504 ;;      Totals:         4       5       0       0       0
   505 ;;Total ram usage:        9 bytes
   506 ;; Hardware stack levels required when called: 3
   507 ;; This function calls:
   508 ;;		_init_config
   509 ;;		_read_digital_keypad
   510 ;; This function is called by:
   511 ;;		Startup code after reset
   512 ;; This function uses a non-reentrant model
   513 ;;
   514                           
   515     0027                     _main:	
   516                           ;psect for function _main
   517                           
   518     0027                     l798:	
   519                           ;incstack = 0
   520                           ; Regs used in _main: [wreg+status,2+status,0+pclath+cstack]
   521                           
   522                           
   523                           ;main.c: 32:             };main.c: 33: 
   524     0027  3000               	movlw	0
   525     0028  1283               	bcf	3,5	;RP0=0, select bank0
   526     0029  1303               	bcf	3,6	;RP1=0, select bank0
   527     002A  00A3               	movwf	main@wait+3
   528     002B  3000               	movlw	0
   529     002C  00A2               	movwf	main@wait+2
   530     002D  3001               	movlw	1
   531     002E  00A1               	movwf	main@wait+1
   532     002F  30F4               	movlw	244
   533     0030  00A0               	movwf	main@wait
   534     0031                     l800:
   535                           
   536                           ;main.c: 34:             if(key == 0x3D)
   537     0031  120A  118A  210A  120A  118A  	fcall	_init_config
   538     0036                     l802:
   539                           
   540                           ;main.c: 38:                     duty_cycle--;
   541     0036  3000               	movlw	0
   542     0037  120A  118A  20E0  120A  118A  	fcall	_read_digital_keypad
   543     003C  1283               	bcf	3,5	;RP0=0, select bank0
   544     003D  1303               	bcf	3,6	;RP1=0, select bank0
   545     003E  00A4               	movwf	main@key
   546     003F                     l804:
   547                           
   548                           ;main.c: 40:             }
   549     003F  3001               	movlw	1
   550     0040  00F4               	movwf	??_main
   551     0041  3000               	movlw	0
   552     0042  00F5               	movwf	??_main+1
   553     0043  3000               	movlw	0
   554     0044  00F6               	movwf	??_main+2
   555     0045  3000               	movlw	0
   556     0046  00F7               	movwf	??_main+3
   557     0047  0874               	movf	??_main,w
   558     0048  02A0               	subwf	main@wait,f
   559     0049  0875               	movf	??_main+1,w
   560     004A  1C03               	skipc
   561     004B  0F75               	incfsz	??_main+1,w
   562     004C  284E               	goto	u195
   563     004D  284F               	goto	u196
   564     004E                     u195:
   565     004E  02A1               	subwf	main@wait+1,f
   566     004F                     u196:
   567     004F  0876               	movf	??_main+2,w
   568     0050  1C03               	skipc
   569     0051  0F76               	incfsz	??_main+2,w
   570     0052  2854               	goto	u197
   571     0053  2855               	goto	u198
   572     0054                     u197:
   573     0054  02A2               	subwf	main@wait+2,f
   574     0055                     u198:
   575     0055  0877               	movf	??_main+3,w
   576     0056  1C03               	skipc
   577     0057  0F77               	incfsz	??_main+3,w
   578     0058  285A               	goto	u199
   579     0059  285B               	goto	u190
   580     005A                     u199:
   581     005A  02A3               	subwf	main@wait+3,f
   582     005B                     u190:
   583     005B  0A20               	incf	main@wait,w
   584     005C  1D03               	skipz
   585     005D  2868               	goto	u201
   586     005E  0A21               	incf	main@wait+1,w
   587     005F  1D03               	skipz
   588     0060  2868               	goto	u201
   589     0061  0A22               	incf	main@wait+2,w
   590     0062  1D03               	skipz
   591     0063  2868               	goto	u201
   592     0064  0A23               	incf	main@wait+3,w
   593     0065  1D03               	btfss	3,2
   594     0066  2868               	goto	u201
   595     0067  2869               	goto	u200
   596     0068                     u201:
   597     0068  2836               	goto	l802
   598     0069                     u200:
   599     0069                     l806:
   600                           
   601                           ;main.c: 41:         }
   602     0069  3000               	movlw	0
   603     006A  1283               	bcf	3,5	;RP0=0, select bank0
   604     006B  1303               	bcf	3,6	;RP1=0, select bank0
   605     006C  00A3               	movwf	main@wait+3
   606     006D  3000               	movlw	0
   607     006E  00A2               	movwf	main@wait+2
   608     006F  3001               	movlw	1
   609     0070  00A1               	movwf	main@wait+1
   610     0071  30F4               	movlw	244
   611     0072  00A0               	movwf	main@wait
   612     0073                     l808:
   613                           
   614                           ;main.c: 43:     return;
   615     0073  303E               	movlw	62
   616     0074  0624               	xorwf	main@key,w
   617     0075  1D03               	btfss	3,2
   618     0076  2878               	goto	u211
   619     0077  2879               	goto	u210
   620     0078                     u211:
   621     0078  2886               	goto	l814
   622     0079                     u210:
   623     0079                     l810:
   624                           
   625                           ;main.c: 44: }
   626     0079  3064               	movlw	100
   627     007A  0625               	xorwf	_duty_cycle,w
   628     007B  0426               	iorwf	_duty_cycle+1,w
   629     007C  1903               	btfsc	3,2
   630     007D  287F               	goto	u221
   631     007E  2880               	goto	u220
   632     007F                     u221:
   633     007F  2886               	goto	l814
   634     0080                     u220:
   635     0080                     l812:
   636     0080  3001               	movlw	1
   637     0081  07A5               	addwf	_duty_cycle,f
   638     0082  1803               	skipnc
   639     0083  0AA6               	incf	_duty_cycle+1,f
   640     0084  3000               	movlw	0
   641     0085  07A6               	addwf	_duty_cycle+1,f
   642     0086                     l814:
   643     0086  303D               	movlw	61
   644     0087  0624               	xorwf	main@key,w
   645     0088  1D03               	btfss	3,2
   646     0089  288B               	goto	u231
   647     008A  288C               	goto	u230
   648     008B                     u231:
   649     008B  2836               	goto	l802
   650     008C                     u230:
   651     008C                     l816:
   652     008C  0825               	movf	_duty_cycle,w
   653     008D  0426               	iorwf	_duty_cycle+1,w
   654     008E  1903               	btfsc	3,2
   655     008F  2891               	goto	u241
   656     0090  2892               	goto	u240
   657     0091                     u241:
   658     0091  2899               	goto	l23
   659     0092                     u240:
   660     0092                     l818:
   661     0092  30FF               	movlw	255
   662     0093  07A5               	addwf	_duty_cycle,f
   663     0094  1803               	skipnc
   664     0095  0AA6               	incf	_duty_cycle+1,f
   665     0096  30FF               	movlw	255
   666     0097  07A6               	addwf	_duty_cycle+1,f
   667     0098  2836               	goto	l802
   668     0099                     l23:
   669     0099  2836               	goto	l802
   670     009A  120A  118A  280C   	ljmp	start
   671     009D                     __end_of_main:
   672                           
   673                           	psect	text1
   674     00E0                     __ptext1:	
   675 ;; *************** function _read_digital_keypad *****************
   676 ;; Defined at:
   677 ;;		line 16 in file "digital_keypad.c"
   678 ;; Parameters:    Size  Location     Type
   679 ;;  mode            1    wreg     unsigned char 
   680 ;; Auto vars:     Size  Location     Type
   681 ;;  mode            1    3[COMMON] unsigned char 
   682 ;; Return value:  Size  Location     Type
   683 ;;                  1    wreg      unsigned char 
   684 ;; Registers used:
   685 ;;		wreg, status,2, status,0
   686 ;; Tracked objects:
   687 ;;		On entry : 0/0
   688 ;;		On exit  : 0/0
   689 ;;		Unchanged: 0/0
   690 ;; Data sizes:     COMMON   BANK0   BANK1   BANK3   BANK2
   691 ;;      Params:         0       0       0       0       0
   692 ;;      Locals:         1       0       0       0       0
   693 ;;      Temps:          1       0       0       0       0
   694 ;;      Totals:         2       0       0       0       0
   695 ;;Total ram usage:        2 bytes
   696 ;; Hardware stack levels used: 1
   697 ;; Hardware stack levels required when called: 1
   698 ;; This function calls:
   699 ;;		Nothing
   700 ;; This function is called by:
   701 ;;		_main
   702 ;; This function uses a non-reentrant model
   703 ;;
   704                           
   705     00E0                     _read_digital_keypad:	
   706                           ;psect for function _read_digital_keypad
   707                           
   708                           
   709                           ;incstack = 0
   710                           ; Regs used in _read_digital_keypad: [wreg+status,2+status,0]
   711                           ;read_digital_keypad@mode stored from wreg
   712     00E0  00F3               	movwf	read_digital_keypad@mode
   713     00E1                     l770:
   714                           
   715                           ;digital_keypad.c: 16: unsigned char read_digital_keypad(unsigned char mode);digital_key
      +                          pad.c: 17: {;digital_keypad.c: 18:     static unsigned char once = 1;;digital_keypad.c: 
      +                          20:     if (mode == 0)
   716     00E1  0873               	movf	read_digital_keypad@mode,w
   717     00E2  1D03               	btfss	3,2
   718     00E3  28E5               	goto	u151
   719     00E4  28E6               	goto	u150
   720     00E5                     u151:
   721     00E5  28EB               	goto	l778
   722     00E6                     u150:
   723     00E6                     l772:
   724                           
   725                           ;digital_keypad.c: 21:     {;digital_keypad.c: 22:         return PORTB & 0x3F;
   726     00E6  1283               	bcf	3,5	;RP0=0, select bank0
   727     00E7  1303               	bcf	3,6	;RP1=0, select bank0
   728     00E8  0806               	movf	6,w	;volatile
   729     00E9  393F               	andlw	63
   730     00EA  2909               	goto	l74
   731     00EB                     l778:
   732                           
   733                           ;digital_keypad.c: 25:     {;digital_keypad.c: 26:         if (((PORTB & 0x3F) != 0x3F) 
      +                          && once)
   734     00EB  303F               	movlw	63
   735     00EC  1283               	bcf	3,5	;RP0=0, select bank0
   736     00ED  1303               	bcf	3,6	;RP1=0, select bank0
   737     00EE  0506               	andwf	6,w	;volatile
   738     00EF  00F2               	movwf	??_read_digital_keypad
   739     00F0  303F               	movlw	63
   740     00F1  0672               	xorwf	??_read_digital_keypad,w
   741     00F2  1903               	btfsc	3,2
   742     00F3  28F5               	goto	u161
   743     00F4  28F6               	goto	u160
   744     00F5                     u161:
   745     00F5  28FD               	goto	l790
   746     00F6                     u160:
   747     00F6                     l780:
   748     00F6  087A               	movf	read_digital_keypad@once,w
   749     00F7  1903               	btfsc	3,2
   750     00F8  28FA               	goto	u171
   751     00F9  28FB               	goto	u170
   752     00FA                     u171:
   753     00FA  28FD               	goto	l790
   754     00FB                     u170:
   755     00FB                     l782:
   756                           
   757                           ;digital_keypad.c: 27:         {;digital_keypad.c: 28:             once = 0;
   758     00FB  01FA               	clrf	read_digital_keypad@once
   759     00FC  28E6               	goto	l772
   760     00FD                     l790:
   761     00FD  303F               	movlw	63
   762     00FE  0506               	andwf	6,w	;volatile
   763     00FF  00F2               	movwf	??_read_digital_keypad
   764     0100  303F               	movlw	63
   765     0101  0672               	xorwf	??_read_digital_keypad,w
   766     0102  1D03               	btfss	3,2
   767     0103  2905               	goto	u181
   768     0104  2906               	goto	u180
   769     0105                     u181:
   770     0105  2908               	goto	l794
   771     0106                     u180:
   772     0106                     l792:
   773                           
   774                           ;digital_keypad.c: 33:         {;digital_keypad.c: 34:             once = 1;
   775     0106  01FA               	clrf	read_digital_keypad@once
   776     0107  0AFA               	incf	read_digital_keypad@once,f
   777     0108                     l794:
   778                           
   779                           ;digital_keypad.c: 38:     return 0x3F;
   780     0108  303F               	movlw	63
   781     0109                     l74:
   782     0109  0008               	return
   783     010A                     __end_of_read_digital_keypad:
   784                           
   785                           	psect	text2
   786     010A                     __ptext2:	
   787 ;; *************** function _init_config *****************
   788 ;; Defined at:
   789 ;;		line 18 in file "main.c"
   790 ;; Parameters:    Size  Location     Type
   791 ;;		None
   792 ;; Auto vars:     Size  Location     Type
   793 ;;		None
   794 ;; Return value:  Size  Location     Type
   795 ;;                  1    wreg      void 
   796 ;; Registers used:
   797 ;;		wreg, status,2, status,0, pclath, cstack
   798 ;; Tracked objects:
   799 ;;		On entry : 0/0
   800 ;;		On exit  : 0/0
   801 ;;		Unchanged: 0/0
   802 ;; Data sizes:     COMMON   BANK0   BANK1   BANK3   BANK2
   803 ;;      Params:         0       0       0       0       0
   804 ;;      Locals:         0       0       0       0       0
   805 ;;      Temps:          0       0       0       0       0
   806 ;;      Totals:         0       0       0       0       0
   807 ;;Total ram usage:        0 bytes
   808 ;; Hardware stack levels used: 1
   809 ;; Hardware stack levels required when called: 2
   810 ;; This function calls:
   811 ;;		_init_digital_keypad
   812 ;;		_init_timer0
   813 ;; This function is called by:
   814 ;;		_main
   815 ;; This function uses a non-reentrant model
   816 ;;
   817                           
   818     010A                     _init_config:	
   819                           ;psect for function _init_config
   820                           
   821     010A                     l762:	
   822                           ;incstack = 0
   823                           ; Regs used in _init_config: [wreg+status,2+status,0+pclath+cstack]
   824                           
   825                           
   826                           ;main.c: 20: 
   827     010A  1283               	bcf	3,5	;RP0=0, select bank0
   828     010B  1303               	bcf	3,6	;RP1=0, select bank0
   829     010C  0188               	clrf	8	;volatile
   830                           
   831                           ;main.c: 21:         key = read_digital_keypad(0);
   832     010D  1683               	bsf	3,5	;RP0=1, select bank1
   833     010E  1303               	bcf	3,6	;RP1=0, select bank1
   834     010F  0188               	clrf	8	;volatile
   835     0110                     l764:
   836                           
   837                           ;main.c: 23:         if(wait-- == 0){
   838     0110  120A  118A  211C  120A  118A  	fcall	_init_timer0
   839     0115                     l766:
   840                           
   841                           ;main.c: 24:             wait = 500;
   842     0115  120A  118A  2126  120A  118A  	fcall	_init_digital_keypad
   843     011A                     l768:
   844                           
   845                           ;main.c: 27:             {
   846     011A  178B               	bsf	11,7	;volatile
   847     011B                     l17:
   848     011B  0008               	return
   849     011C                     __end_of_init_config:
   850                           
   851                           	psect	text3
   852     011C                     __ptext3:	
   853 ;; *************** function _init_timer0 *****************
   854 ;; Defined at:
   855 ;;		line 10 in file "timers.c"
   856 ;; Parameters:    Size  Location     Type
   857 ;;		None
   858 ;; Auto vars:     Size  Location     Type
   859 ;;		None
   860 ;; Return value:  Size  Location     Type
   861 ;;                  1    wreg      void 
   862 ;; Registers used:
   863 ;;		wreg
   864 ;; Tracked objects:
   865 ;;		On entry : 0/0
   866 ;;		On exit  : 0/0
   867 ;;		Unchanged: 0/0
   868 ;; Data sizes:     COMMON   BANK0   BANK1   BANK3   BANK2
   869 ;;      Params:         0       0       0       0       0
   870 ;;      Locals:         0       0       0       0       0
   871 ;;      Temps:          0       0       0       0       0
   872 ;;      Totals:         0       0       0       0       0
   873 ;;Total ram usage:        0 bytes
   874 ;; Hardware stack levels used: 1
   875 ;; Hardware stack levels required when called: 1
   876 ;; This function calls:
   877 ;;		Nothing
   878 ;; This function is called by:
   879 ;;		_init_config
   880 ;; This function uses a non-reentrant model
   881 ;;
   882                           
   883     011C                     _init_timer0:	
   884                           ;psect for function _init_timer0
   885                           
   886     011C                     l754:	
   887                           ;incstack = 0
   888                           ; Regs used in _init_timer0: [wreg]
   889                           
   890                           
   891                           ;timers.c: 13:     T0CS = 0;
   892     011C  1683               	bsf	3,5	;RP0=1, select bank1
   893     011D  1303               	bcf	3,6	;RP1=0, select bank1
   894     011E  1281               	bcf	1,5	;volatile
   895                           
   896                           ;timers.c: 16:     PSA = 1;
   897     011F  1581               	bsf	1,3	;volatile
   898     0120                     l756:
   899                           
   900                           ;timers.c: 18:     TMR0 = 6;
   901     0120  3006               	movlw	6
   902     0121  1283               	bcf	3,5	;RP0=0, select bank0
   903     0122  1303               	bcf	3,6	;RP1=0, select bank0
   904     0123  0081               	movwf	1	;volatile
   905     0124                     l758:
   906                           
   907                           ;timers.c: 21:     TMR0IE = 1;
   908     0124  168B               	bsf	11,5	;volatile
   909     0125                     l41:
   910     0125  0008               	return
   911     0126                     __end_of_init_timer0:
   912                           
   913                           	psect	text4
   914     0126                     __ptext4:	
   915 ;; *************** function _init_digital_keypad *****************
   916 ;; Defined at:
   917 ;;		line 10 in file "digital_keypad.c"
   918 ;; Parameters:    Size  Location     Type
   919 ;;		None
   920 ;; Auto vars:     Size  Location     Type
   921 ;;		None
   922 ;; Return value:  Size  Location     Type
   923 ;;                  1    wreg      void 
   924 ;; Registers used:
   925 ;;		wreg, status,2
   926 ;; Tracked objects:
   927 ;;		On entry : 0/0
   928 ;;		On exit  : 0/0
   929 ;;		Unchanged: 0/0
   930 ;; Data sizes:     COMMON   BANK0   BANK1   BANK3   BANK2
   931 ;;      Params:         0       0       0       0       0
   932 ;;      Locals:         0       0       0       0       0
   933 ;;      Temps:          0       0       0       0       0
   934 ;;      Totals:         0       0       0       0       0
   935 ;;Total ram usage:        0 bytes
   936 ;; Hardware stack levels used: 1
   937 ;; Hardware stack levels required when called: 1
   938 ;; This function calls:
   939 ;;		Nothing
   940 ;; This function is called by:
   941 ;;		_init_config
   942 ;; This function uses a non-reentrant model
   943 ;;
   944                           
   945     0126                     _init_digital_keypad:	
   946                           ;psect for function _init_digital_keypad
   947                           
   948     0126                     l760:	
   949                           ;incstack = 0
   950                           ; Regs used in _init_digital_keypad: [wreg+status,2]
   951                           
   952                           
   953                           ;digital_keypad.c: 13:     TRISB = TRISB | 0x3F;
   954     0126  1683               	bsf	3,5	;RP0=1, select bank1
   955     0127  1303               	bcf	3,6	;RP1=0, select bank1
   956     0128  0806               	movf	6,w	;volatile
   957     0129  383F               	iorlw	63
   958     012A  0086               	movwf	6	;volatile
   959     012B                     l68:
   960     012B  0008               	return
   961     012C                     __end_of_init_digital_keypad:
   962                           
   963                           	psect	text5
   964     009D                     __ptext5:	
   965 ;; *************** function _isr *****************
   966 ;; Defined at:
   967 ;;		line 15 in file "isr.c"
   968 ;; Parameters:    Size  Location     Type
   969 ;;		None
   970 ;; Auto vars:     Size  Location     Type
   971 ;;		None
   972 ;; Return value:  Size  Location     Type
   973 ;;                  1    wreg      void 
   974 ;; Registers used:
   975 ;;		wreg, status,2, status,0
   976 ;; Tracked objects:
   977 ;;		On entry : 0/0
   978 ;;		On exit  : 0/0
   979 ;;		Unchanged: 0/0
   980 ;; Data sizes:     COMMON   BANK0   BANK1   BANK3   BANK2
   981 ;;      Params:         0       0       0       0       0
   982 ;;      Locals:         0       0       0       0       0
   983 ;;      Temps:          2       0       0       0       0
   984 ;;      Totals:         2       0       0       0       0
   985 ;;Total ram usage:        2 bytes
   986 ;; Hardware stack levels used: 1
   987 ;; This function calls:
   988 ;;		Nothing
   989 ;; This function is called by:
   990 ;;		Interrupt level 1
   991 ;; This function uses a non-reentrant model
   992 ;;
   993                           
   994     009D                     _isr:	
   995                           ;psect for function _isr
   996                           
   997     009D                     i1l736:
   998                           
   999                           ;isr.c: 17:     if (TMR0IF == 1){
  1000     009D  1D0B               	btfss	11,2	;volatile
  1001     009E  28A0               	goto	u11_21
  1002     009F  28A1               	goto	u11_20
  1003     00A0                     u11_21:
  1004     00A0  28D9               	goto	i1l61
  1005     00A1                     u11_20:
  1006     00A1                     i1l738:
  1007                           
  1008                           ;isr.c: 19:         TMR0 = TMR0 + 6 + 2;
  1009     00A1  1283               	bcf	3,5	;RP0=0, select bank0
  1010     00A2  1303               	bcf	3,6	;RP1=0, select bank0
  1011     00A3  0801               	movf	1,w	;volatile
  1012     00A4  3E08               	addlw	8
  1013     00A5  0081               	movwf	1	;volatile
  1014     00A6                     i1l740:
  1015                           
  1016                           ;isr.c: 22:         static unsigned int loop_counter = 0;;isr.c: 24:         if (loop_co
      +                          unter < duty_cycle)
  1017     00A6  1303  1283         	banksel	_duty_cycle
  1018     00A8  0826               	movf	(_duty_cycle+1)& (0+127),w
  1019     00A9  0279               	subwf	isr@loop_counter+1,w
  1020     00AA  1D03               	skipz
  1021     00AB  28B0               	goto	u12_25
  1022     00AC  1303  1283         	banksel	_duty_cycle
  1023     00AE  0825               	movf	_duty_cycle& (0+127),w
  1024     00AF  0278               	subwf	isr@loop_counter,w
  1025     00B0                     u12_25:
  1026     00B0  1803               	skipnc
  1027     00B1  28B3               	goto	u12_21
  1028     00B2  28B4               	goto	u12_20
  1029     00B3                     u12_21:
  1030     00B3  28B8               	goto	i1l744
  1031     00B4                     u12_20:
  1032     00B4                     i1l742:
  1033                           
  1034                           ;isr.c: 25:         {;isr.c: 26:             RD0 = 1;
  1035     00B4  1283               	bcf	3,5	;RP0=0, select bank0
  1036     00B5  1303               	bcf	3,6	;RP1=0, select bank0
  1037     00B6  1408               	bsf	8,0	;volatile
  1038                           
  1039                           ;isr.c: 27:         }
  1040     00B7  28C9               	goto	i1l748
  1041     00B8                     i1l744:
  1042     00B8  0879               	movf	isr@loop_counter+1,w
  1043     00B9  1303  1283         	banksel	_duty_cycle
  1044     00BB  0226               	subwf	(_duty_cycle+1)& (0+127),w
  1045     00BC  1D03               	skipz
  1046     00BD  28C2               	goto	u13_25
  1047     00BE  0878               	movf	isr@loop_counter,w
  1048     00BF  1303  1283         	banksel	_duty_cycle
  1049     00C1  0225               	subwf	_duty_cycle& (0+127),w
  1050     00C2                     u13_25:
  1051     00C2  1803               	skipnc
  1052     00C3  28C5               	goto	u13_21
  1053     00C4  28C6               	goto	u13_20
  1054     00C5                     u13_21:
  1055     00C5  28C9               	goto	i1l748
  1056     00C6                     u13_20:
  1057     00C6                     i1l746:
  1058                           
  1059                           ;isr.c: 30:         {;isr.c: 31:             RD0 = 0;
  1060     00C6  1283               	bcf	3,5	;RP0=0, select bank0
  1061     00C7  1303               	bcf	3,6	;RP1=0, select bank0
  1062     00C8  1008               	bcf	8,0	;volatile
  1063     00C9                     i1l748:
  1064                           
  1065                           ;isr.c: 34:         if (loop_counter++ == 100)
  1066     00C9  3001               	movlw	1
  1067     00CA  07F8               	addwf	isr@loop_counter,f
  1068     00CB  1803               	skipnc
  1069     00CC  0AF9               	incf	isr@loop_counter+1,f
  1070     00CD  3000               	movlw	0
  1071     00CE  07F9               	addwf	isr@loop_counter+1,f
  1072     00CF  3065               	movlw	101
  1073     00D0  0678               	xorwf	isr@loop_counter,w
  1074     00D1  0479               	iorwf	isr@loop_counter+1,w
  1075     00D2  1D03               	btfss	3,2
  1076     00D3  28D5               	goto	u14_21
  1077     00D4  28D6               	goto	u14_20
  1078     00D5                     u14_21:
  1079     00D5  28D8               	goto	i1l752
  1080     00D6                     u14_20:
  1081     00D6                     i1l750:
  1082                           
  1083                           ;isr.c: 35:         {;isr.c: 36:             loop_counter = 0;
  1084     00D6  01F8               	clrf	isr@loop_counter
  1085     00D7  01F9               	clrf	isr@loop_counter+1
  1086     00D8                     i1l752:
  1087                           
  1088                           ;isr.c: 38:         TMR0IF = 0;
  1089     00D8  110B               	bcf	11,2	;volatile
  1090     00D9                     i1l61:
  1091     00D9  0871               	movf	??_isr+1,w
  1092     00DA  008A               	movwf	10
  1093     00DB  0E70               	swapf	??_isr,w
  1094     00DC  0083               	movwf	3
  1095     00DD  0EFE               	swapf	btemp,f
  1096     00DE  0E7E               	swapf	btemp,w
  1097     00DF  0009               	retfie
  1098     00E0                     __end_of_isr:
  1099     007E                     btemp	set	126	;btemp
  1100     007E                     wtemp0	set	126
  1101                           
  1102                           	psect	intentry
  1103     0004                     __pintentry:	
  1104                           ;incstack = 0
  1105                           ; Regs used in _isr: [wreg+status,2+status,0]
  1106                           
  1107     0004                     interrupt_function:
  1108     007E                     saved_w	set	btemp
  1109     0004  00FE               	movwf	btemp
  1110     0005  0E03               	swapf	3,w
  1111     0006  00F0               	movwf	??_isr
  1112     0007  080A               	movf	10,w
  1113     0008  00F1               	movwf	??_isr+1
  1114     0009  120A  118A  289D   	ljmp	_isr
  1115                           
  1116                           	psect	config
  1117                           
  1118                           ;Config register CONFIG @ 0x2007
  1119                           ;	Oscillator Selection bits
  1120                           ;	FOSC = 0x3, unprogrammed default
  1121                           ;	Watchdog Timer Enable bit
  1122                           ;	WDTE = OFF, WDT disabled
  1123                           ;	Power-up Timer Enable bit
  1124                           ;	PWRTE = 0x1, unprogrammed default
  1125                           ;	Brown-out Reset Enable bit
  1126                           ;	BOREN = 0x1, unprogrammed default
  1127                           ;	Low-Voltage (Single-Supply) In-Circuit Serial Programming Enable bit
  1128                           ;	LVP = 0x1, unprogrammed default
  1129                           ;	Data EEPROM Memory Code Protection bit
  1130                           ;	CPD = 0x1, unprogrammed default
  1131                           ;	Flash Program Memory Write Enable bits
  1132                           ;	WRT = 0x3, unprogrammed default
  1133                           ;	In-Circuit Debugger Mode bit
  1134                           ;	DEBUG = 0x1, unprogrammed default
  1135                           ;	Flash Program Memory Code Protection bit
  1136                           ;	CP = 0x1, unprogrammed default
  1137     2007                     	org	8199
  1138     2007  3FFB               	dw	16379

Data Sizes:
    Strings     0
    Constant    0
    Data        3
    BSS         4
    Persistent  0
    Stack       0

Auto Spaces:
    Space          Size  Autos    Used
    COMMON           14      8      11
    BANK0            80      5       7
    BANK1            80      0       0
    BANK3            96      0       0
    BANK2            96      0       0

Pointer List with Targets:

    None.

Critical Paths under _main in COMMON

    _main->_read_digital_keypad

Critical Paths under _isr in COMMON

    None.

Critical Paths under _main in BANK0

    None.

Critical Paths under _isr in BANK0

    None.

Critical Paths under _main in BANK1

    None.

Critical Paths under _isr in BANK1

    None.

Critical Paths under _main in BANK3

    None.

Critical Paths under _isr in BANK3

    None.

Critical Paths under _main in BANK2

    None.

Critical Paths under _isr in BANK2

    None.

Call Graph Tables:

 ---------------------------------------------------------------------------------
 (Depth) Function   	        Calls       Base Space   Used Autos Params    Refs
 ---------------------------------------------------------------------------------
 (0) _main                                                 9     9      0      91
                                              4 COMMON     4     4      0
                                              0 BANK0      5     5      0
                        _init_config
                _read_digital_keypad
 ---------------------------------------------------------------------------------
 (1) _read_digital_keypad                                  2     2      0      22
                                              2 COMMON     2     2      0
 ---------------------------------------------------------------------------------
 (1) _init_config                                          0     0      0       0
                _init_digital_keypad
                        _init_timer0
 ---------------------------------------------------------------------------------
 (2) _init_timer0                                          0     0      0       0
 ---------------------------------------------------------------------------------
 (2) _init_digital_keypad                                  0     0      0       0
 ---------------------------------------------------------------------------------
 Estimated maximum stack depth 2
 ---------------------------------------------------------------------------------
 (Depth) Function   	        Calls       Base Space   Used Autos Params    Refs
 ---------------------------------------------------------------------------------
 (3) _isr                                                  2     2      0       0
                                              0 COMMON     2     2      0
 ---------------------------------------------------------------------------------
 Estimated maximum stack depth 3
 ---------------------------------------------------------------------------------

 Call Graph Graphs:

 _main (ROOT)
   _init_config
     _init_digital_keypad
     _init_timer0
   _read_digital_keypad

 _isr (ROOT)

 Address spaces:
Name               Size   Autos  Total    Cost      Usage
BANK3               60      0       0       9        0.0%
BITBANK3            60      0       0       8        0.0%
SFR3                 0      0       0       4        0.0%
BITSFR3              0      0       0       4        0.0%
BANK2               60      0       0      11        0.0%
BITBANK2            60      0       0      10        0.0%
SFR2                 0      0       0       5        0.0%
BITSFR2              0      0       0       5        0.0%
BANK1               50      0       0       7        0.0%
BITBANK1            50      0       0       6        0.0%
SFR1                 0      0       0       2        0.0%
BITSFR1              0      0       0       2        0.0%
BANK0               50      5       7       5        8.8%
BITBANK0            50      0       0       4        0.0%
SFR0                 0      0       0       1        0.0%
BITSFR0              0      0       0       1        0.0%
COMMON               E      8       B       1       78.6%
BITCOMMON            E      0       0       0        0.0%
CODE                 0      0       0       0        0.0%
DATA                 0      0      12      12        0.0%
ABS                  0      0      12       3        0.0%
NULL                 0      0       0       0        0.0%
STACK                0      0       0       2        0.0%
EEDATA             100      0       0       0        0.0%


Microchip Technology PIC Macro Assembler V2.40 build 20220703182018 
Symbol Table                                                                                   Sun Oct 16 17:35:27 2022

                         l23 0099                           l41 0125                           l17 011B  
                         l74 0109                           l68 012B                          l800 0031  
                        l810 0079                          l802 0036                          l812 0080  
                        l804 003F                          l814 0086                          l806 0069  
                        l760 0126                          l816 008C                          l808 0073  
                        l754 011C                          l762 010A                          l770 00E1  
                        l818 0092                          l756 0120                          l764 0110  
                        l780 00F6                          l772 00E6                          l758 0124  
                        l766 0115                          l782 00FB                          l790 00FD  
                        l768 011A                          l792 0106                          l794 0108  
                        l778 00EB                          l798 0027                          _GIE 005F  
                        _RD0 0040                          u200 0069                          u201 0068  
                        u210 0079                          u211 0078                          u220 0080  
                        u221 007F                          u150 00E6                          u230 008C  
                        u151 00E5                          u231 008B                          u160 00F6  
                        u240 0092                          u161 00F5                          u241 0091  
                        u170 00FB                          u171 00FA                          u180 0106  
                        u181 0105                          u190 005B                          u195 004E  
                        u196 004F                          u197 0054                          u198 0055  
                        u199 005A                          _PSA 040B                          _isr 009D  
      ??_read_digital_keypad 0072                         ?_isr 0070                         _T0CS 040D  
                       i1l61 00D9                         _TMR0 0001                         _main 0027  
                       btemp 007E                         start 000C                        ??_isr 0070  
                      ?_main 0070                 ?_init_config 0070                        i1l740 00A6  
                      i1l750 00D6                        i1l742 00B4                        i1l752 00D8  
                      i1l744 00B8                        i1l736 009D                        i1l746 00C6  
                      i1l738 00A1                        i1l748 00C9                        u11_20 00A1  
                      u11_21 00A0                        u12_20 00B4                        u12_21 00B3  
                      u12_25 00B0                        u13_20 00C6                        u13_21 00C5  
                      u13_25 00C2                        u14_20 00D6                        u14_21 00D5  
                      _PORTB 0006                        _PORTD 0008                        _TRISB 0086  
                      _TRISD 0088                 ?_init_timer0 0070                        pclath 000A  
                      status 0003                        wtemp0 007E              __initialization 000F  
               __end_of_main 009D                       ??_main 0074              isr@loop_counter 0078  
                     _TMR0IE 005D                       _TMR0IF 005A  __end_of_init_digital_keypad 012C  
               __pdataCOMMON 007A                       saved_w 007E      __end_of__initialization 0023  
             __pcstackCOMMON 0070                 __pidataBANK0 012C                   __pmaintext 0027  
                 __pintentry 0004  __end_of_read_digital_keypad 010A                      __ptext1 00E0  
                    __ptext2 010A                      __ptext3 011C                      __ptext4 0126  
                    __ptext5 009D                   _duty_cycle 0025                      main@key 0024  
       end_of_initialization 0023                __pidataCOMMON 012E          start_initialization 000F  
                __end_of_isr 00E0                  __pdataBANK0 0025                ??_init_config 0072  
              ??_init_timer0 0072                  __pbssCOMMON 0078                    ___latbits 0002  
              __pcstackBANK0 0020          __end_of_init_config 011C          __end_of_init_timer0 0126  
          interrupt_function 0004          _init_digital_keypad 0126         ?_init_digital_keypad 0070  
                _init_config 010A                  _init_timer0 011C      read_digital_keypad@mode 0073  
    read_digital_keypad@once 007A        ??_init_digital_keypad 0072                     main@wait 0020  
                   intlevel1 0000          _read_digital_keypad 00E0         ?_read_digital_keypad 0070  
