

Microchip MPLAB XC8 Assembler V2.40 build 20220703182018 
                                                                                               Tue Sep 13 07:39:42 2022

Microchip MPLAB XC8 C Compiler v2.40 (Free license) build 20220703182018 Og1 
     1                           	processor	16F877A
     2                           	pagewidth 120
     3                           	opt	flic
     4                           	psect	idataBANK0,global,class=CODE,delta=2,noexec
     5                           	psect	cinit,global,class=CODE,merge=1,delta=2
     6                           	psect	bssCOMMON,global,class=COMMON,space=1,delta=1,noexec
     7                           	psect	bssBANK0,global,class=BANK0,space=1,delta=1,noexec
     8                           	psect	dataBANK0,global,class=BANK0,space=1,delta=1,noexec
     9                           	psect	inittext,global,class=CODE,delta=2
    10                           	psect	cstackCOMMON,global,class=COMMON,space=1,delta=1,noexec
    11                           	psect	cstackBANK0,global,class=BANK0,space=1,delta=1,noexec
    12                           	psect	maintext,global,class=CODE,split=1,delta=2
    13                           	psect	text1,local,class=CODE,merge=1,delta=2
    14                           	psect	text2,local,class=CODE,merge=1,delta=2
    15                           	psect	text3,local,class=CODE,merge=1,delta=2
    16                           	psect	text4,local,class=CODE,merge=1,delta=2
    17                           	psect	text5,local,class=CODE,merge=1,delta=2,group=1
    18                           	psect	text6,local,class=CODE,merge=1,delta=2,group=1
    19                           	psect	text7,local,class=CODE,merge=1,delta=2
    20                           	psect	intentry,global,class=CODE,delta=2
    21                           	psect	config,global,abs,ovrld,class=CONFIG,space=4,delta=2,noexec
    22                           	dabs	1,0x7E,2
    23     0000                     
    24                           ; Version 2.20
    25                           ; Generated 12/02/2020 GMT
    26                           ; 
    27                           ; Copyright © 2020, Microchip Technology Inc. and its subsidiaries ("Microchip")
    28                           ; All rights reserved.
    29                           ; 
    30                           ; This software is developed by Microchip Technology Inc. and its subsidiaries ("Microch
      +                          ip").
    31                           ; 
    32                           ; Redistribution and use in source and binary forms, with or without modification, are
    33                           ; permitted provided that the following conditions are met:
    34                           ; 
    35                           ;     1. Redistributions of source code must retain the above copyright notice, this lis
      +                          t of
    36                           ;        conditions and the following disclaimer.
    37                           ; 
    38                           ;     2. Redistributions in binary form must reproduce the above copyright notice, this 
      +                          list
    39                           ;        of conditions and the following disclaimer in the documentation and/or other
    40                           ;        materials provided with the distribution.
    41                           ; 
    42                           ;     3. Microchip's name may not be used to endorse or promote products derived from th
      +                          is
    43                           ;        software without specific prior written permission.
    44                           ; 
    45                           ; THIS SOFTWARE IS PROVIDED BY MICROCHIP "AS IS" AND ANY EXPRESS OR IMPLIED WARRANTIES,
    46                           ; INCLUDING, BUT NOT LIMITED TO, THE IMPLIED WARRANTIES OF MERCHANTABILITY AND FITNESS F
      +                          OR
    47                           ; PURPOSE ARE DISCLAIMED.  IN NO EVENT SHALL MICROCHIP BE LIABLE FOR ANY DIRECT, INDIREC
      +                          T,
    48                           ; INCIDENTAL, SPECIAL, EXEMPLARY, OR CONSEQUENTIAL DAMAGES (INCLUDING BUT NOT LIMITED TO
    49                           ; PROCUREMENT OF SUBSTITUTE GOODS OR SERVICES; LOSS OF USE, DATA OR PROFITS; OR BUSINESS
    50                           ; INTERRUPTION) HOWSOEVER CAUSED AND ON ANY THEORY OF LIABILITY, WHETHER IN CONTRACT, ST
      +                          RICT
    51                           ; LIABILITY, OR TORT (INCLUDING NEGLIGENCE OR OTHERWISE) ARISING IN ANY WAY OUT OF THE U
      +                          SE OF
    52                           ; THIS SOFTWARE, EVEN IF ADVISED OF THE POSSIBILITY OF SUCH DAMAGE.
    53                           ; 
    54                           ; 
    55                           ; Code-generator required, PIC16F877A Definitions
    56                           ; 
    57                           ; SFR Addresses
    58     0000                     	;# 
    59     0001                     	;# 
    60     0002                     	;# 
    61     0003                     	;# 
    62     0004                     	;# 
    63     0005                     	;# 
    64     0006                     	;# 
    65     0007                     	;# 
    66     0008                     	;# 
    67     0009                     	;# 
    68     000A                     	;# 
    69     000B                     	;# 
    70     000C                     	;# 
    71     000D                     	;# 
    72     000E                     	;# 
    73     000E                     	;# 
    74     000F                     	;# 
    75     0010                     	;# 
    76     0011                     	;# 
    77     0012                     	;# 
    78     0013                     	;# 
    79     0014                     	;# 
    80     0015                     	;# 
    81     0015                     	;# 
    82     0016                     	;# 
    83     0017                     	;# 
    84     0018                     	;# 
    85     0019                     	;# 
    86     001A                     	;# 
    87     001B                     	;# 
    88     001B                     	;# 
    89     001C                     	;# 
    90     001D                     	;# 
    91     001E                     	;# 
    92     001F                     	;# 
    93     0081                     	;# 
    94     0085                     	;# 
    95     0086                     	;# 
    96     0087                     	;# 
    97     0088                     	;# 
    98     0089                     	;# 
    99     008C                     	;# 
   100     008D                     	;# 
   101     008E                     	;# 
   102     0091                     	;# 
   103     0092                     	;# 
   104     0093                     	;# 
   105     0094                     	;# 
   106     0098                     	;# 
   107     0099                     	;# 
   108     009C                     	;# 
   109     009D                     	;# 
   110     009E                     	;# 
   111     009F                     	;# 
   112     010C                     	;# 
   113     010D                     	;# 
   114     010E                     	;# 
   115     010F                     	;# 
   116     018C                     	;# 
   117     018D                     	;# 
   118     0000                     	;# 
   119     0001                     	;# 
   120     0002                     	;# 
   121     0003                     	;# 
   122     0004                     	;# 
   123     0005                     	;# 
   124     0006                     	;# 
   125     0007                     	;# 
   126     0008                     	;# 
   127     0009                     	;# 
   128     000A                     	;# 
   129     000B                     	;# 
   130     000C                     	;# 
   131     000D                     	;# 
   132     000E                     	;# 
   133     000E                     	;# 
   134     000F                     	;# 
   135     0010                     	;# 
   136     0011                     	;# 
   137     0012                     	;# 
   138     0013                     	;# 
   139     0014                     	;# 
   140     0015                     	;# 
   141     0015                     	;# 
   142     0016                     	;# 
   143     0017                     	;# 
   144     0018                     	;# 
   145     0019                     	;# 
   146     001A                     	;# 
   147     001B                     	;# 
   148     001B                     	;# 
   149     001C                     	;# 
   150     001D                     	;# 
   151     001E                     	;# 
   152     001F                     	;# 
   153     0081                     	;# 
   154     0085                     	;# 
   155     0086                     	;# 
   156     0087                     	;# 
   157     0088                     	;# 
   158     0089                     	;# 
   159     008C                     	;# 
   160     008D                     	;# 
   161     008E                     	;# 
   162     0091                     	;# 
   163     0092                     	;# 
   164     0093                     	;# 
   165     0094                     	;# 
   166     0098                     	;# 
   167     0099                     	;# 
   168     009C                     	;# 
   169     009D                     	;# 
   170     009E                     	;# 
   171     009F                     	;# 
   172     010C                     	;# 
   173     010D                     	;# 
   174     010E                     	;# 
   175     010F                     	;# 
   176     018C                     	;# 
   177     018D                     	;# 
   178     0000                     	;# 
   179     0001                     	;# 
   180     0002                     	;# 
   181     0003                     	;# 
   182     0004                     	;# 
   183     0005                     	;# 
   184     0006                     	;# 
   185     0007                     	;# 
   186     0008                     	;# 
   187     0009                     	;# 
   188     000A                     	;# 
   189     000B                     	;# 
   190     000C                     	;# 
   191     000D                     	;# 
   192     000E                     	;# 
   193     000E                     	;# 
   194     000F                     	;# 
   195     0010                     	;# 
   196     0011                     	;# 
   197     0012                     	;# 
   198     0013                     	;# 
   199     0014                     	;# 
   200     0015                     	;# 
   201     0015                     	;# 
   202     0016                     	;# 
   203     0017                     	;# 
   204     0018                     	;# 
   205     0019                     	;# 
   206     001A                     	;# 
   207     001B                     	;# 
   208     001B                     	;# 
   209     001C                     	;# 
   210     001D                     	;# 
   211     001E                     	;# 
   212     001F                     	;# 
   213     0081                     	;# 
   214     0085                     	;# 
   215     0086                     	;# 
   216     0087                     	;# 
   217     0088                     	;# 
   218     0089                     	;# 
   219     008C                     	;# 
   220     008D                     	;# 
   221     008E                     	;# 
   222     0091                     	;# 
   223     0092                     	;# 
   224     0093                     	;# 
   225     0094                     	;# 
   226     0098                     	;# 
   227     0099                     	;# 
   228     009C                     	;# 
   229     009D                     	;# 
   230     009E                     	;# 
   231     009F                     	;# 
   232     010C                     	;# 
   233     010D                     	;# 
   234     010E                     	;# 
   235     010F                     	;# 
   236     018C                     	;# 
   237     018D                     	;# 
   238     0000                     	;# 
   239     0001                     	;# 
   240     0002                     	;# 
   241     0003                     	;# 
   242     0004                     	;# 
   243     0005                     	;# 
   244     0006                     	;# 
   245     0007                     	;# 
   246     0008                     	;# 
   247     0009                     	;# 
   248     000A                     	;# 
   249     000B                     	;# 
   250     000C                     	;# 
   251     000D                     	;# 
   252     000E                     	;# 
   253     000E                     	;# 
   254     000F                     	;# 
   255     0010                     	;# 
   256     0011                     	;# 
   257     0012                     	;# 
   258     0013                     	;# 
   259     0014                     	;# 
   260     0015                     	;# 
   261     0015                     	;# 
   262     0016                     	;# 
   263     0017                     	;# 
   264     0018                     	;# 
   265     0019                     	;# 
   266     001A                     	;# 
   267     001B                     	;# 
   268     001B                     	;# 
   269     001C                     	;# 
   270     001D                     	;# 
   271     001E                     	;# 
   272     001F                     	;# 
   273     0081                     	;# 
   274     0085                     	;# 
   275     0086                     	;# 
   276     0087                     	;# 
   277     0088                     	;# 
   278     0089                     	;# 
   279     008C                     	;# 
   280     008D                     	;# 
   281     008E                     	;# 
   282     0091                     	;# 
   283     0092                     	;# 
   284     0093                     	;# 
   285     0094                     	;# 
   286     0098                     	;# 
   287     0099                     	;# 
   288     009C                     	;# 
   289     009D                     	;# 
   290     009E                     	;# 
   291     009F                     	;# 
   292     010C                     	;# 
   293     010D                     	;# 
   294     010E                     	;# 
   295     010F                     	;# 
   296     018C                     	;# 
   297     018D                     	;# 
   298     0000                     	;# 
   299     0001                     	;# 
   300     0002                     	;# 
   301     0003                     	;# 
   302     0004                     	;# 
   303     0005                     	;# 
   304     0006                     	;# 
   305     0007                     	;# 
   306     0008                     	;# 
   307     0009                     	;# 
   308     000A                     	;# 
   309     000B                     	;# 
   310     000C                     	;# 
   311     000D                     	;# 
   312     000E                     	;# 
   313     000E                     	;# 
   314     000F                     	;# 
   315     0010                     	;# 
   316     0011                     	;# 
   317     0012                     	;# 
   318     0013                     	;# 
   319     0014                     	;# 
   320     0015                     	;# 
   321     0015                     	;# 
   322     0016                     	;# 
   323     0017                     	;# 
   324     0018                     	;# 
   325     0019                     	;# 
   326     001A                     	;# 
   327     001B                     	;# 
   328     001B                     	;# 
   329     001C                     	;# 
   330     001D                     	;# 
   331     001E                     	;# 
   332     001F                     	;# 
   333     0081                     	;# 
   334     0085                     	;# 
   335     0086                     	;# 
   336     0087                     	;# 
   337     0088                     	;# 
   338     0089                     	;# 
   339     008C                     	;# 
   340     008D                     	;# 
   341     008E                     	;# 
   342     0091                     	;# 
   343     0092                     	;# 
   344     0093                     	;# 
   345     0094                     	;# 
   346     0098                     	;# 
   347     0099                     	;# 
   348     009C                     	;# 
   349     009D                     	;# 
   350     009E                     	;# 
   351     009F                     	;# 
   352     010C                     	;# 
   353     010D                     	;# 
   354     010E                     	;# 
   355     010F                     	;# 
   356     018C                     	;# 
   357     018D                     	;# 
   358                           
   359                           	psect	idataBANK0
   360     0233                     __pidataBANK0:
   361                           
   362                           ;initializer for main@F861
   363     0233  343F               	retlw	63
   364     0234  3406               	retlw	6
   365     0235  345B               	retlw	91
   366     0236  344F               	retlw	79
   367     0237  3466               	retlw	102
   368     0238  346D               	retlw	109
   369     0239  347D               	retlw	125
   370     023A  3407               	retlw	7
   371     023B  347F               	retlw	127
   372     023C  346F               	retlw	111
   373                           
   374                           ;initializer for _hour
   375     023D  340C               	retlw	12
   376     023E  3400               	retlw	0
   377     0001                     _TMR0	set	1
   378     0008                     _PORTD	set	8
   379     0005                     _PORTA	set	5
   380     005D                     _TMR0IE	set	93
   381     005A                     _TMR0IF	set	90
   382     005F                     _GIE	set	95
   383     005E                     _PEIE	set	94
   384     0085                     _TRISA	set	133
   385     0088                     _TRISD	set	136
   386     040B                     _PSA	set	1035
   387     040D                     _T0CS	set	1037
   388                           
   389                           	psect	cinit
   390     000F                     start_initialization:	
   391                           ; #config settings
   392                           
   393     000F                     __initialization:
   394                           
   395                           ; Initialize objects allocated to BANK0
   396     000F  1383               	bcf	3,7	;select IRP bank0
   397     0010  3044               	movlw	low (__pdataBANK0+12)
   398     0011  00FD               	movwf	btemp+-1
   399     0012  3002               	movlw	high __pidataBANK0
   400     0013  00FE               	movwf	btemp
   401     0014  3033               	movlw	low __pidataBANK0
   402     0015  00FF               	movwf	btemp+1
   403     0016  3038               	movlw	low __pdataBANK0
   404     0017  0084               	movwf	4
   405     0018  120A  118A  2217  120A  118A  	fcall	init_ram0
   406                           
   407                           ; Clear objects allocated to BANK0
   408     001D  01C4               	clrf	__pbssBANK0& (0+127)
   409     001E  01C5               	clrf	(__pbssBANK0+1)& (0+127)
   410     001F  01C6               	clrf	(__pbssBANK0+2)& (0+127)
   411     0020  01C7               	clrf	(__pbssBANK0+3)& (0+127)
   412     0021  01C8               	clrf	(__pbssBANK0+4)& (0+127)
   413     0022  01C9               	clrf	(__pbssBANK0+5)& (0+127)
   414     0023  01CA               	clrf	(__pbssBANK0+6)& (0+127)
   415     0024  01CB               	clrf	(__pbssBANK0+7)& (0+127)
   416                           
   417                           ; Clear objects allocated to COMMON
   418     0025  01F8               	clrf	__pbssCOMMON& (0+127)
   419     0026  01F9               	clrf	(__pbssCOMMON+1)& (0+127)
   420     0027                     end_of_initialization:	
   421                           ;End of C runtime variable initialization code
   422                           
   423     0027                     __end_of__initialization:
   424     0027  0183               	clrf	3
   425     0028  120A  118A  282B   	ljmp	_main	;jump to C main() function
   426                           
   427                           	psect	bssCOMMON
   428     0078                     __pbssCOMMON:
   429     0078                     isr@count1:
   430     0078                     	ds	2
   431                           
   432                           	psect	bssBANK0
   433     0044                     __pbssBANK0:
   434     0044                     isr@count0:
   435     0044                     	ds	4
   436     0048                     _flag:
   437     0048                     	ds	2
   438     004A                     _minute:
   439     004A                     	ds	2
   440                           
   441                           	psect	dataBANK0
   442     0038                     __pdataBANK0:
   443     0038                     main@F861:
   444     0038                     	ds	10
   445     0042                     _hour:
   446     0042                     	ds	2
   447                           
   448                           	psect	inittext
   449     0213                     init_fetch0:	
   450                           ;	Called with low address in FSR and high address in W
   451                           
   452     0213  087E               	movf	btemp,w
   453     0214  008A               	movwf	10
   454     0215  087F               	movf	btemp+1,w
   455     0216  0082               	movwf	2
   456     0217                     init_ram0:	
   457                           ;Called with:
   458                           ;	high address of idata address in btemp 
   459                           ;	low address of idata address in btemp+1 
   460                           ;	low address of data in FSR
   461                           ;	high address + 1 of data in btemp-1
   462                           
   463     0217  120A  118A  2213  120A  118A  	fcall	init_fetch0
   464     021C  0080               	movwf	0
   465     021D  0A84               	incf	4,f
   466     021E  0804               	movf	4,w
   467     021F  067D               	xorwf	btemp+-1,w
   468     0220  1903               	btfsc	3,2
   469     0221  3400               	retlw	0
   470     0222  0AFF               	incf	btemp+1,f
   471     0223  1903               	btfsc	3,2
   472     0224  0AFE               	incf	btemp,f
   473     0225  2A17               	goto	init_ram0
   474                           
   475                           	psect	cstackCOMMON
   476     0070                     __pcstackCOMMON:
   477     0070                     ?_init_timer0:
   478     0070                     ?_init_ssd:	
   479                           ; 1 bytes @ 0x0
   480                           
   481     0070                     ?_display:	
   482                           ; 1 bytes @ 0x0
   483                           
   484     0070                     ?_init_config:	
   485                           ; 1 bytes @ 0x0
   486                           
   487     0070                     ?_main:	
   488                           ; 1 bytes @ 0x0
   489                           
   490     0070                     ?_isr:	
   491                           ; 1 bytes @ 0x0
   492                           
   493     0070                     ??_isr:	
   494                           ; 1 bytes @ 0x0
   495                           
   496                           
   497                           ; 1 bytes @ 0x0
   498     0070                     	ds	4
   499     0074                     ??_init_timer0:
   500     0074                     ??_init_ssd:	
   501                           ; 1 bytes @ 0x4
   502                           
   503     0074                     ??_display:	
   504                           ; 1 bytes @ 0x4
   505                           
   506     0074                     ??_init_config:	
   507                           ; 1 bytes @ 0x4
   508                           
   509     0074                     ?___lwdiv:	
   510                           ; 1 bytes @ 0x4
   511                           
   512     0074                     ?___lwmod:	
   513                           ; 2 bytes @ 0x4
   514                           
   515     0074                     ___lwdiv@divisor:	
   516                           ; 2 bytes @ 0x4
   517                           
   518     0074                     ___lwmod@divisor:	
   519                           ; 2 bytes @ 0x4
   520                           
   521                           
   522                           ; 2 bytes @ 0x4
   523     0074                     	ds	2
   524     0076                     ___lwdiv@dividend:
   525     0076                     ___lwmod@dividend:	
   526                           ; 2 bytes @ 0x6
   527                           
   528                           
   529                           ; 2 bytes @ 0x6
   530     0076                     	ds	2
   531                           
   532                           	psect	cstackBANK0
   533     0020                     __pcstackBANK0:
   534     0020                     ??___lwdiv:
   535     0020                     ??___lwmod:	
   536                           ; 1 bytes @ 0x0
   537                           
   538     0020                     display@wait:	
   539                           ; 1 bytes @ 0x0
   540                           
   541                           
   542                           ; 4 bytes @ 0x0
   543     0020                     	ds	1
   544     0021                     ___lwdiv@counter:
   545     0021                     ___lwmod@counter:	
   546                           ; 1 bytes @ 0x1
   547                           
   548                           
   549                           ; 1 bytes @ 0x1
   550     0021                     	ds	1
   551     0022                     ___lwdiv@quotient:
   552                           
   553                           ; 2 bytes @ 0x2
   554     0022                     	ds	2
   555     0024                     display@data:
   556                           
   557                           ; 1 bytes @ 0x4
   558     0024                     	ds	1
   559     0025                     display@digit:
   560                           
   561                           ; 1 bytes @ 0x5
   562     0025                     	ds	1
   563     0026                     ??_main:
   564                           
   565                           ; 1 bytes @ 0x6
   566     0026                     	ds	4
   567     002A                     main@digits:
   568                           
   569                           ; 10 bytes @ 0xA
   570     002A                     	ds	10
   571     0034                     main@ssd:
   572                           
   573                           ; 4 bytes @ 0x14
   574     0034                     	ds	4
   575                           
   576                           	psect	maintext
   577     002B                     __pmaintext:	
   578 ;;
   579 ;;Main: autosize = 0, tempsize = 4, incstack = 0, save=0
   580 ;;
   581 ;; *************** function _main *****************
   582 ;; Defined at:
   583 ;;		line 29 in file "main.c"
   584 ;; Parameters:    Size  Location     Type
   585 ;;		None
   586 ;; Auto vars:     Size  Location     Type
   587 ;;  digits         10   10[BANK0 ] unsigned char [10]
   588 ;;  ssd             4   20[BANK0 ] unsigned char [4]
   589 ;; Return value:  Size  Location     Type
   590 ;;                  1    wreg      void 
   591 ;; Registers used:
   592 ;;		wreg, fsr0l, fsr0h, status,2, status,0, pclath, cstack
   593 ;; Tracked objects:
   594 ;;		On entry : B00/0
   595 ;;		On exit  : 0/0
   596 ;;		Unchanged: 0/0
   597 ;; Data sizes:     COMMON   BANK0   BANK1   BANK3   BANK2
   598 ;;      Params:         0       0       0       0       0
   599 ;;      Locals:         0      14       0       0       0
   600 ;;      Temps:          0       4       0       0       0
   601 ;;      Totals:         0      18       0       0       0
   602 ;;Total ram usage:       18 bytes
   603 ;; Hardware stack levels required when called: 3
   604 ;; This function calls:
   605 ;;		___lwdiv
   606 ;;		___lwmod
   607 ;;		_display
   608 ;;		_init_config
   609 ;; This function is called by:
   610 ;;		Startup code after reset
   611 ;; This function uses a non-reentrant model
   612 ;;
   613                           
   614     002B                     _main:	
   615                           ;psect for function _main
   616                           
   617     002B                     l965:	
   618                           ;incstack = 0
   619                           ; Regs used in _main: [wreg-fsr0h+status,2+status,0+pclath+cstack]
   620                           
   621                           
   622                           ;main.c: 30:             hour = 0;;main.c: 31:         }
   623     002B  302A               	movlw	main@digits& (0+255)
   624     002C  0084               	movwf	4
   625     002D  3038               	movlw	low main@F861
   626     002E  1283               	bcf	3,5	;RP0=0, select bank0
   627     002F  1303               	bcf	3,6	;RP1=0, select bank0
   628     0030  00A6               	movwf	??_main
   629     0031  0804               	movf	4,w
   630     0032  00A7               	movwf	??_main+1
   631     0033  300A               	movlw	10
   632     0034  00A8               	movwf	??_main+2
   633     0035                     u660:
   634     0035  0826               	movf	??_main,w
   635     0036  0084               	movwf	4
   636     0037  1383               	bcf	3,7	;select IRP bank0
   637     0038  0800               	movf	0,w
   638     0039  00A9               	movwf	??_main+3
   639     003A  0AA6               	incf	??_main,f
   640     003B  0827               	movf	??_main+1,w
   641     003C  0084               	movwf	4
   642     003D  0829               	movf	??_main+3,w
   643     003E  0080               	movwf	0
   644     003F  0AA7               	incf	??_main+1,f
   645     0040  0BA8               	decfsz	??_main+2,f
   646     0041  2835               	goto	u660
   647     0042                     l967:
   648                           
   649                           ;main.c: 32: 
   650     0042  120A  118A  2226  120A  118A  	fcall	_init_config
   651     0047                     l969:
   652                           
   653                           ;main.c: 36:         if(flag == 1)
   654     0047  303C               	movlw	60
   655     0048  1283               	bcf	3,5	;RP0=0, select bank0
   656     0049  1303               	bcf	3,6	;RP1=0, select bank0
   657     004A  064A               	xorwf	_minute,w
   658     004B  044B               	iorwf	_minute+1,w
   659     004C  1D03               	btfss	3,2
   660     004D  284F               	goto	u671
   661     004E  2850               	goto	u670
   662     004F                     u671:
   663     004F  2858               	goto	l975
   664     0050                     u670:
   665     0050                     l971:
   666                           
   667                           ;main.c: 37:         {;main.c: 38:             ssd[1] = digits[hour % 10] | 0x80;
   668     0050  3001               	movlw	1
   669     0051  07C2               	addwf	_hour,f
   670     0052  1803               	skipnc
   671     0053  0AC3               	incf	_hour+1,f
   672     0054  3000               	movlw	0
   673     0055  07C3               	addwf	_hour+1,f
   674     0056                     l973:
   675                           
   676                           ;main.c: 39:         }
   677     0056  01CA               	clrf	_minute
   678     0057  01CB               	clrf	_minute+1
   679     0058                     l975:
   680                           
   681                           ;main.c: 42:             ssd[1] = digits[hour % 10];
   682     0058  3018               	movlw	24
   683     0059  0642               	xorwf	_hour,w
   684     005A  0443               	iorwf	_hour+1,w
   685     005B  1D03               	btfss	3,2
   686     005C  285E               	goto	u681
   687     005D  285F               	goto	u680
   688     005E                     u681:
   689     005E  2861               	goto	l979
   690     005F                     u680:
   691     005F                     l977:
   692                           
   693                           ;main.c: 43:         };main.c: 44:         ssd[2] = digits[minute / 10];
   694     005F  01C2               	clrf	_hour
   695     0060  01C3               	clrf	_hour+1
   696     0061                     l979:
   697                           
   698                           ;main.c: 48:     }
   699     0061  300A               	movlw	10
   700     0062  00F4               	movwf	___lwdiv@divisor
   701     0063  3000               	movlw	0
   702     0064  00F5               	movwf	___lwdiv@divisor+1
   703     0065  0843               	movf	_hour+1,w
   704     0066  00F7               	movwf	___lwdiv@dividend+1
   705     0067  0842               	movf	_hour,w
   706     0068  00F6               	movwf	___lwdiv@dividend
   707     0069  120A  118A  2191  120A  118A  	fcall	___lwdiv
   708     006E  0874               	movf	?___lwdiv,w
   709     006F  3E2A               	addlw	(low (main@digits| 0))& (0+255)
   710     0070  0084               	movwf	4
   711     0071  1383               	bcf	3,7	;select IRP bank0
   712     0072  0800               	movf	0,w
   713     0073  1283               	bcf	3,5	;RP0=0, select bank0
   714     0074  1303               	bcf	3,6	;RP1=0, select bank0
   715     0075  00B4               	movwf	main@ssd
   716     0076                     l981:
   717                           
   718                           ;main.c: 50: }
   719     0076  0348               	decf	_flag,w
   720     0077  0449               	iorwf	_flag+1,w
   721     0078  1D03               	btfss	3,2
   722     0079  287B               	goto	u691
   723     007A  287C               	goto	u690
   724     007B                     u691:
   725     007B  2893               	goto	l985
   726     007C                     u690:
   727     007C                     l983:
   728     007C  300A               	movlw	10
   729     007D  00F4               	movwf	___lwmod@divisor
   730     007E  3000               	movlw	0
   731     007F  00F5               	movwf	___lwmod@divisor+1
   732     0080  0843               	movf	_hour+1,w
   733     0081  00F7               	movwf	___lwmod@dividend+1
   734     0082  0842               	movf	_hour,w
   735     0083  00F6               	movwf	___lwmod@dividend
   736     0084  120A  118A  21D7  120A  118A  	fcall	___lwmod
   737     0089  0874               	movf	?___lwmod,w
   738     008A  3E2A               	addlw	(low (main@digits| 0))& (0+255)
   739     008B  0084               	movwf	4
   740     008C  1383               	bcf	3,7	;select IRP bank0
   741     008D  0800               	movf	0,w
   742     008E  3880               	iorlw	128
   743     008F  1283               	bcf	3,5	;RP0=0, select bank0
   744     0090  1303               	bcf	3,6	;RP1=0, select bank0
   745     0091  00B5               	movwf	main@ssd+1
   746     0092  28A8               	goto	l49
   747     0093                     l985:
   748     0093  300A               	movlw	10
   749     0094  00F4               	movwf	___lwmod@divisor
   750     0095  3000               	movlw	0
   751     0096  00F5               	movwf	___lwmod@divisor+1
   752     0097  0843               	movf	_hour+1,w
   753     0098  00F7               	movwf	___lwmod@dividend+1
   754     0099  0842               	movf	_hour,w
   755     009A  00F6               	movwf	___lwmod@dividend
   756     009B  120A  118A  21D7  120A  118A  	fcall	___lwmod
   757     00A0  0874               	movf	?___lwmod,w
   758     00A1  3E2A               	addlw	(low (main@digits| 0))& (0+255)
   759     00A2  0084               	movwf	4
   760     00A3  1383               	bcf	3,7	;select IRP bank0
   761     00A4  0800               	movf	0,w
   762     00A5  1283               	bcf	3,5	;RP0=0, select bank0
   763     00A6  1303               	bcf	3,6	;RP1=0, select bank0
   764     00A7  00B5               	movwf	main@ssd+1
   765     00A8                     l49:
   766     00A8  300A               	movlw	10
   767     00A9  00F4               	movwf	___lwdiv@divisor
   768     00AA  3000               	movlw	0
   769     00AB  00F5               	movwf	___lwdiv@divisor+1
   770     00AC  084B               	movf	_minute+1,w
   771     00AD  00F7               	movwf	___lwdiv@dividend+1
   772     00AE  084A               	movf	_minute,w
   773     00AF  00F6               	movwf	___lwdiv@dividend
   774     00B0  120A  118A  2191  120A  118A  	fcall	___lwdiv
   775     00B5  0874               	movf	?___lwdiv,w
   776     00B6  3E2A               	addlw	(low (main@digits| 0))& (0+255)
   777     00B7  0084               	movwf	4
   778     00B8  1383               	bcf	3,7	;select IRP bank0
   779     00B9  0800               	movf	0,w
   780     00BA  1283               	bcf	3,5	;RP0=0, select bank0
   781     00BB  1303               	bcf	3,6	;RP1=0, select bank0
   782     00BC  00B6               	movwf	main@ssd+2
   783     00BD  300A               	movlw	10
   784     00BE  00F4               	movwf	___lwmod@divisor
   785     00BF  3000               	movlw	0
   786     00C0  00F5               	movwf	___lwmod@divisor+1
   787     00C1  084B               	movf	_minute+1,w
   788     00C2  00F7               	movwf	___lwmod@dividend+1
   789     00C3  084A               	movf	_minute,w
   790     00C4  00F6               	movwf	___lwmod@dividend
   791     00C5  120A  118A  21D7  120A  118A  	fcall	___lwmod
   792     00CA  0874               	movf	?___lwmod,w
   793     00CB  3E2A               	addlw	(low (main@digits| 0))& (0+255)
   794     00CC  0084               	movwf	4
   795     00CD  1383               	bcf	3,7	;select IRP bank0
   796     00CE  0800               	movf	0,w
   797     00CF  1283               	bcf	3,5	;RP0=0, select bank0
   798     00D0  1303               	bcf	3,6	;RP1=0, select bank0
   799     00D1  00B7               	movwf	main@ssd+3
   800     00D2  3034               	movlw	(low (main@ssd| 0))& (0+255)
   801     00D3  120A  118A  2137  120A  118A  	fcall	_display
   802     00D8  2847               	goto	l969
   803     00D9  120A  118A  280C   	ljmp	start
   804     00DC                     __end_of_main:
   805                           
   806                           	psect	text1
   807     0226                     __ptext1:	
   808 ;; *************** function _init_config *****************
   809 ;; Defined at:
   810 ;;		line 15 in file "main.c"
   811 ;; Parameters:    Size  Location     Type
   812 ;;		None
   813 ;; Auto vars:     Size  Location     Type
   814 ;;		None
   815 ;; Return value:  Size  Location     Type
   816 ;;                  1    wreg      void 
   817 ;; Registers used:
   818 ;;		wreg, status,2, status,0, pclath, cstack
   819 ;; Tracked objects:
   820 ;;		On entry : 0/0
   821 ;;		On exit  : 0/0
   822 ;;		Unchanged: 0/0
   823 ;; Data sizes:     COMMON   BANK0   BANK1   BANK3   BANK2
   824 ;;      Params:         0       0       0       0       0
   825 ;;      Locals:         0       0       0       0       0
   826 ;;      Temps:          0       0       0       0       0
   827 ;;      Totals:         0       0       0       0       0
   828 ;;Total ram usage:        0 bytes
   829 ;; Hardware stack levels used: 1
   830 ;; Hardware stack levels required when called: 2
   831 ;; This function calls:
   832 ;;		_init_ssd
   833 ;;		_init_timer0
   834 ;; This function is called by:
   835 ;;		_main
   836 ;; This function uses a non-reentrant model
   837 ;;
   838                           
   839     0226                     _init_config:	
   840                           ;psect for function _init_config
   841                           
   842     0226                     l827:	
   843                           ;incstack = 0
   844                           ; Regs used in _init_config: [wreg+status,2+status,0+pclath+cstack]
   845                           
   846                           
   847                           ;main.c: 18:     init_config();
   848     0226  120A  118A  224B  120A  118A  	fcall	_init_timer0
   849                           
   850                           ;main.c: 19: 
   851     022B  120A  118A  223F  120A  118A  	fcall	_init_ssd
   852     0230                     l829:
   853                           
   854                           ;main.c: 22:         if(minute == 60)
   855     0230  170B               	bsf	11,6	;volatile
   856     0231                     l831:
   857                           
   858                           ;main.c: 25:             minute = 0;
   859     0231  178B               	bsf	11,7	;volatile
   860     0232                     l38:
   861     0232  0008               	return
   862     0233                     __end_of_init_config:
   863                           
   864                           	psect	text2
   865     024B                     __ptext2:	
   866 ;; *************** function _init_timer0 *****************
   867 ;; Defined at:
   868 ;;		line 11 in file "timer.c"
   869 ;; Parameters:    Size  Location     Type
   870 ;;		None
   871 ;; Auto vars:     Size  Location     Type
   872 ;;		None
   873 ;; Return value:  Size  Location     Type
   874 ;;                  1    wreg      void 
   875 ;; Registers used:
   876 ;;		wreg
   877 ;; Tracked objects:
   878 ;;		On entry : 0/0
   879 ;;		On exit  : 0/0
   880 ;;		Unchanged: 0/0
   881 ;; Data sizes:     COMMON   BANK0   BANK1   BANK3   BANK2
   882 ;;      Params:         0       0       0       0       0
   883 ;;      Locals:         0       0       0       0       0
   884 ;;      Temps:          0       0       0       0       0
   885 ;;      Totals:         0       0       0       0       0
   886 ;;Total ram usage:        0 bytes
   887 ;; Hardware stack levels used: 1
   888 ;; Hardware stack levels required when called: 1
   889 ;; This function calls:
   890 ;;		Nothing
   891 ;; This function is called by:
   892 ;;		_init_config
   893 ;; This function uses a non-reentrant model
   894 ;;
   895                           
   896     024B                     _init_timer0:	
   897                           ;psect for function _init_timer0
   898                           
   899     024B                     l803:	
   900                           ;incstack = 0
   901                           ; Regs used in _init_timer0: [wreg]
   902                           
   903                           
   904                           ;timer.c: 14:     T0CS = 0;
   905     024B  1683               	bsf	3,5	;RP0=1, select bank1
   906     024C  1303               	bcf	3,6	;RP1=0, select bank1
   907     024D  1281               	bcf	1,5	;volatile
   908                           
   909                           ;timer.c: 17:     PSA = 1;
   910     024E  1581               	bsf	1,3	;volatile
   911     024F                     l805:
   912                           
   913                           ;timer.c: 19:     TMR0 = 6;
   914     024F  3006               	movlw	6
   915     0250  1283               	bcf	3,5	;RP0=0, select bank0
   916     0251  1303               	bcf	3,6	;RP1=0, select bank0
   917     0252  0081               	movwf	1	;volatile
   918     0253                     l807:
   919                           
   920                           ;timer.c: 22:     TMR0IE = 1;
   921     0253  168B               	bsf	11,5	;volatile
   922     0254                     l85:
   923     0254  0008               	return
   924     0255                     __end_of_init_timer0:
   925                           
   926                           	psect	text3
   927     023F                     __ptext3:	
   928 ;; *************** function _init_ssd *****************
   929 ;; Defined at:
   930 ;;		line 11 in file "ssd.c"
   931 ;; Parameters:    Size  Location     Type
   932 ;;		None
   933 ;; Auto vars:     Size  Location     Type
   934 ;;		None
   935 ;; Return value:  Size  Location     Type
   936 ;;                  1    wreg      void 
   937 ;; Registers used:
   938 ;;		wreg, status,2
   939 ;; Tracked objects:
   940 ;;		On entry : 0/0
   941 ;;		On exit  : 0/0
   942 ;;		Unchanged: 0/0
   943 ;; Data sizes:     COMMON   BANK0   BANK1   BANK3   BANK2
   944 ;;      Params:         0       0       0       0       0
   945 ;;      Locals:         0       0       0       0       0
   946 ;;      Temps:          0       0       0       0       0
   947 ;;      Totals:         0       0       0       0       0
   948 ;;Total ram usage:        0 bytes
   949 ;; Hardware stack levels used: 1
   950 ;; Hardware stack levels required when called: 1
   951 ;; This function calls:
   952 ;;		Nothing
   953 ;; This function is called by:
   954 ;;		_init_config
   955 ;; This function uses a non-reentrant model
   956 ;;
   957                           
   958     023F                     _init_ssd:	
   959                           ;psect for function _init_ssd
   960                           
   961     023F                     l797:	
   962                           ;incstack = 0
   963                           ; Regs used in _init_ssd: [wreg+status,2]
   964                           
   965                           
   966                           ;ssd.c: 14:     TRISD = 0x00;
   967     023F  1683               	bsf	3,5	;RP0=1, select bank1
   968     0240  1303               	bcf	3,6	;RP1=0, select bank1
   969     0241  0188               	clrf	8	;volatile
   970     0242                     l799:
   971                           
   972                           ;ssd.c: 17:     TRISA = TRISA & 0x03;
   973     0242  0805               	movf	5,w	;volatile
   974     0243  3903               	andlw	3
   975     0244  0085               	movwf	5	;volatile
   976     0245                     l801:
   977                           
   978                           ;ssd.c: 19:     PORTA = PORTA & 0x03;
   979     0245  1283               	bcf	3,5	;RP0=0, select bank0
   980     0246  1303               	bcf	3,6	;RP1=0, select bank0
   981     0247  0805               	movf	5,w	;volatile
   982     0248  3903               	andlw	3
   983     0249  0085               	movwf	5	;volatile
   984     024A                     l11:
   985     024A  0008               	return
   986     024B                     __end_of_init_ssd:
   987                           
   988                           	psect	text4
   989     0137                     __ptext4:	
   990 ;; *************** function _display *****************
   991 ;; Defined at:
   992 ;;		line 22 in file "ssd.c"
   993 ;; Parameters:    Size  Location     Type
   994 ;;  data            1    wreg     PTR unsigned char 
   995 ;;		 -> main@ssd(4), 
   996 ;; Auto vars:     Size  Location     Type
   997 ;;  data            1    4[BANK0 ] PTR unsigned char 
   998 ;;		 -> main@ssd(4), 
   999 ;;  wait            4    0[BANK0 ] unsigned long 
  1000 ;;  digit           1    5[BANK0 ] unsigned char 
  1001 ;; Return value:  Size  Location     Type
  1002 ;;                  1    wreg      void 
  1003 ;; Registers used:
  1004 ;;		wreg, fsr0l, fsr0h, status,2, status,0
  1005 ;; Tracked objects:
  1006 ;;		On entry : 0/0
  1007 ;;		On exit  : 0/0
  1008 ;;		Unchanged: 0/0
  1009 ;; Data sizes:     COMMON   BANK0   BANK1   BANK3   BANK2
  1010 ;;      Params:         0       0       0       0       0
  1011 ;;      Locals:         0       6       0       0       0
  1012 ;;      Temps:          4       0       0       0       0
  1013 ;;      Totals:         4       6       0       0       0
  1014 ;;Total ram usage:       10 bytes
  1015 ;; Hardware stack levels used: 1
  1016 ;; Hardware stack levels required when called: 1
  1017 ;; This function calls:
  1018 ;;		Nothing
  1019 ;; This function is called by:
  1020 ;;		_main
  1021 ;; This function uses a non-reentrant model
  1022 ;;
  1023                           
  1024     0137                     _display:	
  1025                           ;psect for function _display
  1026                           
  1027                           
  1028                           ;incstack = 0
  1029                           ; Regs used in _display: [wreg-fsr0h+status,2+status,0]
  1030                           ;display@data stored from wreg
  1031     0137  1283               	bcf	3,5	;RP0=0, select bank0
  1032     0138  1303               	bcf	3,6	;RP1=0, select bank0
  1033     0139  00A4               	movwf	display@data
  1034     013A                     l809:
  1035                           
  1036                           ;ssd.c: 22: void display(unsigned char data[]);ssd.c: 23: {;ssd.c: 24:     unsigned char
      +                           digit;;ssd.c: 26:     for (digit = 0; digit < 4; digit++)
  1037     013A  01A5               	clrf	display@digit
  1038     013B                     l815:
  1039                           
  1040                           ;ssd.c: 27:     {;ssd.c: 28:         PORTD = data[digit];
  1041     013B  0825               	movf	display@digit,w
  1042     013C  0724               	addwf	display@data,w
  1043     013D  00F4               	movwf	??_display
  1044     013E  0874               	movf	??_display,w
  1045     013F  0084               	movwf	4
  1046     0140  1383               	bcf	3,7	;select IRP bank0
  1047     0141  0800               	movf	0,w
  1048     0142  0088               	movwf	8	;volatile
  1049     0143                     l817:
  1050                           
  1051                           ;ssd.c: 29:         PORTA = (PORTA & 0x03) | (0x04 << digit);
  1052     0143  3004               	movlw	4
  1053     0144  00F4               	movwf	??_display
  1054     0145  0A25               	incf	display@digit,w
  1055     0146  2949               	goto	u274
  1056     0147                     u275:
  1057     0147  1003               	clrc
  1058     0148  0DF4               	rlf	??_display,f
  1059     0149                     u274:
  1060     0149  3EFF               	addlw	-1
  1061     014A  1D03               	skipz
  1062     014B  2947               	goto	u275
  1063     014C  0805               	movf	5,w	;volatile
  1064     014D  3903               	andlw	3
  1065     014E  0474               	iorwf	??_display,w
  1066     014F  0085               	movwf	5	;volatile
  1067     0150                     l819:
  1068                           
  1069                           ;ssd.c: 31:        for (unsigned long int wait = 400; wait--; );
  1070     0150  3000               	movlw	0
  1071     0151  00A3               	movwf	display@wait+3
  1072     0152  3000               	movlw	0
  1073     0153  00A2               	movwf	display@wait+2
  1074     0154  3001               	movlw	1
  1075     0155  00A1               	movwf	display@wait+1
  1076     0156  3090               	movlw	144
  1077     0157  00A0               	movwf	display@wait
  1078     0158                     l821:
  1079     0158  3001               	movlw	1
  1080     0159  00F4               	movwf	??_display
  1081     015A  3000               	movlw	0
  1082     015B  00F5               	movwf	??_display+1
  1083     015C  3000               	movlw	0
  1084     015D  00F6               	movwf	??_display+2
  1085     015E  3000               	movlw	0
  1086     015F  00F7               	movwf	??_display+3
  1087     0160  0874               	movf	??_display,w
  1088     0161  1283               	bcf	3,5	;RP0=0, select bank0
  1089     0162  1303               	bcf	3,6	;RP1=0, select bank0
  1090     0163  02A0               	subwf	display@wait,f
  1091     0164  0875               	movf	??_display+1,w
  1092     0165  1C03               	skipc
  1093     0166  0F75               	incfsz	??_display+1,w
  1094     0167  2969               	goto	u285
  1095     0168  296A               	goto	u286
  1096     0169                     u285:
  1097     0169  02A1               	subwf	display@wait+1,f
  1098     016A                     u286:
  1099     016A  0876               	movf	??_display+2,w
  1100     016B  1C03               	skipc
  1101     016C  0F76               	incfsz	??_display+2,w
  1102     016D  296F               	goto	u287
  1103     016E  2970               	goto	u288
  1104     016F                     u287:
  1105     016F  02A2               	subwf	display@wait+2,f
  1106     0170                     u288:
  1107     0170  0877               	movf	??_display+3,w
  1108     0171  1C03               	skipc
  1109     0172  0F77               	incfsz	??_display+3,w
  1110     0173  2975               	goto	u289
  1111     0174  2976               	goto	u280
  1112     0175                     u289:
  1113     0175  02A3               	subwf	display@wait+3,f
  1114     0176                     u280:
  1115     0176  0A20               	incf	display@wait,w
  1116     0177  1D03               	skipz
  1117     0178  2983               	goto	u291
  1118     0179  0A21               	incf	display@wait+1,w
  1119     017A  1D03               	skipz
  1120     017B  2983               	goto	u291
  1121     017C  0A22               	incf	display@wait+2,w
  1122     017D  1D03               	skipz
  1123     017E  2983               	goto	u291
  1124     017F  0A23               	incf	display@wait+3,w
  1125     0180  1D03               	btfss	3,2
  1126     0181  2983               	goto	u291
  1127     0182  2984               	goto	u290
  1128     0183                     u291:
  1129     0183  2958               	goto	l821
  1130     0184                     u290:
  1131     0184                     l823:
  1132                           
  1133                           ;ssd.c: 32:     }
  1134     0184  3001               	movlw	1
  1135     0185  00F4               	movwf	??_display
  1136     0186  0874               	movf	??_display,w
  1137     0187  1283               	bcf	3,5	;RP0=0, select bank0
  1138     0188  1303               	bcf	3,6	;RP1=0, select bank0
  1139     0189  07A5               	addwf	display@digit,f
  1140     018A                     l825:
  1141     018A  3004               	movlw	4
  1142     018B  0225               	subwf	display@digit,w
  1143     018C  1C03               	skipc
  1144     018D  298F               	goto	u301
  1145     018E  2990               	goto	u300
  1146     018F                     u301:
  1147     018F  293B               	goto	l815
  1148     0190                     u300:
  1149     0190                     l19:
  1150     0190  0008               	return
  1151     0191                     __end_of_display:
  1152                           
  1153                           	psect	text5
  1154     01D7                     __ptext5:	
  1155 ;; *************** function ___lwmod *****************
  1156 ;; Defined at:
  1157 ;;		line 5 in file "C:\Program Files\Microchip\xc8\v2.40\pic\sources\c90\common\lwmod.c"
  1158 ;; Parameters:    Size  Location     Type
  1159 ;;  divisor         2    4[COMMON] unsigned int 
  1160 ;;  dividend        2    6[COMMON] unsigned int 
  1161 ;; Auto vars:     Size  Location     Type
  1162 ;;  counter         1    1[BANK0 ] unsigned char 
  1163 ;; Return value:  Size  Location     Type
  1164 ;;                  2    4[COMMON] unsigned int 
  1165 ;; Registers used:
  1166 ;;		wreg, status,2, status,0
  1167 ;; Tracked objects:
  1168 ;;		On entry : 0/0
  1169 ;;		On exit  : 0/0
  1170 ;;		Unchanged: 0/0
  1171 ;; Data sizes:     COMMON   BANK0   BANK1   BANK3   BANK2
  1172 ;;      Params:         4       0       0       0       0
  1173 ;;      Locals:         0       1       0       0       0
  1174 ;;      Temps:          0       1       0       0       0
  1175 ;;      Totals:         4       2       0       0       0
  1176 ;;Total ram usage:        6 bytes
  1177 ;; Hardware stack levels used: 1
  1178 ;; Hardware stack levels required when called: 1
  1179 ;; This function calls:
  1180 ;;		Nothing
  1181 ;; This function is called by:
  1182 ;;		_main
  1183 ;; This function uses a non-reentrant model
  1184 ;;
  1185                           
  1186     01D7                     ___lwmod:	
  1187                           ;psect for function ___lwmod
  1188                           
  1189     01D7                     l943:	
  1190                           ;incstack = 0
  1191                           ; Regs used in ___lwmod: [wreg+status,2+status,0]
  1192                           
  1193     01D7  0874               	movf	___lwmod@divisor,w
  1194     01D8  0475               	iorwf	___lwmod@divisor+1,w
  1195     01D9  1903               	btfsc	3,2
  1196     01DA  29DC               	goto	u601
  1197     01DB  29DD               	goto	u600
  1198     01DC                     u601:
  1199     01DC  2A0E               	goto	l961
  1200     01DD                     u600:
  1201     01DD                     l945:
  1202     01DD  1283               	bcf	3,5	;RP0=0, select bank0
  1203     01DE  1303               	bcf	3,6	;RP1=0, select bank0
  1204     01DF  01A1               	clrf	___lwmod@counter
  1205     01E0  0AA1               	incf	___lwmod@counter,f
  1206     01E1  29ED               	goto	l951
  1207     01E2                     l947:
  1208     01E2  3001               	movlw	1
  1209     01E3                     u615:
  1210     01E3  1003               	clrc
  1211     01E4  0DF4               	rlf	___lwmod@divisor,f
  1212     01E5  0DF5               	rlf	___lwmod@divisor+1,f
  1213     01E6  3EFF               	addlw	-1
  1214     01E7  1D03               	skipz
  1215     01E8  29E3               	goto	u615
  1216     01E9                     l949:
  1217     01E9  3001               	movlw	1
  1218     01EA  00A0               	movwf	??___lwmod
  1219     01EB  0820               	movf	??___lwmod,w
  1220     01EC  07A1               	addwf	___lwmod@counter,f
  1221     01ED                     l951:
  1222     01ED  1FF5               	btfss	___lwmod@divisor+1,7
  1223     01EE  29F0               	goto	u621
  1224     01EF  29F1               	goto	u620
  1225     01F0                     u621:
  1226     01F0  29E2               	goto	l947
  1227     01F1                     u620:
  1228     01F1                     l953:
  1229     01F1  0875               	movf	___lwmod@divisor+1,w
  1230     01F2  0277               	subwf	___lwmod@dividend+1,w
  1231     01F3  1D03               	skipz
  1232     01F4  29F7               	goto	u635
  1233     01F5  0874               	movf	___lwmod@divisor,w
  1234     01F6  0276               	subwf	___lwmod@dividend,w
  1235     01F7                     u635:
  1236     01F7  1C03               	skipc
  1237     01F8  29FA               	goto	u631
  1238     01F9  29FB               	goto	u630
  1239     01FA                     u631:
  1240     01FA  2A01               	goto	l957
  1241     01FB                     u630:
  1242     01FB                     l955:
  1243     01FB  0874               	movf	___lwmod@divisor,w
  1244     01FC  02F6               	subwf	___lwmod@dividend,f
  1245     01FD  0875               	movf	___lwmod@divisor+1,w
  1246     01FE  1C03               	skipc
  1247     01FF  03F7               	decf	___lwmod@dividend+1,f
  1248     0200  02F7               	subwf	___lwmod@dividend+1,f
  1249     0201                     l957:
  1250     0201  3001               	movlw	1
  1251     0202                     u645:
  1252     0202  1003               	clrc
  1253     0203  0CF5               	rrf	___lwmod@divisor+1,f
  1254     0204  0CF4               	rrf	___lwmod@divisor,f
  1255     0205  3EFF               	addlw	-1
  1256     0206  1D03               	skipz
  1257     0207  2A02               	goto	u645
  1258     0208                     l959:
  1259     0208  3001               	movlw	1
  1260     0209  02A1               	subwf	___lwmod@counter,f
  1261     020A  1D03               	btfss	3,2
  1262     020B  2A0D               	goto	u651
  1263     020C  2A0E               	goto	u650
  1264     020D                     u651:
  1265     020D  29F1               	goto	l953
  1266     020E                     u650:
  1267     020E                     l961:
  1268     020E  0877               	movf	___lwmod@dividend+1,w
  1269     020F  00F5               	movwf	?___lwmod+1
  1270     0210  0876               	movf	___lwmod@dividend,w
  1271     0211  00F4               	movwf	?___lwmod
  1272     0212                     l453:
  1273     0212  0008               	return
  1274     0213                     __end_of___lwmod:
  1275                           
  1276                           	psect	text6
  1277     0191                     __ptext6:	
  1278 ;; *************** function ___lwdiv *****************
  1279 ;; Defined at:
  1280 ;;		line 5 in file "C:\Program Files\Microchip\xc8\v2.40\pic\sources\c90\common\lwdiv.c"
  1281 ;; Parameters:    Size  Location     Type
  1282 ;;  divisor         2    4[COMMON] unsigned int 
  1283 ;;  dividend        2    6[COMMON] unsigned int 
  1284 ;; Auto vars:     Size  Location     Type
  1285 ;;  quotient        2    2[BANK0 ] unsigned int 
  1286 ;;  counter         1    1[BANK0 ] unsigned char 
  1287 ;; Return value:  Size  Location     Type
  1288 ;;                  2    4[COMMON] unsigned int 
  1289 ;; Registers used:
  1290 ;;		wreg, status,2, status,0
  1291 ;; Tracked objects:
  1292 ;;		On entry : 0/0
  1293 ;;		On exit  : 0/0
  1294 ;;		Unchanged: 0/0
  1295 ;; Data sizes:     COMMON   BANK0   BANK1   BANK3   BANK2
  1296 ;;      Params:         4       0       0       0       0
  1297 ;;      Locals:         0       3       0       0       0
  1298 ;;      Temps:          0       1       0       0       0
  1299 ;;      Totals:         4       4       0       0       0
  1300 ;;Total ram usage:        8 bytes
  1301 ;; Hardware stack levels used: 1
  1302 ;; Hardware stack levels required when called: 1
  1303 ;; This function calls:
  1304 ;;		Nothing
  1305 ;; This function is called by:
  1306 ;;		_main
  1307 ;; This function uses a non-reentrant model
  1308 ;;
  1309                           
  1310     0191                     ___lwdiv:	
  1311                           ;psect for function ___lwdiv
  1312                           
  1313     0191                     l917:	
  1314                           ;incstack = 0
  1315                           ; Regs used in ___lwdiv: [wreg+status,2+status,0]
  1316                           
  1317     0191  1283               	bcf	3,5	;RP0=0, select bank0
  1318     0192  1303               	bcf	3,6	;RP1=0, select bank0
  1319     0193  01A2               	clrf	___lwdiv@quotient
  1320     0194  01A3               	clrf	___lwdiv@quotient+1
  1321     0195                     l919:
  1322     0195  0874               	movf	___lwdiv@divisor,w
  1323     0196  0475               	iorwf	___lwdiv@divisor+1,w
  1324     0197  1903               	btfsc	3,2
  1325     0198  299A               	goto	u531
  1326     0199  299B               	goto	u530
  1327     019A                     u531:
  1328     019A  29D2               	goto	l939
  1329     019B                     u530:
  1330     019B                     l921:
  1331     019B  01A1               	clrf	___lwdiv@counter
  1332     019C  0AA1               	incf	___lwdiv@counter,f
  1333     019D  29A9               	goto	l927
  1334     019E                     l923:
  1335     019E  3001               	movlw	1
  1336     019F                     u545:
  1337     019F  1003               	clrc
  1338     01A0  0DF4               	rlf	___lwdiv@divisor,f
  1339     01A1  0DF5               	rlf	___lwdiv@divisor+1,f
  1340     01A2  3EFF               	addlw	-1
  1341     01A3  1D03               	skipz
  1342     01A4  299F               	goto	u545
  1343     01A5                     l925:
  1344     01A5  3001               	movlw	1
  1345     01A6  00A0               	movwf	??___lwdiv
  1346     01A7  0820               	movf	??___lwdiv,w
  1347     01A8  07A1               	addwf	___lwdiv@counter,f
  1348     01A9                     l927:
  1349     01A9  1FF5               	btfss	___lwdiv@divisor+1,7
  1350     01AA  29AC               	goto	u551
  1351     01AB  29AD               	goto	u550
  1352     01AC                     u551:
  1353     01AC  299E               	goto	l923
  1354     01AD                     u550:
  1355     01AD                     l929:
  1356     01AD  3001               	movlw	1
  1357     01AE                     u565:
  1358     01AE  1003               	clrc
  1359     01AF  0DA2               	rlf	___lwdiv@quotient,f
  1360     01B0  0DA3               	rlf	___lwdiv@quotient+1,f
  1361     01B1  3EFF               	addlw	-1
  1362     01B2  1D03               	skipz
  1363     01B3  29AE               	goto	u565
  1364     01B4  0875               	movf	___lwdiv@divisor+1,w
  1365     01B5  0277               	subwf	___lwdiv@dividend+1,w
  1366     01B6  1D03               	skipz
  1367     01B7  29BA               	goto	u575
  1368     01B8  0874               	movf	___lwdiv@divisor,w
  1369     01B9  0276               	subwf	___lwdiv@dividend,w
  1370     01BA                     u575:
  1371     01BA  1C03               	skipc
  1372     01BB  29BD               	goto	u571
  1373     01BC  29BE               	goto	u570
  1374     01BD                     u571:
  1375     01BD  29C5               	goto	l935
  1376     01BE                     u570:
  1377     01BE                     l931:
  1378     01BE  0874               	movf	___lwdiv@divisor,w
  1379     01BF  02F6               	subwf	___lwdiv@dividend,f
  1380     01C0  0875               	movf	___lwdiv@divisor+1,w
  1381     01C1  1C03               	skipc
  1382     01C2  03F7               	decf	___lwdiv@dividend+1,f
  1383     01C3  02F7               	subwf	___lwdiv@dividend+1,f
  1384     01C4                     l933:
  1385     01C4  1422               	bsf	___lwdiv@quotient,0
  1386     01C5                     l935:
  1387     01C5  3001               	movlw	1
  1388     01C6                     u585:
  1389     01C6  1003               	clrc
  1390     01C7  0CF5               	rrf	___lwdiv@divisor+1,f
  1391     01C8  0CF4               	rrf	___lwdiv@divisor,f
  1392     01C9  3EFF               	addlw	-1
  1393     01CA  1D03               	skipz
  1394     01CB  29C6               	goto	u585
  1395     01CC                     l937:
  1396     01CC  3001               	movlw	1
  1397     01CD  02A1               	subwf	___lwdiv@counter,f
  1398     01CE  1D03               	btfss	3,2
  1399     01CF  29D1               	goto	u591
  1400     01D0  29D2               	goto	u590
  1401     01D1                     u591:
  1402     01D1  29AD               	goto	l929
  1403     01D2                     u590:
  1404     01D2                     l939:
  1405     01D2  0823               	movf	___lwdiv@quotient+1,w
  1406     01D3  00F5               	movwf	?___lwdiv+1
  1407     01D4  0822               	movf	___lwdiv@quotient,w
  1408     01D5  00F4               	movwf	?___lwdiv
  1409     01D6                     l443:
  1410     01D6  0008               	return
  1411     01D7                     __end_of___lwdiv:
  1412                           
  1413                           	psect	text7
  1414     00DC                     __ptext7:	
  1415 ;; *************** function _isr *****************
  1416 ;; Defined at:
  1417 ;;		line 10 in file "isr.c"
  1418 ;; Parameters:    Size  Location     Type
  1419 ;;		None
  1420 ;; Auto vars:     Size  Location     Type
  1421 ;;		None
  1422 ;; Return value:  Size  Location     Type
  1423 ;;                  1    wreg      void 
  1424 ;; Registers used:
  1425 ;;		wreg, status,2, status,0
  1426 ;; Tracked objects:
  1427 ;;		On entry : 0/0
  1428 ;;		On exit  : 0/0
  1429 ;;		Unchanged: 0/0
  1430 ;; Data sizes:     COMMON   BANK0   BANK1   BANK3   BANK2
  1431 ;;      Params:         0       0       0       0       0
  1432 ;;      Locals:         0       0       0       0       0
  1433 ;;      Temps:          4       0       0       0       0
  1434 ;;      Totals:         4       0       0       0       0
  1435 ;;Total ram usage:        4 bytes
  1436 ;; Hardware stack levels used: 1
  1437 ;; This function calls:
  1438 ;;		Nothing
  1439 ;; This function is called by:
  1440 ;;		Interrupt level 1
  1441 ;; This function uses a non-reentrant model
  1442 ;;
  1443                           
  1444     00DC                     _isr:	
  1445                           ;psect for function _isr
  1446                           
  1447     00DC                     i1l903:
  1448                           
  1449                           ;isr.c: 13:     static unsigned long int count0 = 0;;isr.c: 14:     static unsigned int 
      +                          count1 = 0;;isr.c: 18:     if (TMR0IF == 1)
  1450     00DC  1D0B               	btfss	11,2	;volatile
  1451     00DD  28DF               	goto	u48_21
  1452     00DE  28E0               	goto	u48_20
  1453     00DF                     u48_21:
  1454     00DF  2930               	goto	i1l74
  1455     00E0                     u48_20:
  1456     00E0                     i1l905:
  1457                           
  1458                           ;isr.c: 19:     {;isr.c: 21:         TMR0 = TMR0 + 8;
  1459     00E0  1283               	bcf	3,5	;RP0=0, select bank0
  1460     00E1  1303               	bcf	3,6	;RP1=0, select bank0
  1461     00E2  0801               	movf	1,w	;volatile
  1462     00E3  3E08               	addlw	8
  1463     00E4  0081               	movwf	1	;volatile
  1464                           
  1465                           ;isr.c: 24:         if(++count1 == 10000)
  1466     00E5  3001               	movlw	1
  1467     00E6  07F8               	addwf	isr@count1,f
  1468     00E7  1803               	skipnc
  1469     00E8  0AF9               	incf	isr@count1+1,f
  1470     00E9  3000               	movlw	0
  1471     00EA  07F9               	addwf	isr@count1+1,f
  1472     00EB  3010               	movlw	16
  1473     00EC  0678               	xorwf	isr@count1,w
  1474     00ED  3027               	movlw	39
  1475     00EE  1903               	skipnz
  1476     00EF  0679               	xorwf	isr@count1+1,w
  1477     00F0  1D03               	btfss	3,2
  1478     00F1  28F3               	goto	u49_21
  1479     00F2  28F4               	goto	u49_20
  1480     00F3                     u49_21:
  1481     00F3  2904               	goto	i1l911
  1482     00F4                     u49_20:
  1483     00F4                     i1l907:
  1484                           
  1485                           ;isr.c: 25:         {;isr.c: 26:             count1 = 0;
  1486     00F4  01F8               	clrf	isr@count1
  1487     00F5  01F9               	clrf	isr@count1+1
  1488     00F6                     i1l909:
  1489                           
  1490                           ;isr.c: 27:             flag = !flag;
  1491     00F6  0848               	movf	_flag,w
  1492     00F7  0449               	iorwf	_flag+1,w
  1493     00F8  1903               	btfsc	3,2
  1494     00F9  28FB               	goto	u50_21
  1495     00FA  28FD               	goto	u50_20
  1496     00FB                     u50_21:
  1497     00FB  3001               	movlw	1
  1498     00FC  28FE               	goto	u51_20
  1499     00FD                     u50_20:
  1500     00FD  3000               	movlw	0
  1501     00FE                     u51_20:
  1502     00FE  00F0               	movwf	??_isr
  1503     00FF  01F1               	clrf	??_isr+1
  1504     0100  0870               	movf	??_isr,w
  1505     0101  00C8               	movwf	_flag
  1506     0102  0871               	movf	??_isr+1,w
  1507     0103  00C9               	movwf	_flag+1
  1508     0104                     i1l911:
  1509                           
  1510                           ;isr.c: 30:         if (++count0 == 980000)
  1511     0104  3001               	movlw	1
  1512     0105  07C4               	addwf	isr@count0,f
  1513     0106  3000               	movlw	0
  1514     0107  1803               	skipnc
  1515     0108  3001               	movlw	1
  1516     0109  07C5               	addwf	isr@count0+1,f
  1517     010A  3000               	movlw	0
  1518     010B  1803               	skipnc
  1519     010C  3001               	movlw	1
  1520     010D  07C6               	addwf	isr@count0+2,f
  1521     010E  3000               	movlw	0
  1522     010F  1803               	skipnc
  1523     0110  3001               	movlw	1
  1524     0111  07C7               	addwf	isr@count0+3,f
  1525     0112  3020               	movlw	32
  1526     0113  0644               	xorwf	isr@count0,w
  1527     0114  30F4               	movlw	244
  1528     0115  1903               	skipnz
  1529     0116  0645               	xorwf	isr@count0+1,w
  1530     0117  300E               	movlw	14
  1531     0118  1903               	skipnz
  1532     0119  0646               	xorwf	isr@count0+2,w
  1533     011A  0447               	iorwf	isr@count0+3,w
  1534     011B  1D03               	btfss	3,2
  1535     011C  291E               	goto	u52_21
  1536     011D  291F               	goto	u52_20
  1537     011E                     u52_21:
  1538     011E  292F               	goto	i1l915
  1539     011F                     u52_20:
  1540     011F                     i1l913:
  1541                           
  1542                           ;isr.c: 31:         {;isr.c: 32:             count0 = 0;
  1543     011F  3000               	movlw	0
  1544     0120  1283               	bcf	3,5	;RP0=0, select bank0
  1545     0121  1303               	bcf	3,6	;RP1=0, select bank0
  1546     0122  00C7               	movwf	isr@count0+3
  1547     0123  3000               	movlw	0
  1548     0124  00C6               	movwf	isr@count0+2
  1549     0125  3000               	movlw	0
  1550     0126  00C5               	movwf	isr@count0+1
  1551     0127  3000               	movlw	0
  1552     0128  00C4               	movwf	isr@count0
  1553                           
  1554                           ;isr.c: 33:             minute++;
  1555     0129  3001               	movlw	1
  1556     012A  07CA               	addwf	_minute,f
  1557     012B  1803               	skipnc
  1558     012C  0ACB               	incf	_minute+1,f
  1559     012D  3000               	movlw	0
  1560     012E  07CB               	addwf	_minute+1,f
  1561     012F                     i1l915:
  1562                           
  1563                           ;isr.c: 36:         TMR0IF = 0;
  1564     012F  110B               	bcf	11,2	;volatile
  1565     0130                     i1l74:
  1566     0130  0873               	movf	??_isr+3,w
  1567     0131  008A               	movwf	10
  1568     0132  0E72               	swapf	??_isr+2,w
  1569     0133  0083               	movwf	3
  1570     0134  0EFE               	swapf	btemp,f
  1571     0135  0E7E               	swapf	btemp,w
  1572     0136  0009               	retfie
  1573     0137                     __end_of_isr:
  1574     007E                     btemp	set	126	;btemp
  1575     007E                     wtemp0	set	126
  1576                           
  1577                           	psect	intentry
  1578     0004                     __pintentry:	
  1579                           ;incstack = 0
  1580                           ; Regs used in _isr: [wreg+status,2+status,0]
  1581                           
  1582     0004                     interrupt_function:
  1583     007E                     saved_w	set	btemp
  1584     0004  00FE               	movwf	btemp
  1585     0005  0E03               	swapf	3,w
  1586     0006  00F2               	movwf	??_isr+2
  1587     0007  080A               	movf	10,w
  1588     0008  00F3               	movwf	??_isr+3
  1589     0009  120A  118A  28DC   	ljmp	_isr
  1590                           
  1591                           	psect	config
  1592                           
  1593                           ;Config register CONFIG @ 0x2007
  1594                           ;	Oscillator Selection bits
  1595                           ;	FOSC = 0x3, unprogrammed default
  1596                           ;	Watchdog Timer Enable bit
  1597                           ;	WDTE = OFF, WDT disabled
  1598                           ;	Power-up Timer Enable bit
  1599                           ;	PWRTE = 0x1, unprogrammed default
  1600                           ;	Brown-out Reset Enable bit
  1601                           ;	BOREN = 0x1, unprogrammed default
  1602                           ;	Low-Voltage (Single-Supply) In-Circuit Serial Programming Enable bit
  1603                           ;	LVP = 0x1, unprogrammed default
  1604                           ;	Data EEPROM Memory Code Protection bit
  1605                           ;	CPD = 0x1, unprogrammed default
  1606                           ;	Flash Program Memory Write Enable bits
  1607                           ;	WRT = 0x3, unprogrammed default
  1608                           ;	In-Circuit Debugger Mode bit
  1609                           ;	DEBUG = 0x1, unprogrammed default
  1610                           ;	Flash Program Memory Code Protection bit
  1611                           ;	CP = 0x1, unprogrammed default
  1612     2007                     	org	8199
  1613     2007  3FFB               	dw	16379

Data Sizes:
    Strings     0
    Constant    0
    Data        12
    BSS         10
    Persistent  0
    Stack       0

Auto Spaces:
    Space          Size  Autos    Used
    COMMON           14      8      10
    BANK0            80     24      44
    BANK1            80      0       0
    BANK3            96      0       0
    BANK2            96      0       0

Pointer List with Targets:

    display@data	PTR unsigned char  size(1) Largest target is 4
		 -> main@ssd(BANK0[4]), 


Critical Paths under _main in COMMON

    _main->___lwdiv
    _main->___lwmod
    _main->_display

Critical Paths under _isr in COMMON

    None.

Critical Paths under _main in BANK0

    _main->_display

Critical Paths under _isr in BANK0

    None.

Critical Paths under _main in BANK1

    None.

Critical Paths under _isr in BANK1

    None.

Critical Paths under _main in BANK3

    None.

Critical Paths under _isr in BANK3

    None.

Critical Paths under _main in BANK2

    None.

Critical Paths under _isr in BANK2

    None.

Call Graph Tables:

 ---------------------------------------------------------------------------------
 (Depth) Function   	        Calls       Base Space   Used Autos Params    Refs
 ---------------------------------------------------------------------------------
 (0) _main                                                18    18      0    1899
                                              6 BANK0     18    18      0
                            ___lwdiv
                            ___lwmod
                            _display
                        _init_config
 ---------------------------------------------------------------------------------
 (1) _init_config                                          0     0      0       0
                           _init_ssd
                        _init_timer0
 ---------------------------------------------------------------------------------
 (2) _init_timer0                                          0     0      0       0
 ---------------------------------------------------------------------------------
 (2) _init_ssd                                             0     0      0       0
 ---------------------------------------------------------------------------------
 (1) _display                                             10    10      0     168
                                              4 COMMON     4     4      0
                                              0 BANK0      6     6      0
 ---------------------------------------------------------------------------------
 (1) ___lwmod                                              6     2      4     772
                                              4 COMMON     4     0      4
                                              0 BANK0      2     2      0
 ---------------------------------------------------------------------------------
 (1) ___lwdiv                                              8     4      4     601
                                              4 COMMON     4     0      4
                                              0 BANK0      4     4      0
 ---------------------------------------------------------------------------------
 Estimated maximum stack depth 2
 ---------------------------------------------------------------------------------
 (Depth) Function   	        Calls       Base Space   Used Autos Params    Refs
 ---------------------------------------------------------------------------------
 (3) _isr                                                  4     4      0       0
                                              0 COMMON     4     4      0
 ---------------------------------------------------------------------------------
 Estimated maximum stack depth 3
 ---------------------------------------------------------------------------------

 Call Graph Graphs:

 _main (ROOT)
   ___lwdiv
   ___lwmod
   _display
   _init_config
     _init_ssd
     _init_timer0

 _isr (ROOT)

 Address spaces:
Name               Size   Autos  Total    Cost      Usage
BANK3               60      0       0       9        0.0%
BITBANK3            60      0       0       8        0.0%
SFR3                 0      0       0       4        0.0%
BITSFR3              0      0       0       4        0.0%
BANK2               60      0       0      11        0.0%
BITBANK2            60      0       0      10        0.0%
SFR2                 0      0       0       5        0.0%
BITSFR2              0      0       0       5        0.0%
BANK1               50      0       0       7        0.0%
BITBANK1            50      0       0       6        0.0%
SFR1                 0      0       0       2        0.0%
BITSFR1              0      0       0       2        0.0%
BANK0               50     18      2C       5       55.0%
BITBANK0            50      0       0       4        0.0%
SFR0                 0      0       0       1        0.0%
BITSFR0              0      0       0       1        0.0%
COMMON               E      8       A       1       71.4%
BITCOMMON            E      0       0       0        0.0%
CODE                 0      0       0       0        0.0%
DATA                 0      0      36      12        0.0%
ABS                  0      0      36       3        0.0%
NULL                 0      0       0       0        0.0%
STACK                0      0       0       2        0.0%
EEDATA             100      0       0       0        0.0%


Microchip Technology PIC Macro Assembler V2.40 build 20220703182018 
Symbol Table                                                                                   Tue Sep 13 07:39:42 2022

                      pc 0002                       l11 024A                       l19 0190  
                     l38 0232                       l49 00A8                       l85 0254  
                     fsr 0004                      l443 01D6                      l453 0212  
                    l801 0245                      l803 024B                      l821 0158  
                    l805 024F                      l823 0184                      l815 013B  
                    l807 0253                      l831 0231                      l921 019B  
                    l825 018A                      l817 0143                      l809 013A  
                    l931 01BE                      l923 019E                      l819 0150  
                    l827 0226                      l933 01C4                      l925 01A5  
                    l917 0191                      l829 0230                      l935 01C5  
                    l927 01A9                      l919 0195                      l951 01ED  
                    l943 01D7                      l937 01CC                      l929 01AD  
                    l953 01F1                      l945 01DD                      l961 020E  
                    l939 01D2                      l955 01FB                      l947 01E2  
                    l971 0050                      l957 0201                      l949 01E9  
                    l797 023F                      l981 0076                      l973 0056  
                    l965 002B                      l959 0208                      l799 0242  
                    l983 007C                      l975 0058                      l967 0042  
                    l985 0093                      l977 005F                      l969 0047  
                    l979 0061                      _GIE 005F                      u300 0190  
                    u301 018F                      u600 01DD                      u280 0176  
                    u601 01DC                      u530 019B                      u290 0184  
                    u274 0149                      u531 019A                      u291 0183  
                    u275 0147                      u620 01F1                      u621 01F0  
                    u285 0169                      u550 01AD                      u630 01FB  
                    u286 016A                      u551 01AC                      u631 01FA  
                    u615 01E3                      u287 016F                      u288 0170  
                    u545 019F                      u289 0175                      u570 01BE  
                    u650 020E                      u571 01BD                      u651 020D  
                    u635 01F7                      u660 0035                      u565 01AE  
                    u645 0202                      u590 01D2                      u670 0050  
                    u591 01D1                      u575 01BA                      u671 004F  
                    _PSA 040B                      u680 005F                      u585 01C6  
                    u681 005E                      u690 007C                      u691 007B  
                    _isr 00DC                      fsr0 0004                      indf 0000  
                   ?_isr 0070                     _T0CS 040D                     _PEIE 005E  
                   i1l74 0130                     _TMR0 0001              display@data 0024  
            display@wait 0020                     _flag 0048                     _main 002B  
                   _hour 0042                     btemp 007E                     start 000C  
                  ??_isr 0070                    ?_main 0070          __end_of___lwdiv 01D7  
        __end_of___lwmod 0213             ?_init_config 0070                    i1l911 0104  
                  i1l903 00DC                    i1l913 011F                    i1l905 00E0  
                  i1l915 012F                    i1l907 00F4                    i1l909 00F6  
                  u50_20 00FD                    u50_21 00FB                    u51_20 00FE  
                  _PORTA 0005                    _PORTD 0008                    u52_20 011F  
                  u52_21 011E                    u48_20 00E0                    u48_21 00DF  
                  u49_20 00F4                    u49_21 00F3                    _TRISA 0085  
                  _TRISD 0088             ?_init_timer0 0070             display@digit 0025  
        __end_of_display 0191                    pclath 000A                    status 0003  
                  wtemp0 007E          __initialization 000F             __end_of_main 00DC  
                 ??_main 0026                   _TMR0IE 005D                   _TMR0IF 005A  
              ??___lwdiv 0020                ??___lwmod 0020         __end_of_init_ssd 024B  
                 _minute 004A                ??_display 0074                   saved_w 007E  
__end_of__initialization 0027           __pcstackCOMMON 0070             __pidataBANK0 0233  
             __pbssBANK0 0044               __pmaintext 002B               __pintentry 0004  
              ?_init_ssd 0070                  ___lwdiv 0191                  ___lwmod 01D7  
                __ptext1 0226                  __ptext2 024B                  __ptext3 023F  
                __ptext4 0137                  __ptext5 01D7                  __ptext6 0191  
                __ptext7 00DC                  _display 0137                  main@ssd 0034  
   end_of_initialization 0027               ??_init_ssd 0074               main@digits 002A  
    start_initialization 000F              __end_of_isr 0137               init_fetch0 0213  
            __pdataBANK0 0038            ??_init_config 0074            ??_init_timer0 0074  
            __pbssCOMMON 0078                ___latbits 0002            __pcstackBANK0 0020  
       ___lwdiv@dividend 0076                 ?___lwdiv 0074                 ?___lwmod 0074  
               ?_display 0070         ___lwdiv@quotient 0022      __end_of_init_config 0233  
    __end_of_init_timer0 0255        interrupt_function 0004                isr@count0 0044  
              isr@count1 0078              _init_config 0226              _init_timer0 024B  
        ___lwdiv@divisor 0074          ___lwdiv@counter 0021                 _init_ssd 023F  
               main@F861 0038                 init_ram0 0217                 intlevel1 0000  
       ___lwmod@dividend 0076          ___lwmod@divisor 0074          ___lwmod@counter 0021  
