

Microchip MPLAB XC8 Assembler V2.40 build 20220703182018 
                                                                                               Sat Oct 22 17:41:53 2022

Microchip MPLAB XC8 C Compiler v2.40 (Free license) build 20220703182018 Og1 
     1                           	processor	16F877A
     2                           	pagewidth 120
     3                           	opt	flic
     4                           	psect	idataBANK0,global,class=CODE,delta=2,noexec
     5                           	psect	cinit,global,class=CODE,merge=1,delta=2
     6                           	psect	bssCOMMON,global,class=COMMON,space=1,delta=1,noexec
     7                           	psect	bssBANK0,global,class=BANK0,space=1,delta=1,noexec
     8                           	psect	dataBANK0,global,class=BANK0,space=1,delta=1,noexec
     9                           	psect	cstackCOMMON,global,class=COMMON,space=1,delta=1,noexec
    10                           	psect	cstackBANK0,global,class=BANK0,space=1,delta=1,noexec
    11                           	psect	maintext,global,class=CODE,split=1,delta=2
    12                           	psect	text1,local,class=CODE,merge=1,delta=2
    13                           	psect	text2,local,class=CODE,merge=1,delta=2
    14                           	psect	text3,local,class=CODE,merge=1,delta=2
    15                           	psect	text4,local,class=CODE,merge=1,delta=2
    16                           	psect	text5,local,class=CODE,merge=1,delta=2
    17                           	psect	text6,local,class=CODE,merge=1,delta=2
    18                           	psect	intentry,global,class=CODE,delta=2
    19                           	psect	config,global,abs,ovrld,class=CONFIG,space=4,delta=2,noexec
    20                           	dabs	1,0x7E,2
    21     0000                     
    22                           ; Version 2.20
    23                           ; Generated 12/02/2020 GMT
    24                           ; 
    25                           ; Copyright © 2020, Microchip Technology Inc. and its subsidiaries ("Microchip")
    26                           ; All rights reserved.
    27                           ; 
    28                           ; This software is developed by Microchip Technology Inc. and its subsidiaries ("Microch
      +                          ip").
    29                           ; 
    30                           ; Redistribution and use in source and binary forms, with or without modification, are
    31                           ; permitted provided that the following conditions are met:
    32                           ; 
    33                           ;     1. Redistributions of source code must retain the above copyright notice, this lis
      +                          t of
    34                           ;        conditions and the following disclaimer.
    35                           ; 
    36                           ;     2. Redistributions in binary form must reproduce the above copyright notice, this 
      +                          list
    37                           ;        of conditions and the following disclaimer in the documentation and/or other
    38                           ;        materials provided with the distribution.
    39                           ; 
    40                           ;     3. Microchip's name may not be used to endorse or promote products derived from th
      +                          is
    41                           ;        software without specific prior written permission.
    42                           ; 
    43                           ; THIS SOFTWARE IS PROVIDED BY MICROCHIP "AS IS" AND ANY EXPRESS OR IMPLIED WARRANTIES,
    44                           ; INCLUDING, BUT NOT LIMITED TO, THE IMPLIED WARRANTIES OF MERCHANTABILITY AND FITNESS F
      +                          OR
    45                           ; PURPOSE ARE DISCLAIMED.  IN NO EVENT SHALL MICROCHIP BE LIABLE FOR ANY DIRECT, INDIREC
      +                          T,
    46                           ; INCIDENTAL, SPECIAL, EXEMPLARY, OR CONSEQUENTIAL DAMAGES (INCLUDING BUT NOT LIMITED TO
    47                           ; PROCUREMENT OF SUBSTITUTE GOODS OR SERVICES; LOSS OF USE, DATA OR PROFITS; OR BUSINESS
    48                           ; INTERRUPTION) HOWSOEVER CAUSED AND ON ANY THEORY OF LIABILITY, WHETHER IN CONTRACT, ST
      +                          RICT
    49                           ; LIABILITY, OR TORT (INCLUDING NEGLIGENCE OR OTHERWISE) ARISING IN ANY WAY OUT OF THE U
      +                          SE OF
    50                           ; THIS SOFTWARE, EVEN IF ADVISED OF THE POSSIBILITY OF SUCH DAMAGE.
    51                           ; 
    52                           ; 
    53                           ; Code-generator required, PIC16F877A Definitions
    54                           ; 
    55                           ; SFR Addresses
    56     0000                     	;# 
    57     0001                     	;# 
    58     0002                     	;# 
    59     0003                     	;# 
    60     0004                     	;# 
    61     0005                     	;# 
    62     0006                     	;# 
    63     0007                     	;# 
    64     0008                     	;# 
    65     0009                     	;# 
    66     000A                     	;# 
    67     000B                     	;# 
    68     000C                     	;# 
    69     000D                     	;# 
    70     000E                     	;# 
    71     000E                     	;# 
    72     000F                     	;# 
    73     0010                     	;# 
    74     0011                     	;# 
    75     0012                     	;# 
    76     0013                     	;# 
    77     0014                     	;# 
    78     0015                     	;# 
    79     0015                     	;# 
    80     0016                     	;# 
    81     0017                     	;# 
    82     0018                     	;# 
    83     0019                     	;# 
    84     001A                     	;# 
    85     001B                     	;# 
    86     001B                     	;# 
    87     001C                     	;# 
    88     001D                     	;# 
    89     001E                     	;# 
    90     001F                     	;# 
    91     0081                     	;# 
    92     0085                     	;# 
    93     0086                     	;# 
    94     0087                     	;# 
    95     0088                     	;# 
    96     0089                     	;# 
    97     008C                     	;# 
    98     008D                     	;# 
    99     008E                     	;# 
   100     0091                     	;# 
   101     0092                     	;# 
   102     0093                     	;# 
   103     0094                     	;# 
   104     0098                     	;# 
   105     0099                     	;# 
   106     009C                     	;# 
   107     009D                     	;# 
   108     009E                     	;# 
   109     009F                     	;# 
   110     010C                     	;# 
   111     010D                     	;# 
   112     010E                     	;# 
   113     010F                     	;# 
   114     018C                     	;# 
   115     018D                     	;# 
   116     0000                     	;# 
   117     0001                     	;# 
   118     0002                     	;# 
   119     0003                     	;# 
   120     0004                     	;# 
   121     0005                     	;# 
   122     0006                     	;# 
   123     0007                     	;# 
   124     0008                     	;# 
   125     0009                     	;# 
   126     000A                     	;# 
   127     000B                     	;# 
   128     000C                     	;# 
   129     000D                     	;# 
   130     000E                     	;# 
   131     000E                     	;# 
   132     000F                     	;# 
   133     0010                     	;# 
   134     0011                     	;# 
   135     0012                     	;# 
   136     0013                     	;# 
   137     0014                     	;# 
   138     0015                     	;# 
   139     0015                     	;# 
   140     0016                     	;# 
   141     0017                     	;# 
   142     0018                     	;# 
   143     0019                     	;# 
   144     001A                     	;# 
   145     001B                     	;# 
   146     001B                     	;# 
   147     001C                     	;# 
   148     001D                     	;# 
   149     001E                     	;# 
   150     001F                     	;# 
   151     0081                     	;# 
   152     0085                     	;# 
   153     0086                     	;# 
   154     0087                     	;# 
   155     0088                     	;# 
   156     0089                     	;# 
   157     008C                     	;# 
   158     008D                     	;# 
   159     008E                     	;# 
   160     0091                     	;# 
   161     0092                     	;# 
   162     0093                     	;# 
   163     0094                     	;# 
   164     0098                     	;# 
   165     0099                     	;# 
   166     009C                     	;# 
   167     009D                     	;# 
   168     009E                     	;# 
   169     009F                     	;# 
   170     010C                     	;# 
   171     010D                     	;# 
   172     010E                     	;# 
   173     010F                     	;# 
   174     018C                     	;# 
   175     018D                     	;# 
   176     0000                     	;# 
   177     0001                     	;# 
   178     0002                     	;# 
   179     0003                     	;# 
   180     0004                     	;# 
   181     0005                     	;# 
   182     0006                     	;# 
   183     0007                     	;# 
   184     0008                     	;# 
   185     0009                     	;# 
   186     000A                     	;# 
   187     000B                     	;# 
   188     000C                     	;# 
   189     000D                     	;# 
   190     000E                     	;# 
   191     000E                     	;# 
   192     000F                     	;# 
   193     0010                     	;# 
   194     0011                     	;# 
   195     0012                     	;# 
   196     0013                     	;# 
   197     0014                     	;# 
   198     0015                     	;# 
   199     0015                     	;# 
   200     0016                     	;# 
   201     0017                     	;# 
   202     0018                     	;# 
   203     0019                     	;# 
   204     001A                     	;# 
   205     001B                     	;# 
   206     001B                     	;# 
   207     001C                     	;# 
   208     001D                     	;# 
   209     001E                     	;# 
   210     001F                     	;# 
   211     0081                     	;# 
   212     0085                     	;# 
   213     0086                     	;# 
   214     0087                     	;# 
   215     0088                     	;# 
   216     0089                     	;# 
   217     008C                     	;# 
   218     008D                     	;# 
   219     008E                     	;# 
   220     0091                     	;# 
   221     0092                     	;# 
   222     0093                     	;# 
   223     0094                     	;# 
   224     0098                     	;# 
   225     0099                     	;# 
   226     009C                     	;# 
   227     009D                     	;# 
   228     009E                     	;# 
   229     009F                     	;# 
   230     010C                     	;# 
   231     010D                     	;# 
   232     010E                     	;# 
   233     010F                     	;# 
   234     018C                     	;# 
   235     018D                     	;# 
   236     0000                     	;# 
   237     0001                     	;# 
   238     0002                     	;# 
   239     0003                     	;# 
   240     0004                     	;# 
   241     0005                     	;# 
   242     0006                     	;# 
   243     0007                     	;# 
   244     0008                     	;# 
   245     0009                     	;# 
   246     000A                     	;# 
   247     000B                     	;# 
   248     000C                     	;# 
   249     000D                     	;# 
   250     000E                     	;# 
   251     000E                     	;# 
   252     000F                     	;# 
   253     0010                     	;# 
   254     0011                     	;# 
   255     0012                     	;# 
   256     0013                     	;# 
   257     0014                     	;# 
   258     0015                     	;# 
   259     0015                     	;# 
   260     0016                     	;# 
   261     0017                     	;# 
   262     0018                     	;# 
   263     0019                     	;# 
   264     001A                     	;# 
   265     001B                     	;# 
   266     001B                     	;# 
   267     001C                     	;# 
   268     001D                     	;# 
   269     001E                     	;# 
   270     001F                     	;# 
   271     0081                     	;# 
   272     0085                     	;# 
   273     0086                     	;# 
   274     0087                     	;# 
   275     0088                     	;# 
   276     0089                     	;# 
   277     008C                     	;# 
   278     008D                     	;# 
   279     008E                     	;# 
   280     0091                     	;# 
   281     0092                     	;# 
   282     0093                     	;# 
   283     0094                     	;# 
   284     0098                     	;# 
   285     0099                     	;# 
   286     009C                     	;# 
   287     009D                     	;# 
   288     009E                     	;# 
   289     009F                     	;# 
   290     010C                     	;# 
   291     010D                     	;# 
   292     010E                     	;# 
   293     010F                     	;# 
   294     018C                     	;# 
   295     018D                     	;# 
   296     0000                     	;# 
   297     0001                     	;# 
   298     0002                     	;# 
   299     0003                     	;# 
   300     0004                     	;# 
   301     0005                     	;# 
   302     0006                     	;# 
   303     0007                     	;# 
   304     0008                     	;# 
   305     0009                     	;# 
   306     000A                     	;# 
   307     000B                     	;# 
   308     000C                     	;# 
   309     000D                     	;# 
   310     000E                     	;# 
   311     000E                     	;# 
   312     000F                     	;# 
   313     0010                     	;# 
   314     0011                     	;# 
   315     0012                     	;# 
   316     0013                     	;# 
   317     0014                     	;# 
   318     0015                     	;# 
   319     0015                     	;# 
   320     0016                     	;# 
   321     0017                     	;# 
   322     0018                     	;# 
   323     0019                     	;# 
   324     001A                     	;# 
   325     001B                     	;# 
   326     001B                     	;# 
   327     001C                     	;# 
   328     001D                     	;# 
   329     001E                     	;# 
   330     001F                     	;# 
   331     0081                     	;# 
   332     0085                     	;# 
   333     0086                     	;# 
   334     0087                     	;# 
   335     0088                     	;# 
   336     0089                     	;# 
   337     008C                     	;# 
   338     008D                     	;# 
   339     008E                     	;# 
   340     0091                     	;# 
   341     0092                     	;# 
   342     0093                     	;# 
   343     0094                     	;# 
   344     0098                     	;# 
   345     0099                     	;# 
   346     009C                     	;# 
   347     009D                     	;# 
   348     009E                     	;# 
   349     009F                     	;# 
   350     010C                     	;# 
   351     010D                     	;# 
   352     010E                     	;# 
   353     010F                     	;# 
   354     018C                     	;# 
   355     018D                     	;# 
   356     0000                     	;# 
   357     0001                     	;# 
   358     0002                     	;# 
   359     0003                     	;# 
   360     0004                     	;# 
   361     0005                     	;# 
   362     0006                     	;# 
   363     0007                     	;# 
   364     0008                     	;# 
   365     0009                     	;# 
   366     000A                     	;# 
   367     000B                     	;# 
   368     000C                     	;# 
   369     000D                     	;# 
   370     000E                     	;# 
   371     000E                     	;# 
   372     000F                     	;# 
   373     0010                     	;# 
   374     0011                     	;# 
   375     0012                     	;# 
   376     0013                     	;# 
   377     0014                     	;# 
   378     0015                     	;# 
   379     0015                     	;# 
   380     0016                     	;# 
   381     0017                     	;# 
   382     0018                     	;# 
   383     0019                     	;# 
   384     001A                     	;# 
   385     001B                     	;# 
   386     001B                     	;# 
   387     001C                     	;# 
   388     001D                     	;# 
   389     001E                     	;# 
   390     001F                     	;# 
   391     0081                     	;# 
   392     0085                     	;# 
   393     0086                     	;# 
   394     0087                     	;# 
   395     0088                     	;# 
   396     0089                     	;# 
   397     008C                     	;# 
   398     008D                     	;# 
   399     008E                     	;# 
   400     0091                     	;# 
   401     0092                     	;# 
   402     0093                     	;# 
   403     0094                     	;# 
   404     0098                     	;# 
   405     0099                     	;# 
   406     009C                     	;# 
   407     009D                     	;# 
   408     009E                     	;# 
   409     009F                     	;# 
   410     010C                     	;# 
   411     010D                     	;# 
   412     010E                     	;# 
   413     010F                     	;# 
   414     018C                     	;# 
   415     018D                     	;# 
   416                           
   417                           	psect	idataBANK0
   418     0116                     __pidataBANK0:
   419                           
   420                           ;initializer for main@ssd
   421     0116  3406               	retlw	6
   422     0117  345B               	retlw	91
   423     0118  344F               	retlw	79
   424     0119  3466               	retlw	102
   425     0001                     _TMR0	set	1
   426     0008                     _PORTD	set	8
   427     0005                     _PORTA	set	5
   428     0006                     _PORTB	set	6
   429     005C                     _INTE	set	92
   430     0031                     _RB1	set	49
   431     005A                     _TMR0IF	set	90
   432     0059                     _INTF	set	89
   433     005D                     _TMR0IE	set	93
   434     005F                     _GIE	set	95
   435     005E                     _PEIE	set	94
   436     0085                     _TRISA	set	133
   437     0088                     _TRISD	set	136
   438     0086                     _TRISB	set	134
   439     040E                     _INTEDG	set	1038
   440     040B                     _PSA	set	1035
   441     040D                     _T0CS	set	1037
   442                           
   443                           	psect	cinit
   444     000F                     start_initialization:	
   445                           ; #config settings
   446                           
   447     000F                     __initialization:
   448                           
   449                           ; Initialize objects allocated to BANK0
   450     000F  120A  118A  2116  120A  118A  	fcall	__pidataBANK0	;fetch initializer
   451     0014  00A6               	movwf	__pdataBANK0& (0+127)
   452     0015  120A  118A  2117  120A  118A  	fcall	__pidataBANK0+1	;fetch initializer
   453     001A  00A7               	movwf	(__pdataBANK0+1)& (0+127)
   454     001B  120A  118A  2118  120A  118A  	fcall	__pidataBANK0+2	;fetch initializer
   455     0020  00A8               	movwf	(__pdataBANK0+2)& (0+127)
   456     0021  120A  118A  2119  120A  118A  	fcall	__pidataBANK0+3	;fetch initializer
   457     0026  00A9               	movwf	(__pdataBANK0+3)& (0+127)
   458                           
   459                           ; Clear objects allocated to BANK0
   460     0027  01AA               	clrf	__pbssBANK0& (0+127)
   461     0028  01AB               	clrf	(__pbssBANK0+1)& (0+127)
   462                           
   463                           ; Clear objects allocated to COMMON
   464     0029  01F6               	clrf	__pbssCOMMON& (0+127)
   465     002A  01F7               	clrf	(__pbssCOMMON+1)& (0+127)
   466     002B                     end_of_initialization:	
   467                           ;End of C runtime variable initialization code
   468                           
   469     002B                     __end_of__initialization:
   470     002B  0183               	clrf	3
   471     002C  120A  118A  28C9   	ljmp	_main	;jump to C main() function
   472                           
   473                           	psect	bssCOMMON
   474     0076                     __pbssCOMMON:
   475     0076                     _sec:
   476     0076                     	ds	2
   477                           
   478                           	psect	bssBANK0
   479     002A                     __pbssBANK0:
   480     002A                     isr@count:
   481     002A                     	ds	2
   482                           
   483                           	psect	dataBANK0
   484     0026                     __pdataBANK0:
   485     0026                     main@ssd:
   486     0026                     	ds	4
   487                           
   488                           	psect	cstackCOMMON
   489     0070                     __pcstackCOMMON:
   490     0070                     ?_init_ext_int:
   491     0070                     ?_init_timer0:	
   492                           ; 1 bytes @ 0x0
   493                           
   494     0070                     ?_init_ssd:	
   495                           ; 1 bytes @ 0x0
   496                           
   497     0070                     ?_display:	
   498                           ; 1 bytes @ 0x0
   499                           
   500     0070                     ?_init_config:	
   501                           ; 1 bytes @ 0x0
   502                           
   503     0070                     ?_main:	
   504                           ; 1 bytes @ 0x0
   505                           
   506     0070                     ?_isr:	
   507                           ; 1 bytes @ 0x0
   508                           
   509     0070                     ??_isr:	
   510                           ; 1 bytes @ 0x0
   511                           
   512                           
   513                           ; 1 bytes @ 0x0
   514     0070                     	ds	2
   515     0072                     ??_init_ext_int:
   516     0072                     ??_init_timer0:	
   517                           ; 1 bytes @ 0x2
   518                           
   519     0072                     ??_init_ssd:	
   520                           ; 1 bytes @ 0x2
   521                           
   522     0072                     ??_display:	
   523                           ; 1 bytes @ 0x2
   524                           
   525     0072                     ??_init_config:	
   526                           ; 1 bytes @ 0x2
   527                           
   528                           
   529                           ; 1 bytes @ 0x2
   530     0072                     	ds	4
   531     0076                     ??_main:
   532                           
   533                           	psect	cstackBANK0
   534     0020                     __pcstackBANK0:	
   535                           ; 1 bytes @ 0x6
   536                           
   537     0020                     display@wait:
   538                           
   539                           ; 4 bytes @ 0x0
   540     0020                     	ds	4
   541     0024                     display@data:
   542                           
   543                           ; 1 bytes @ 0x4
   544     0024                     	ds	1
   545     0025                     display@digit:
   546                           
   547                           ; 1 bytes @ 0x5
   548     0025                     	ds	1
   549                           
   550                           	psect	maintext
   551     00C9                     __pmaintext:	
   552 ;;
   553 ;;Main: autosize = 0, tempsize = 0, incstack = 0, save=0
   554 ;;
   555 ;; *************** function _main *****************
   556 ;; Defined at:
   557 ;;		line 31 in file "main.c"
   558 ;; Parameters:    Size  Location     Type
   559 ;;		None
   560 ;; Auto vars:     Size  Location     Type
   561 ;;		None
   562 ;; Return value:  Size  Location     Type
   563 ;;                  1    wreg      void 
   564 ;; Registers used:
   565 ;;		wreg, fsr0l, fsr0h, status,2, status,0, pclath, cstack
   566 ;; Tracked objects:
   567 ;;		On entry : B00/0
   568 ;;		On exit  : 0/0
   569 ;;		Unchanged: 0/0
   570 ;; Data sizes:     COMMON   BANK0   BANK1   BANK3   BANK2
   571 ;;      Params:         0       0       0       0       0
   572 ;;      Locals:         0       0       0       0       0
   573 ;;      Temps:          0       0       0       0       0
   574 ;;      Totals:         0       0       0       0       0
   575 ;;Total ram usage:        0 bytes
   576 ;; Hardware stack levels required when called: 3
   577 ;; This function calls:
   578 ;;		_display
   579 ;;		_init_config
   580 ;; This function is called by:
   581 ;;		Startup code after reset
   582 ;; This function uses a non-reentrant model
   583 ;;
   584                           
   585     00C9                     _main:	
   586                           ;psect for function _main
   587                           
   588     00C9                     l846:	
   589                           ;incstack = 0
   590                           ; Regs used in _main: [wreg-fsr0h+status,2+status,0+pclath+cstack]
   591                           
   592                           
   593                           ;main.c: 33:     }
   594     00C9  120A  118A  20E3  120A  118A  	fcall	_init_config
   595     00CE                     l848:
   596     00CE  3000               	movlw	0
   597     00CF  0277               	subwf	_sec+1,w
   598     00D0  3005               	movlw	5
   599     00D1  1903               	skipnz
   600     00D2  0276               	subwf	_sec,w
   601     00D3  1803               	skipnc
   602     00D4  28D6               	goto	u251
   603     00D5  28D7               	goto	u250
   604     00D6                     u251:
   605     00D6  28DE               	goto	l29
   606     00D7                     u250:
   607     00D7                     l850:
   608     00D7  3026               	movlw	(low (main@ssd| 0))& (0+255)
   609     00D8  120A  118A  202F  120A  118A  	fcall	_display
   610     00DD  28CE               	goto	l848
   611     00DE                     l29:
   612     00DE  0063               	sleep	;# 
   613     00DF  28CE               	goto	l848
   614     00E0  120A  118A  280C   	ljmp	start
   615     00E3                     __end_of_main:
   616                           
   617                           	psect	text1
   618     00E3                     __ptext1:	
   619 ;; *************** function _init_config *****************
   620 ;; Defined at:
   621 ;;		line 17 in file "main.c"
   622 ;; Parameters:    Size  Location     Type
   623 ;;		None
   624 ;; Auto vars:     Size  Location     Type
   625 ;;		None
   626 ;; Return value:  Size  Location     Type
   627 ;;                  1    wreg      void 
   628 ;; Registers used:
   629 ;;		wreg, status,2, status,0, pclath, cstack
   630 ;; Tracked objects:
   631 ;;		On entry : 0/0
   632 ;;		On exit  : 0/0
   633 ;;		Unchanged: 0/0
   634 ;; Data sizes:     COMMON   BANK0   BANK1   BANK3   BANK2
   635 ;;      Params:         0       0       0       0       0
   636 ;;      Locals:         0       0       0       0       0
   637 ;;      Temps:          0       0       0       0       0
   638 ;;      Totals:         0       0       0       0       0
   639 ;;Total ram usage:        0 bytes
   640 ;; Hardware stack levels used: 1
   641 ;; Hardware stack levels required when called: 2
   642 ;; This function calls:
   643 ;;		_init_ext_int
   644 ;;		_init_ssd
   645 ;;		_init_timer0
   646 ;; This function is called by:
   647 ;;		_main
   648 ;; This function uses a non-reentrant model
   649 ;;
   650                           
   651     00E3                     _init_config:	
   652                           ;psect for function _init_config
   653                           
   654     00E3                     l770:	
   655                           ;incstack = 0
   656                           ; Regs used in _init_config: [wreg+status,2+status,0+pclath+cstack]
   657                           
   658                           
   659                           ;main.c: 19:     static unsigned char ssd[4]={0x06, 0x5B, 0x4F, 0x66};
   660     00E3  1683               	bsf	3,5	;RP0=1, select bank1
   661     00E4  1303               	bcf	3,6	;RP1=0, select bank1
   662     00E5  0186               	clrf	6	;volatile
   663                           
   664                           ;main.c: 22: 
   665     00E6  1283               	bcf	3,5	;RP0=0, select bank0
   666     00E7  1303               	bcf	3,6	;RP1=0, select bank0
   667     00E8  0186               	clrf	6	;volatile
   668     00E9                     l772:
   669                           
   670                           ;main.c: 24:         {
   671     00E9  120A  118A  2111  120A  118A  	fcall	_init_ext_int
   672     00EE                     l774:
   673                           
   674                           ;main.c: 25:              display(ssd);
   675     00EE  120A  118A  2107  120A  118A  	fcall	_init_timer0
   676     00F3                     l776:
   677                           
   678                           ;main.c: 26:         }
   679     00F3  120A  118A  20FB  120A  118A  	fcall	_init_ssd
   680     00F8                     l778:
   681                           
   682                           ;main.c: 27: 
   683     00F8  170B               	bsf	11,6	;volatile
   684     00F9                     l780:
   685                           
   686                           ;main.c: 28:         else
   687     00F9  178B               	bsf	11,7	;volatile
   688     00FA                     l21:
   689     00FA  0008               	return
   690     00FB                     __end_of_init_config:
   691                           
   692                           	psect	text2
   693     0107                     __ptext2:	
   694 ;; *************** function _init_timer0 *****************
   695 ;; Defined at:
   696 ;;		line 9 in file "timer.c"
   697 ;; Parameters:    Size  Location     Type
   698 ;;		None
   699 ;; Auto vars:     Size  Location     Type
   700 ;;		None
   701 ;; Return value:  Size  Location     Type
   702 ;;                  1    wreg      void 
   703 ;; Registers used:
   704 ;;		wreg
   705 ;; Tracked objects:
   706 ;;		On entry : 0/0
   707 ;;		On exit  : 0/0
   708 ;;		Unchanged: 0/0
   709 ;; Data sizes:     COMMON   BANK0   BANK1   BANK3   BANK2
   710 ;;      Params:         0       0       0       0       0
   711 ;;      Locals:         0       0       0       0       0
   712 ;;      Temps:          0       0       0       0       0
   713 ;;      Totals:         0       0       0       0       0
   714 ;;Total ram usage:        0 bytes
   715 ;; Hardware stack levels used: 1
   716 ;; Hardware stack levels required when called: 1
   717 ;; This function calls:
   718 ;;		Nothing
   719 ;; This function is called by:
   720 ;;		_init_config
   721 ;; This function uses a non-reentrant model
   722 ;;
   723                           
   724     0107                     _init_timer0:	
   725                           ;psect for function _init_timer0
   726                           
   727     0107                     l758:	
   728                           ;incstack = 0
   729                           ; Regs used in _init_timer0: [wreg]
   730                           
   731                           
   732                           ;timer.c: 12:     T0CS = 0;
   733     0107  1683               	bsf	3,5	;RP0=1, select bank1
   734     0108  1303               	bcf	3,6	;RP1=0, select bank1
   735     0109  1281               	bcf	1,5	;volatile
   736                           
   737                           ;timer.c: 15:     PSA = 1;
   738     010A  1581               	bsf	1,3	;volatile
   739     010B                     l760:
   740                           
   741                           ;timer.c: 17:     TMR0 = 6;
   742     010B  3006               	movlw	6
   743     010C  1283               	bcf	3,5	;RP0=0, select bank0
   744     010D  1303               	bcf	3,6	;RP1=0, select bank0
   745     010E  0081               	movwf	1	;volatile
   746     010F                     l762:
   747                           
   748                           ;timer.c: 20:     TMR0IE = 1;
   749     010F  168B               	bsf	11,5	;volatile
   750     0110                     l63:
   751     0110  0008               	return
   752     0111                     __end_of_init_timer0:
   753                           
   754                           	psect	text3
   755     00FB                     __ptext3:	
   756 ;; *************** function _init_ssd *****************
   757 ;; Defined at:
   758 ;;		line 10 in file "ssd.c"
   759 ;; Parameters:    Size  Location     Type
   760 ;;		None
   761 ;; Auto vars:     Size  Location     Type
   762 ;;		None
   763 ;; Return value:  Size  Location     Type
   764 ;;                  1    wreg      void 
   765 ;; Registers used:
   766 ;;		wreg, status,2
   767 ;; Tracked objects:
   768 ;;		On entry : 0/0
   769 ;;		On exit  : 0/0
   770 ;;		Unchanged: 0/0
   771 ;; Data sizes:     COMMON   BANK0   BANK1   BANK3   BANK2
   772 ;;      Params:         0       0       0       0       0
   773 ;;      Locals:         0       0       0       0       0
   774 ;;      Temps:          0       0       0       0       0
   775 ;;      Totals:         0       0       0       0       0
   776 ;;Total ram usage:        0 bytes
   777 ;; Hardware stack levels used: 1
   778 ;; Hardware stack levels required when called: 1
   779 ;; This function calls:
   780 ;;		Nothing
   781 ;; This function is called by:
   782 ;;		_init_config
   783 ;; This function uses a non-reentrant model
   784 ;;
   785                           
   786     00FB                     _init_ssd:	
   787                           ;psect for function _init_ssd
   788                           
   789     00FB                     l764:	
   790                           ;incstack = 0
   791                           ; Regs used in _init_ssd: [wreg+status,2]
   792                           
   793                           
   794                           ;ssd.c: 13:     TRISD = 0x00;
   795     00FB  1683               	bsf	3,5	;RP0=1, select bank1
   796     00FC  1303               	bcf	3,6	;RP1=0, select bank1
   797     00FD  0188               	clrf	8	;volatile
   798     00FE                     l766:
   799                           
   800                           ;ssd.c: 16:     TRISA = TRISA & 0x03;
   801     00FE  0805               	movf	5,w	;volatile
   802     00FF  3903               	andlw	3
   803     0100  0085               	movwf	5	;volatile
   804     0101                     l768:
   805                           
   806                           ;ssd.c: 18:     PORTA = PORTA & 0x03;
   807     0101  1283               	bcf	3,5	;RP0=0, select bank0
   808     0102  1303               	bcf	3,6	;RP1=0, select bank0
   809     0103  0805               	movf	5,w	;volatile
   810     0104  3903               	andlw	3
   811     0105  0085               	movwf	5	;volatile
   812     0106                     l44:
   813     0106  0008               	return
   814     0107                     __end_of_init_ssd:
   815                           
   816                           	psect	text4
   817     0111                     __ptext4:	
   818 ;; *************** function _init_ext_int *****************
   819 ;; Defined at:
   820 ;;		line 10 in file "external_interrupt.c"
   821 ;; Parameters:    Size  Location     Type
   822 ;;		None
   823 ;; Auto vars:     Size  Location     Type
   824 ;;		None
   825 ;; Return value:  Size  Location     Type
   826 ;;                  1    wreg      void 
   827 ;; Registers used:
   828 ;;		None
   829 ;; Tracked objects:
   830 ;;		On entry : 0/0
   831 ;;		On exit  : 0/0
   832 ;;		Unchanged: 0/0
   833 ;; Data sizes:     COMMON   BANK0   BANK1   BANK3   BANK2
   834 ;;      Params:         0       0       0       0       0
   835 ;;      Locals:         0       0       0       0       0
   836 ;;      Temps:          0       0       0       0       0
   837 ;;      Totals:         0       0       0       0       0
   838 ;;Total ram usage:        0 bytes
   839 ;; Hardware stack levels used: 1
   840 ;; Hardware stack levels required when called: 1
   841 ;; This function calls:
   842 ;;		Nothing
   843 ;; This function is called by:
   844 ;;		_init_config
   845 ;; This function uses a non-reentrant model
   846 ;;
   847                           
   848     0111                     _init_ext_int:	
   849                           ;psect for function _init_ext_int
   850                           
   851     0111                     l756:	
   852                           ;incstack = 0
   853                           ; Regs used in _init_ext_int: []
   854                           
   855                           
   856                           ;external_interrupt.c: 13:     INTEDG = 0;
   857     0111  1683               	bsf	3,5	;RP0=1, select bank1
   858     0112  1303               	bcf	3,6	;RP1=0, select bank1
   859     0113  1301               	bcf	1,6	;volatile
   860                           
   861                           ;external_interrupt.c: 15:     INTE = 1;
   862     0114  160B               	bsf	11,4	;volatile
   863     0115                     l92:
   864     0115  0008               	return
   865     0116                     __end_of_init_ext_int:
   866                           
   867                           	psect	text5
   868     002F                     __ptext5:	
   869 ;; *************** function _display *****************
   870 ;; Defined at:
   871 ;;		line 21 in file "ssd.c"
   872 ;; Parameters:    Size  Location     Type
   873 ;;  data            1    wreg     PTR unsigned char 
   874 ;;		 -> main@ssd(4), 
   875 ;; Auto vars:     Size  Location     Type
   876 ;;  data            1    4[BANK0 ] PTR unsigned char 
   877 ;;		 -> main@ssd(4), 
   878 ;;  wait            4    0[BANK0 ] unsigned long 
   879 ;;  digit           1    5[BANK0 ] unsigned char 
   880 ;; Return value:  Size  Location     Type
   881 ;;                  1    wreg      void 
   882 ;; Registers used:
   883 ;;		wreg, fsr0l, fsr0h, status,2, status,0
   884 ;; Tracked objects:
   885 ;;		On entry : 0/0
   886 ;;		On exit  : 0/0
   887 ;;		Unchanged: 0/0
   888 ;; Data sizes:     COMMON   BANK0   BANK1   BANK3   BANK2
   889 ;;      Params:         0       0       0       0       0
   890 ;;      Locals:         0       6       0       0       0
   891 ;;      Temps:          4       0       0       0       0
   892 ;;      Totals:         4       6       0       0       0
   893 ;;Total ram usage:       10 bytes
   894 ;; Hardware stack levels used: 1
   895 ;; Hardware stack levels required when called: 1
   896 ;; This function calls:
   897 ;;		Nothing
   898 ;; This function is called by:
   899 ;;		_main
   900 ;; This function uses a non-reentrant model
   901 ;;
   902                           
   903     002F                     _display:	
   904                           ;psect for function _display
   905                           
   906                           
   907                           ;incstack = 0
   908                           ; Regs used in _display: [wreg-fsr0h+status,2+status,0]
   909                           ;display@data stored from wreg
   910     002F  1283               	bcf	3,5	;RP0=0, select bank0
   911     0030  1303               	bcf	3,6	;RP1=0, select bank0
   912     0031  00A4               	movwf	display@data
   913     0032                     l828:
   914                           
   915                           ;ssd.c: 21: void display(unsigned char data[]);ssd.c: 22: {;ssd.c: 23:     unsigned char
      +                           digit;;ssd.c: 25:     for (digit = 0; digit < 4; digit++)
   916     0032  01A5               	clrf	display@digit
   917     0033                     l834:
   918                           
   919                           ;ssd.c: 26:     {;ssd.c: 27:         PORTD = data[digit];
   920     0033  0825               	movf	display@digit,w
   921     0034  0724               	addwf	display@data,w
   922     0035  00F2               	movwf	??_display
   923     0036  0872               	movf	??_display,w
   924     0037  0084               	movwf	4
   925     0038  1383               	bcf	3,7	;select IRP bank0
   926     0039  0800               	movf	0,w
   927     003A  0088               	movwf	8	;volatile
   928     003B                     l836:
   929                           
   930                           ;ssd.c: 28:         PORTA = (PORTA & 0x03) | (0x04 << digit);
   931     003B  3004               	movlw	4
   932     003C  00F2               	movwf	??_display
   933     003D  0A25               	incf	display@digit,w
   934     003E  2841               	goto	u214
   935     003F                     u215:
   936     003F  1003               	clrc
   937     0040  0DF2               	rlf	??_display,f
   938     0041                     u214:
   939     0041  3EFF               	addlw	-1
   940     0042  1D03               	skipz
   941     0043  283F               	goto	u215
   942     0044  0805               	movf	5,w	;volatile
   943     0045  3903               	andlw	3
   944     0046  0472               	iorwf	??_display,w
   945     0047  0085               	movwf	5	;volatile
   946     0048                     l838:
   947                           
   948                           ;ssd.c: 30:        for (unsigned long int wait = 400; wait--; );
   949     0048  3000               	movlw	0
   950     0049  00A3               	movwf	display@wait+3
   951     004A  3000               	movlw	0
   952     004B  00A2               	movwf	display@wait+2
   953     004C  3001               	movlw	1
   954     004D  00A1               	movwf	display@wait+1
   955     004E  3090               	movlw	144
   956     004F  00A0               	movwf	display@wait
   957     0050                     l840:
   958     0050  3001               	movlw	1
   959     0051  00F2               	movwf	??_display
   960     0052  3000               	movlw	0
   961     0053  00F3               	movwf	??_display+1
   962     0054  3000               	movlw	0
   963     0055  00F4               	movwf	??_display+2
   964     0056  3000               	movlw	0
   965     0057  00F5               	movwf	??_display+3
   966     0058  0872               	movf	??_display,w
   967     0059  1283               	bcf	3,5	;RP0=0, select bank0
   968     005A  1303               	bcf	3,6	;RP1=0, select bank0
   969     005B  02A0               	subwf	display@wait,f
   970     005C  0873               	movf	??_display+1,w
   971     005D  1C03               	skipc
   972     005E  0F73               	incfsz	??_display+1,w
   973     005F  2861               	goto	u225
   974     0060  2862               	goto	u226
   975     0061                     u225:
   976     0061  02A1               	subwf	display@wait+1,f
   977     0062                     u226:
   978     0062  0874               	movf	??_display+2,w
   979     0063  1C03               	skipc
   980     0064  0F74               	incfsz	??_display+2,w
   981     0065  2867               	goto	u227
   982     0066  2868               	goto	u228
   983     0067                     u227:
   984     0067  02A2               	subwf	display@wait+2,f
   985     0068                     u228:
   986     0068  0875               	movf	??_display+3,w
   987     0069  1C03               	skipc
   988     006A  0F75               	incfsz	??_display+3,w
   989     006B  286D               	goto	u229
   990     006C  286E               	goto	u220
   991     006D                     u229:
   992     006D  02A3               	subwf	display@wait+3,f
   993     006E                     u220:
   994     006E  0A20               	incf	display@wait,w
   995     006F  1D03               	skipz
   996     0070  287B               	goto	u231
   997     0071  0A21               	incf	display@wait+1,w
   998     0072  1D03               	skipz
   999     0073  287B               	goto	u231
  1000     0074  0A22               	incf	display@wait+2,w
  1001     0075  1D03               	skipz
  1002     0076  287B               	goto	u231
  1003     0077  0A23               	incf	display@wait+3,w
  1004     0078  1D03               	btfss	3,2
  1005     0079  287B               	goto	u231
  1006     007A  287C               	goto	u230
  1007     007B                     u231:
  1008     007B  2850               	goto	l840
  1009     007C                     u230:
  1010     007C                     l842:
  1011                           
  1012                           ;ssd.c: 31:     }
  1013     007C  3001               	movlw	1
  1014     007D  00F2               	movwf	??_display
  1015     007E  0872               	movf	??_display,w
  1016     007F  1283               	bcf	3,5	;RP0=0, select bank0
  1017     0080  1303               	bcf	3,6	;RP1=0, select bank0
  1018     0081  07A5               	addwf	display@digit,f
  1019     0082                     l844:
  1020     0082  3004               	movlw	4
  1021     0083  0225               	subwf	display@digit,w
  1022     0084  1C03               	skipc
  1023     0085  2887               	goto	u241
  1024     0086  2888               	goto	u240
  1025     0087                     u241:
  1026     0087  2833               	goto	l834
  1027     0088                     u240:
  1028     0088                     l52:
  1029     0088  0008               	return
  1030     0089                     __end_of_display:
  1031                           
  1032                           	psect	text6
  1033     0089                     __ptext6:	
  1034 ;; *************** function _isr *****************
  1035 ;; Defined at:
  1036 ;;		line 12 in file "isr.c"
  1037 ;; Parameters:    Size  Location     Type
  1038 ;;		None
  1039 ;; Auto vars:     Size  Location     Type
  1040 ;;		None
  1041 ;; Return value:  Size  Location     Type
  1042 ;;                  1    wreg      void 
  1043 ;; Registers used:
  1044 ;;		wreg, status,2, status,0
  1045 ;; Tracked objects:
  1046 ;;		On entry : 0/0
  1047 ;;		On exit  : 0/0
  1048 ;;		Unchanged: 0/0
  1049 ;; Data sizes:     COMMON   BANK0   BANK1   BANK3   BANK2
  1050 ;;      Params:         0       0       0       0       0
  1051 ;;      Locals:         0       0       0       0       0
  1052 ;;      Temps:          2       0       0       0       0
  1053 ;;      Totals:         2       0       0       0       0
  1054 ;;Total ram usage:        2 bytes
  1055 ;; Hardware stack levels used: 1
  1056 ;; This function calls:
  1057 ;;		Nothing
  1058 ;; This function is called by:
  1059 ;;		Interrupt level 1
  1060 ;; This function uses a non-reentrant model
  1061 ;;
  1062                           
  1063     0089                     _isr:	
  1064                           ;psect for function _isr
  1065                           
  1066     0089                     i1l806:
  1067                           
  1068                           ;isr.c: 15:     static unsigned int count = 0;;isr.c: 19:     if (INTF == 1)
  1069     0089  1C8B               	btfss	11,1	;volatile
  1070     008A  288C               	goto	u16_21
  1071     008B  288D               	goto	u16_20
  1072     008C                     u16_21:
  1073     008C  2890               	goto	i1l812
  1074     008D                     u16_20:
  1075     008D                     i1l808:
  1076                           
  1077                           ;isr.c: 20:     {;isr.c: 21:         sec = 0;
  1078     008D  01F6               	clrf	_sec
  1079     008E  01F7               	clrf	_sec+1
  1080     008F                     i1l810:
  1081                           
  1082                           ;isr.c: 22:         INTF = 0;
  1083     008F  108B               	bcf	11,1	;volatile
  1084     0090                     i1l812:
  1085                           
  1086                           ;isr.c: 25:     if (TMR0IF == 1){
  1087     0090  1D0B               	btfss	11,2	;volatile
  1088     0091  2893               	goto	u17_21
  1089     0092  2894               	goto	u17_20
  1090     0093                     u17_21:
  1091     0093  28C2               	goto	i1l85
  1092     0094                     u17_20:
  1093     0094                     i1l814:
  1094                           
  1095                           ;isr.c: 27:         TMR0 = TMR0 + 8;
  1096     0094  1283               	bcf	3,5	;RP0=0, select bank0
  1097     0095  1303               	bcf	3,6	;RP1=0, select bank0
  1098     0096  0801               	movf	1,w	;volatile
  1099     0097  3E08               	addlw	8
  1100     0098  0081               	movwf	1	;volatile
  1101                           
  1102                           ;isr.c: 30:         if(++count == 20000) {
  1103     0099  3001               	movlw	1
  1104     009A  07AA               	addwf	isr@count,f
  1105     009B  1803               	skipnc
  1106     009C  0AAB               	incf	isr@count+1,f
  1107     009D  3000               	movlw	0
  1108     009E  07AB               	addwf	isr@count+1,f
  1109     009F  3020               	movlw	32
  1110     00A0  062A               	xorwf	isr@count,w
  1111     00A1  304E               	movlw	78
  1112     00A2  1903               	skipnz
  1113     00A3  062B               	xorwf	isr@count+1,w
  1114     00A4  1D03               	btfss	3,2
  1115     00A5  28A7               	goto	u18_21
  1116     00A6  28A8               	goto	u18_20
  1117     00A7                     u18_21:
  1118     00A7  28B0               	goto	i1l820
  1119     00A8                     u18_20:
  1120     00A8                     i1l816:
  1121                           
  1122                           ;isr.c: 31:             count = 0;
  1123     00A8  01AA               	clrf	isr@count
  1124     00A9  01AB               	clrf	isr@count+1
  1125     00AA                     i1l818:
  1126                           
  1127                           ;isr.c: 32:             sec++;
  1128     00AA  3001               	movlw	1
  1129     00AB  07F6               	addwf	_sec,f
  1130     00AC  1803               	skipnc
  1131     00AD  0AF7               	incf	_sec+1,f
  1132     00AE  3000               	movlw	0
  1133     00AF  07F7               	addwf	_sec+1,f
  1134     00B0                     i1l820:
  1135                           
  1136                           ;isr.c: 35:         if(sec < 5)
  1137     00B0  3000               	movlw	0
  1138     00B1  0277               	subwf	_sec+1,w
  1139     00B2  3005               	movlw	5
  1140     00B3  1903               	skipnz
  1141     00B4  0276               	subwf	_sec,w
  1142     00B5  1803               	skipnc
  1143     00B6  28B8               	goto	u19_21
  1144     00B7  28B9               	goto	u19_20
  1145     00B8                     u19_21:
  1146     00B8  28C1               	goto	i1l826
  1147     00B9                     u19_20:
  1148     00B9                     i1l822:
  1149                           
  1150                           ;isr.c: 36:         {;isr.c: 37:             if(count == 0)
  1151     00B9  082A               	movf	isr@count,w
  1152     00BA  042B               	iorwf	isr@count+1,w
  1153     00BB  1D03               	btfss	3,2
  1154     00BC  28BE               	goto	u20_21
  1155     00BD  28BF               	goto	u20_20
  1156     00BE                     u20_21:
  1157     00BE  28C1               	goto	i1l826
  1158     00BF                     u20_20:
  1159     00BF                     i1l824:
  1160                           
  1161                           ;isr.c: 38:             {;isr.c: 39:                  RB1 = !RB1;
  1162     00BF  3002               	movlw	2
  1163     00C0  0686               	xorwf	6,f
  1164     00C1                     i1l826:
  1165                           
  1166                           ;isr.c: 42:          TMR0IF = 0;
  1167     00C1  110B               	bcf	11,2	;volatile
  1168     00C2                     i1l85:
  1169     00C2  0871               	movf	??_isr+1,w
  1170     00C3  008A               	movwf	10
  1171     00C4  0E70               	swapf	??_isr,w
  1172     00C5  0083               	movwf	3
  1173     00C6  0EFE               	swapf	btemp,f
  1174     00C7  0E7E               	swapf	btemp,w
  1175     00C8  0009               	retfie
  1176     00C9                     __end_of_isr:
  1177     007E                     btemp	set	126	;btemp
  1178     007E                     wtemp0	set	126
  1179                           
  1180                           	psect	intentry
  1181     0004                     __pintentry:	
  1182                           ;incstack = 0
  1183                           ; Regs used in _isr: [wreg+status,2+status,0]
  1184                           
  1185     0004                     interrupt_function:
  1186     007E                     saved_w	set	btemp
  1187     0004  00FE               	movwf	btemp
  1188     0005  0E03               	swapf	3,w
  1189     0006  00F0               	movwf	??_isr
  1190     0007  080A               	movf	10,w
  1191     0008  00F1               	movwf	??_isr+1
  1192     0009  120A  118A  2889   	ljmp	_isr
  1193                           
  1194                           	psect	config
  1195                           
  1196                           ;Config register CONFIG @ 0x2007
  1197                           ;	Oscillator Selection bits
  1198                           ;	FOSC = 0x3, unprogrammed default
  1199                           ;	Watchdog Timer Enable bit
  1200                           ;	WDTE = OFF, WDT disabled
  1201                           ;	Power-up Timer Enable bit
  1202                           ;	PWRTE = 0x1, unprogrammed default
  1203                           ;	Brown-out Reset Enable bit
  1204                           ;	BOREN = 0x1, unprogrammed default
  1205                           ;	Low-Voltage (Single-Supply) In-Circuit Serial Programming Enable bit
  1206                           ;	LVP = 0x1, unprogrammed default
  1207                           ;	Data EEPROM Memory Code Protection bit
  1208                           ;	CPD = 0x1, unprogrammed default
  1209                           ;	Flash Program Memory Write Enable bits
  1210                           ;	WRT = 0x3, unprogrammed default
  1211                           ;	In-Circuit Debugger Mode bit
  1212                           ;	DEBUG = 0x1, unprogrammed default
  1213                           ;	Flash Program Memory Code Protection bit
  1214                           ;	CP = 0x1, unprogrammed default
  1215     2007                     	org	8199
  1216     2007  3FFB               	dw	16379

Data Sizes:
    Strings     0
    Constant    0
    Data        4
    BSS         4
    Persistent  0
    Stack       0

Auto Spaces:
    Space          Size  Autos    Used
    COMMON           14      6       8
    BANK0            80      6      12
    BANK1            80      0       0
    BANK3            96      0       0
    BANK2            96      0       0

Pointer List with Targets:

    display@data	PTR unsigned char  size(1) Largest target is 4
		 -> main@ssd(BANK0[4]), 


Critical Paths under _main in COMMON

    _main->_display

Critical Paths under _isr in COMMON

    None.

Critical Paths under _main in BANK0

    _main->_display

Critical Paths under _isr in BANK0

    None.

Critical Paths under _main in BANK1

    None.

Critical Paths under _isr in BANK1

    None.

Critical Paths under _main in BANK3

    None.

Critical Paths under _isr in BANK3

    None.

Critical Paths under _main in BANK2

    None.

Critical Paths under _isr in BANK2

    None.

Call Graph Tables:

 ---------------------------------------------------------------------------------
 (Depth) Function   	        Calls       Base Space   Used Autos Params    Refs
 ---------------------------------------------------------------------------------
 (0) _main                                                 0     0      0     231
                            _display
                        _init_config
 ---------------------------------------------------------------------------------
 (1) _init_config                                          0     0      0       0
                       _init_ext_int
                           _init_ssd
                        _init_timer0
 ---------------------------------------------------------------------------------
 (2) _init_timer0                                          0     0      0       0
 ---------------------------------------------------------------------------------
 (2) _init_ssd                                             0     0      0       0
 ---------------------------------------------------------------------------------
 (2) _init_ext_int                                         0     0      0       0
 ---------------------------------------------------------------------------------
 (1) _display                                             10    10      0     231
                                              2 COMMON     4     4      0
                                              0 BANK0      6     6      0
 ---------------------------------------------------------------------------------
 Estimated maximum stack depth 2
 ---------------------------------------------------------------------------------
 (Depth) Function   	        Calls       Base Space   Used Autos Params    Refs
 ---------------------------------------------------------------------------------
 (3) _isr                                                  2     2      0       0
                                              0 COMMON     2     2      0
 ---------------------------------------------------------------------------------
 Estimated maximum stack depth 3
 ---------------------------------------------------------------------------------

 Call Graph Graphs:

 _main (ROOT)
   _display
   _init_config
     _init_ext_int
     _init_ssd
     _init_timer0

 _isr (ROOT)

 Address spaces:
Name               Size   Autos  Total    Cost      Usage
BANK3               60      0       0       9        0.0%
BITBANK3            60      0       0       8        0.0%
SFR3                 0      0       0       4        0.0%
BITSFR3              0      0       0       4        0.0%
BANK2               60      0       0      11        0.0%
BITBANK2            60      0       0      10        0.0%
SFR2                 0      0       0       5        0.0%
BITSFR2              0      0       0       5        0.0%
BANK1               50      0       0       7        0.0%
BITBANK1            50      0       0       6        0.0%
SFR1                 0      0       0       2        0.0%
BITSFR1              0      0       0       2        0.0%
BANK0               50      6       C       5       15.0%
BITBANK0            50      0       0       4        0.0%
SFR0                 0      0       0       1        0.0%
BITSFR0              0      0       0       1        0.0%
COMMON               E      6       8       1       57.1%
BITCOMMON            E      0       0       0        0.0%
CODE                 0      0       0       0        0.0%
DATA                 0      0      14      12        0.0%
ABS                  0      0      14       3        0.0%
NULL                 0      0       0       0        0.0%
STACK                0      0       0       2        0.0%
EEDATA             100      0       0       0        0.0%


Microchip Technology PIC Macro Assembler V2.40 build 20220703182018 
Symbol Table                                                                                   Sat Oct 22 17:41:53 2022

                     l21 00FA                       l52 0088                       l44 0106  
                     l29 00DE                       l63 0110                       l92 0115  
                    l840 0050                      l760 010B                      l842 007C  
                    l834 0033                      l762 010F                      l770 00E3  
                    l850 00D7                      l844 0082                      l836 003B  
                    l828 0032                      l756 0111                      l764 00FB  
                    l780 00F9                      l772 00E9                      l838 0048  
                    l766 00FE                      l758 0107                      l774 00EE  
                    l846 00C9                      l768 0101                      l776 00F3  
                    l848 00CE                      l778 00F8                      _GIE 005F  
                    _RB1 0031                      u220 006E                      u230 007C  
                    u214 0041                      u231 007B                      u215 003F  
                    u240 0088                      u241 0087                      u225 0061  
                    u226 0062                      u250 00D7                      u227 0067  
                    u251 00D6                      u228 0068                      u229 006D  
                    _PSA 040B                      _sec 0076                      _isr 0089  
                    fsr0 0004                      indf 0000                     ?_isr 0070  
                   _T0CS 040D                     _PEIE 005E                     _INTE 005C  
                   _INTF 0059                     i1l85 00C2                     _TMR0 0001  
            display@data 0024              display@wait 0020                     _main 00C9  
                   btemp 007E                     start 000C                    ??_isr 0070  
                  ?_main 0070                    i1l810 008F             ?_init_config 0070  
                  i1l820 00B0                    i1l812 0090                    i1l822 00B9  
                  i1l814 0094                    i1l806 0089                    i1l824 00BF  
                  i1l816 00A8                    i1l808 008D                    i1l826 00C1  
                  i1l818 00AA                    u20_20 00BF                    u20_21 00BE  
                  u16_20 008D                    u16_21 008C                    u17_20 0094  
                  u17_21 0093                    u18_20 00A8                    u18_21 00A7  
                  u19_20 00B9                    u19_21 00B8                    _PORTA 0005  
                  _PORTB 0006                    _PORTD 0008                    _TRISA 0085  
                  _TRISB 0086                    _TRISD 0088             ?_init_timer0 0070  
           display@digit 0025          __end_of_display 0089                    pclath 000A  
                  status 0003                    wtemp0 007E          __initialization 000F  
           __end_of_main 00E3                   ??_main 0076                   _INTEDG 040E  
                 _TMR0IE 005D                   _TMR0IF 005A            ?_init_ext_int 0070  
       __end_of_init_ssd 0107                ??_display 0072                   saved_w 007E  
__end_of__initialization 002B           ??_init_ext_int 0072           __pcstackCOMMON 0070  
           __pidataBANK0 0116               __pbssBANK0 002A               __pmaintext 00C9  
             __pintentry 0004                ?_init_ssd 0070                  __ptext1 00E3  
                __ptext2 0107                  __ptext3 00FB                  __ptext4 0111  
                __ptext5 002F                  __ptext6 0089                  _display 002F  
   __end_of_init_ext_int 0116                  main@ssd 0026     end_of_initialization 002B  
             ??_init_ssd 0072      start_initialization 000F              __end_of_isr 00C9  
            __pdataBANK0 0026            ??_init_config 0072            ??_init_timer0 0072  
            __pbssCOMMON 0076                ___latbits 0002            __pcstackBANK0 0020  
           _init_ext_int 0111                 ?_display 0070      __end_of_init_config 00FB  
    __end_of_init_timer0 0111        interrupt_function 0004              _init_config 00E3  
            _init_timer0 0107                 _init_ssd 00FB                 isr@count 002A  
               intlevel1 0000  
