

Microchip MPLAB XC8 Assembler V2.40 build 20220703182018 
                                                                                               Tue Sep 13 09:58:59 2022

Microchip MPLAB XC8 C Compiler v2.40 (Free license) build 20220703182018 Og1 
     1                           	processor	16F877A
     2                           	pagewidth 120
     3                           	opt	flic
     4                           	psect	idataBANK0,global,class=CODE,delta=2,noexec
     5                           	psect	cinit,global,class=CODE,merge=1,delta=2
     6                           	psect	dataBANK0,global,class=BANK0,space=1,delta=1,noexec
     7                           	psect	inittext,global,class=CODE,delta=2
     8                           	psect	cstackCOMMON,global,class=COMMON,space=1,delta=1,noexec
     9                           	psect	cstackBANK0,global,class=BANK0,space=1,delta=1,noexec
    10                           	psect	maintext,global,class=CODE,split=1,delta=2
    11                           	psect	text1,local,class=CODE,merge=1,delta=2
    12                           	psect	text2,local,class=CODE,merge=1,delta=2
    13                           	psect	text3,local,class=CODE,merge=1,delta=2
    14                           	psect	text4,local,class=CODE,merge=1,delta=2
    15                           	psect	text5,local,class=CODE,merge=1,delta=2
    16                           	psect	text6,local,class=CODE,merge=1,delta=2,group=1
    17                           	psect	text7,local,class=CODE,merge=1,delta=2,group=1
    18                           	psect	config,global,abs,ovrld,class=CONFIG,space=4,delta=2,noexec
    19                           	dabs	1,0x7E,2
    20     0000                     
    21                           ; Version 2.20
    22                           ; Generated 12/02/2020 GMT
    23                           ; 
    24                           ; Copyright © 2020, Microchip Technology Inc. and its subsidiaries ("Microchip")
    25                           ; All rights reserved.
    26                           ; 
    27                           ; This software is developed by Microchip Technology Inc. and its subsidiaries ("Microch
      +                          ip").
    28                           ; 
    29                           ; Redistribution and use in source and binary forms, with or without modification, are
    30                           ; permitted provided that the following conditions are met:
    31                           ; 
    32                           ;     1. Redistributions of source code must retain the above copyright notice, this lis
      +                          t of
    33                           ;        conditions and the following disclaimer.
    34                           ; 
    35                           ;     2. Redistributions in binary form must reproduce the above copyright notice, this 
      +                          list
    36                           ;        of conditions and the following disclaimer in the documentation and/or other
    37                           ;        materials provided with the distribution.
    38                           ; 
    39                           ;     3. Microchip's name may not be used to endorse or promote products derived from th
      +                          is
    40                           ;        software without specific prior written permission.
    41                           ; 
    42                           ; THIS SOFTWARE IS PROVIDED BY MICROCHIP "AS IS" AND ANY EXPRESS OR IMPLIED WARRANTIES,
    43                           ; INCLUDING, BUT NOT LIMITED TO, THE IMPLIED WARRANTIES OF MERCHANTABILITY AND FITNESS F
      +                          OR
    44                           ; PURPOSE ARE DISCLAIMED.  IN NO EVENT SHALL MICROCHIP BE LIABLE FOR ANY DIRECT, INDIREC
      +                          T,
    45                           ; INCIDENTAL, SPECIAL, EXEMPLARY, OR CONSEQUENTIAL DAMAGES (INCLUDING BUT NOT LIMITED TO
    46                           ; PROCUREMENT OF SUBSTITUTE GOODS OR SERVICES; LOSS OF USE, DATA OR PROFITS; OR BUSINESS
    47                           ; INTERRUPTION) HOWSOEVER CAUSED AND ON ANY THEORY OF LIABILITY, WHETHER IN CONTRACT, ST
      +                          RICT
    48                           ; LIABILITY, OR TORT (INCLUDING NEGLIGENCE OR OTHERWISE) ARISING IN ANY WAY OUT OF THE U
      +                          SE OF
    49                           ; THIS SOFTWARE, EVEN IF ADVISED OF THE POSSIBILITY OF SUCH DAMAGE.
    50                           ; 
    51                           ; 
    52                           ; Code-generator required, PIC16F877A Definitions
    53                           ; 
    54                           ; SFR Addresses
    55     0000                     	;# 
    56     0001                     	;# 
    57     0002                     	;# 
    58     0003                     	;# 
    59     0004                     	;# 
    60     0005                     	;# 
    61     0006                     	;# 
    62     0007                     	;# 
    63     0008                     	;# 
    64     0009                     	;# 
    65     000A                     	;# 
    66     000B                     	;# 
    67     000C                     	;# 
    68     000D                     	;# 
    69     000E                     	;# 
    70     000E                     	;# 
    71     000F                     	;# 
    72     0010                     	;# 
    73     0011                     	;# 
    74     0012                     	;# 
    75     0013                     	;# 
    76     0014                     	;# 
    77     0015                     	;# 
    78     0015                     	;# 
    79     0016                     	;# 
    80     0017                     	;# 
    81     0018                     	;# 
    82     0019                     	;# 
    83     001A                     	;# 
    84     001B                     	;# 
    85     001B                     	;# 
    86     001C                     	;# 
    87     001D                     	;# 
    88     001E                     	;# 
    89     001F                     	;# 
    90     0081                     	;# 
    91     0085                     	;# 
    92     0086                     	;# 
    93     0087                     	;# 
    94     0088                     	;# 
    95     0089                     	;# 
    96     008C                     	;# 
    97     008D                     	;# 
    98     008E                     	;# 
    99     0091                     	;# 
   100     0092                     	;# 
   101     0093                     	;# 
   102     0094                     	;# 
   103     0098                     	;# 
   104     0099                     	;# 
   105     009C                     	;# 
   106     009D                     	;# 
   107     009E                     	;# 
   108     009F                     	;# 
   109     010C                     	;# 
   110     010D                     	;# 
   111     010E                     	;# 
   112     010F                     	;# 
   113     018C                     	;# 
   114     018D                     	;# 
   115     0000                     	;# 
   116     0001                     	;# 
   117     0002                     	;# 
   118     0003                     	;# 
   119     0004                     	;# 
   120     0005                     	;# 
   121     0006                     	;# 
   122     0007                     	;# 
   123     0008                     	;# 
   124     0009                     	;# 
   125     000A                     	;# 
   126     000B                     	;# 
   127     000C                     	;# 
   128     000D                     	;# 
   129     000E                     	;# 
   130     000E                     	;# 
   131     000F                     	;# 
   132     0010                     	;# 
   133     0011                     	;# 
   134     0012                     	;# 
   135     0013                     	;# 
   136     0014                     	;# 
   137     0015                     	;# 
   138     0015                     	;# 
   139     0016                     	;# 
   140     0017                     	;# 
   141     0018                     	;# 
   142     0019                     	;# 
   143     001A                     	;# 
   144     001B                     	;# 
   145     001B                     	;# 
   146     001C                     	;# 
   147     001D                     	;# 
   148     001E                     	;# 
   149     001F                     	;# 
   150     0081                     	;# 
   151     0085                     	;# 
   152     0086                     	;# 
   153     0087                     	;# 
   154     0088                     	;# 
   155     0089                     	;# 
   156     008C                     	;# 
   157     008D                     	;# 
   158     008E                     	;# 
   159     0091                     	;# 
   160     0092                     	;# 
   161     0093                     	;# 
   162     0094                     	;# 
   163     0098                     	;# 
   164     0099                     	;# 
   165     009C                     	;# 
   166     009D                     	;# 
   167     009E                     	;# 
   168     009F                     	;# 
   169     010C                     	;# 
   170     010D                     	;# 
   171     010E                     	;# 
   172     010F                     	;# 
   173     018C                     	;# 
   174     018D                     	;# 
   175     0000                     	;# 
   176     0001                     	;# 
   177     0002                     	;# 
   178     0003                     	;# 
   179     0004                     	;# 
   180     0005                     	;# 
   181     0006                     	;# 
   182     0007                     	;# 
   183     0008                     	;# 
   184     0009                     	;# 
   185     000A                     	;# 
   186     000B                     	;# 
   187     000C                     	;# 
   188     000D                     	;# 
   189     000E                     	;# 
   190     000E                     	;# 
   191     000F                     	;# 
   192     0010                     	;# 
   193     0011                     	;# 
   194     0012                     	;# 
   195     0013                     	;# 
   196     0014                     	;# 
   197     0015                     	;# 
   198     0015                     	;# 
   199     0016                     	;# 
   200     0017                     	;# 
   201     0018                     	;# 
   202     0019                     	;# 
   203     001A                     	;# 
   204     001B                     	;# 
   205     001B                     	;# 
   206     001C                     	;# 
   207     001D                     	;# 
   208     001E                     	;# 
   209     001F                     	;# 
   210     0081                     	;# 
   211     0085                     	;# 
   212     0086                     	;# 
   213     0087                     	;# 
   214     0088                     	;# 
   215     0089                     	;# 
   216     008C                     	;# 
   217     008D                     	;# 
   218     008E                     	;# 
   219     0091                     	;# 
   220     0092                     	;# 
   221     0093                     	;# 
   222     0094                     	;# 
   223     0098                     	;# 
   224     0099                     	;# 
   225     009C                     	;# 
   226     009D                     	;# 
   227     009E                     	;# 
   228     009F                     	;# 
   229     010C                     	;# 
   230     010D                     	;# 
   231     010E                     	;# 
   232     010F                     	;# 
   233     018C                     	;# 
   234     018D                     	;# 
   235     0000                     	;# 
   236     0001                     	;# 
   237     0002                     	;# 
   238     0003                     	;# 
   239     0004                     	;# 
   240     0005                     	;# 
   241     0006                     	;# 
   242     0007                     	;# 
   243     0008                     	;# 
   244     0009                     	;# 
   245     000A                     	;# 
   246     000B                     	;# 
   247     000C                     	;# 
   248     000D                     	;# 
   249     000E                     	;# 
   250     000E                     	;# 
   251     000F                     	;# 
   252     0010                     	;# 
   253     0011                     	;# 
   254     0012                     	;# 
   255     0013                     	;# 
   256     0014                     	;# 
   257     0015                     	;# 
   258     0015                     	;# 
   259     0016                     	;# 
   260     0017                     	;# 
   261     0018                     	;# 
   262     0019                     	;# 
   263     001A                     	;# 
   264     001B                     	;# 
   265     001B                     	;# 
   266     001C                     	;# 
   267     001D                     	;# 
   268     001E                     	;# 
   269     001F                     	;# 
   270     0081                     	;# 
   271     0085                     	;# 
   272     0086                     	;# 
   273     0087                     	;# 
   274     0088                     	;# 
   275     0089                     	;# 
   276     008C                     	;# 
   277     008D                     	;# 
   278     008E                     	;# 
   279     0091                     	;# 
   280     0092                     	;# 
   281     0093                     	;# 
   282     0094                     	;# 
   283     0098                     	;# 
   284     0099                     	;# 
   285     009C                     	;# 
   286     009D                     	;# 
   287     009E                     	;# 
   288     009F                     	;# 
   289     010C                     	;# 
   290     010D                     	;# 
   291     010E                     	;# 
   292     010F                     	;# 
   293     018C                     	;# 
   294     018D                     	;# 
   295                           
   296                           	psect	idataBANK0
   297     05E9                     __pidataBANK0:
   298                           
   299                           ;initializer for main@F859
   300     05E9  343F               	retlw	63
   301     05EA  3406               	retlw	6
   302     05EB  345B               	retlw	91
   303     05EC  344F               	retlw	79
   304     05ED  3466               	retlw	102
   305     05EE  346D               	retlw	109
   306     05EF  347D               	retlw	125
   307     05F0  3407               	retlw	7
   308     05F1  347F               	retlw	127
   309     05F2  346F               	retlw	111
   310                           
   311                           ;initializer for read_digital_keypad@once
   312     05F3  3401               	retlw	1
   313     0006                     _PORTB	set	6
   314     0008                     _PORTD	set	8
   315     0005                     _PORTA	set	5
   316     0086                     _TRISB	set	134
   317     0085                     _TRISA	set	133
   318     0088                     _TRISD	set	136
   319                           
   320                           	psect	cinit
   321     07EE                     start_initialization:	
   322                           ; #config settings
   323                           
   324     07EE                     __initialization:
   325                           
   326                           ; Initialize objects allocated to BANK0
   327     07EE  1383               	bcf	3,7	;select IRP bank0
   328     07EF  3043               	movlw	low (__pdataBANK0+11)
   329     07F0  00FD               	movwf	btemp+-1
   330     07F1  3005               	movlw	high __pidataBANK0
   331     07F2  00FE               	movwf	btemp
   332     07F3  30E9               	movlw	low __pidataBANK0
   333     07F4  00FF               	movwf	btemp+1
   334     07F5  3038               	movlw	low __pdataBANK0
   335     07F6  0084               	movwf	4
   336     07F7  120A  118A  2604  120A  118A  	fcall	init_ram0
   337     07FC                     end_of_initialization:	
   338                           ;End of C runtime variable initialization code
   339                           
   340     07FC                     __end_of__initialization:
   341     07FC  0183               	clrf	3
   342     07FD  120A  118A  2F11   	ljmp	_main	;jump to C main() function
   343                           
   344                           	psect	dataBANK0
   345     0038                     __pdataBANK0:
   346     0038                     main@F859:
   347     0038                     	ds	10
   348     0042                     read_digital_keypad@once:
   349     0042                     	ds	1
   350                           
   351                           	psect	inittext
   352     0600                     init_fetch0:	
   353                           ;	Called with low address in FSR and high address in W
   354                           
   355     0600  087E               	movf	btemp,w
   356     0601  008A               	movwf	10
   357     0602  087F               	movf	btemp+1,w
   358     0603  0082               	movwf	2
   359     0604                     init_ram0:	
   360                           ;Called with:
   361                           ;	high address of idata address in btemp 
   362                           ;	low address of idata address in btemp+1 
   363                           ;	low address of data in FSR
   364                           ;	high address + 1 of data in btemp-1
   365                           
   366     0604  120A  118A  2600  120A  118A  	fcall	init_fetch0
   367     0609  0080               	movwf	0
   368     060A  0A84               	incf	4,f
   369     060B  0804               	movf	4,w
   370     060C  067D               	xorwf	btemp+-1,w
   371     060D  1903               	btfsc	3,2
   372     060E  3400               	retlw	0
   373     060F  0AFF               	incf	btemp+1,f
   374     0610  1903               	btfsc	3,2
   375     0611  0AFE               	incf	btemp,f
   376     0612  2E04               	goto	init_ram0
   377                           
   378                           	psect	cstackCOMMON
   379     0070                     __pcstackCOMMON:
   380     0070                     ?_init_digital_keypad:
   381     0070                     ??_init_digital_keypad:	
   382                           ; 1 bytes @ 0x0
   383                           
   384     0070                     ?_init_ssd:	
   385                           ; 1 bytes @ 0x0
   386                           
   387     0070                     ??_init_ssd:	
   388                           ; 1 bytes @ 0x0
   389                           
   390     0070                     ?_read_digital_keypad:	
   391                           ; 1 bytes @ 0x0
   392                           
   393     0070                     ??_read_digital_keypad:	
   394                           ; 1 bytes @ 0x0
   395                           
   396     0070                     ?_display:	
   397                           ; 1 bytes @ 0x0
   398                           
   399     0070                     ??_display:	
   400                           ; 1 bytes @ 0x0
   401                           
   402     0070                     ?_init_config:	
   403                           ; 1 bytes @ 0x0
   404                           
   405     0070                     ??_init_config:	
   406                           ; 1 bytes @ 0x0
   407                           
   408     0070                     ?_main:	
   409                           ; 1 bytes @ 0x0
   410                           
   411     0070                     ?___lwmod:	
   412                           ; 1 bytes @ 0x0
   413                           
   414     0070                     ___lwmod@divisor:	
   415                           ; 2 bytes @ 0x0
   416                           
   417                           
   418                           ; 2 bytes @ 0x0
   419     0070                     	ds	1
   420     0071                     read_digital_keypad@mode:
   421                           
   422                           ; 1 bytes @ 0x1
   423     0071                     	ds	1
   424     0072                     ___lwmod@dividend:
   425                           
   426                           ; 2 bytes @ 0x2
   427     0072                     	ds	2
   428     0074                     ??___lwmod:
   429     0074                     display@wait:	
   430                           ; 1 bytes @ 0x4
   431                           
   432                           
   433                           ; 4 bytes @ 0x4
   434     0074                     	ds	1
   435     0075                     ___lwmod@counter:
   436                           
   437                           ; 1 bytes @ 0x5
   438     0075                     	ds	1
   439     0076                     ?___lwdiv:
   440     0076                     ___lwdiv@divisor:	
   441                           ; 2 bytes @ 0x6
   442                           
   443                           
   444                           ; 2 bytes @ 0x6
   445     0076                     	ds	2
   446     0078                     display@data:
   447     0078                     ___lwdiv@dividend:	
   448                           ; 1 bytes @ 0x8
   449                           
   450                           
   451                           ; 2 bytes @ 0x8
   452     0078                     	ds	1
   453     0079                     display@digit:
   454                           
   455                           ; 1 bytes @ 0x9
   456     0079                     	ds	1
   457     007A                     ??___lwdiv:
   458                           
   459                           ; 1 bytes @ 0xA
   460     007A                     	ds	1
   461     007B                     ___lwdiv@quotient:
   462                           
   463                           ; 2 bytes @ 0xB
   464     007B                     	ds	2
   465     007D                     ___lwdiv@counter:
   466                           
   467                           ; 1 bytes @ 0xD
   468     007D                     	ds	1
   469                           
   470                           	psect	cstackBANK0
   471     0020                     __pcstackBANK0:
   472     0020                     ??_main:
   473                           
   474                           ; 1 bytes @ 0x0
   475     0020                     	ds	4
   476     0024                     main@digits:
   477                           
   478                           ; 10 bytes @ 0x4
   479     0024                     	ds	10
   480     002E                     main@ssd:
   481                           
   482                           ; 4 bytes @ 0xE
   483     002E                     	ds	4
   484     0032                     main@delay:
   485                           
   486                           ; 2 bytes @ 0x12
   487     0032                     	ds	2
   488     0034                     main@key:
   489                           
   490                           ; 1 bytes @ 0x14
   491     0034                     	ds	1
   492     0035                     main@key1:
   493                           
   494                           ; 1 bytes @ 0x15
   495     0035                     	ds	1
   496     0036                     main@count:
   497                           
   498                           ; 2 bytes @ 0x16
   499     0036                     	ds	2
   500                           
   501                           	psect	maintext
   502     0711                     __pmaintext:	
   503 ;;
   504 ;;Main: autosize = 0, tempsize = 4, incstack = 0, save=0
   505 ;;
   506 ;; *************** function _main *****************
   507 ;; Defined at:
   508 ;;		line 19 in file "main.c"
   509 ;; Parameters:    Size  Location     Type
   510 ;;		None
   511 ;; Auto vars:     Size  Location     Type
   512 ;;  digits         10    4[BANK0 ] unsigned char [10]
   513 ;;  ssd             4   14[BANK0 ] unsigned char [4]
   514 ;;  count           2   22[BANK0 ] unsigned int 
   515 ;;  delay           2   18[BANK0 ] unsigned int 
   516 ;;  key1            1   21[BANK0 ] unsigned char 
   517 ;;  key             1   20[BANK0 ] unsigned char 
   518 ;; Return value:  Size  Location     Type
   519 ;;                  1    wreg      void 
   520 ;; Registers used:
   521 ;;		wreg, fsr0l, fsr0h, status,2, status,0, pclath, cstack
   522 ;; Tracked objects:
   523 ;;		On entry : B00/0
   524 ;;		On exit  : 0/0
   525 ;;		Unchanged: 0/0
   526 ;; Data sizes:     COMMON   BANK0   BANK1   BANK3   BANK2
   527 ;;      Params:         0       0       0       0       0
   528 ;;      Locals:         0      20       0       0       0
   529 ;;      Temps:          0       4       0       0       0
   530 ;;      Totals:         0      24       0       0       0
   531 ;;Total ram usage:       24 bytes
   532 ;; Hardware stack levels required when called: 2
   533 ;; This function calls:
   534 ;;		___lwdiv
   535 ;;		___lwmod
   536 ;;		_display
   537 ;;		_init_config
   538 ;;		_read_digital_keypad
   539 ;; This function is called by:
   540 ;;		Startup code after reset
   541 ;; This function uses a non-reentrant model
   542 ;;
   543                           
   544     0711                     _main:	
   545                           ;psect for function _main
   546                           
   547     0711                     l897:	
   548                           ;incstack = 0
   549                           ; Regs used in _main: [wreg-fsr0h+status,2+status,0+pclath+cstack]
   550                           
   551                           
   552                           ;main.c: 21:                 count=0;;main.c: 22:             }
   553     0711  3024               	movlw	main@digits& (0+255)
   554     0712  0084               	movwf	4
   555     0713  3038               	movlw	low main@F859
   556     0714  1283               	bcf	3,5	;RP0=0, select bank0
   557     0715  1303               	bcf	3,6	;RP1=0, select bank0
   558     0716  00A0               	movwf	??_main
   559     0717  0804               	movf	4,w
   560     0718  00A1               	movwf	??_main+1
   561     0719  300A               	movlw	10
   562     071A  00A2               	movwf	??_main+2
   563     071B                     u480:
   564     071B  0820               	movf	??_main,w
   565     071C  0084               	movwf	4
   566     071D  1383               	bcf	3,7	;select IRP bank0
   567     071E  0800               	movf	0,w
   568     071F  00A3               	movwf	??_main+3
   569     0720  0AA0               	incf	??_main,f
   570     0721  0821               	movf	??_main+1,w
   571     0722  0084               	movwf	4
   572     0723  0823               	movf	??_main+3,w
   573     0724  0080               	movwf	0
   574     0725  0AA1               	incf	??_main+1,f
   575     0726  0BA2               	decfsz	??_main+2,f
   576     0727  2F1B               	goto	u480
   577     0728                     l899:
   578                           
   579                           ;main.c: 23:         }
   580     0728  01B6               	clrf	main@count
   581     0729  01B7               	clrf	main@count+1
   582     072A                     l901:
   583     072A  30C8               	movlw	200
   584     072B  00B2               	movwf	main@delay
   585     072C  3000               	movlw	0
   586     072D  00B3               	movwf	main@delay+1
   587     072E                     l903:
   588                           
   589                           ;main.c: 24: ;main.c: 25:         key = read_digital_keypad(1);
   590     072E  120A  118A  25DE  120A  118A  	fcall	_init_config
   591     0733                     l905:
   592                           
   593                           ;main.c: 29:             count++;
   594     0733  3000               	movlw	0
   595     0734  120A  118A  2613  120A  118A  	fcall	_read_digital_keypad
   596     0739  1283               	bcf	3,5	;RP0=0, select bank0
   597     073A  1303               	bcf	3,6	;RP1=0, select bank0
   598     073B  00B5               	movwf	main@key1
   599     073C                     l907:
   600                           
   601                           ;main.c: 31:             if(count > 9999)
   602     073C  303E               	movlw	62
   603     073D  0635               	xorwf	main@key1,w
   604     073E  1D03               	btfss	3,2
   605     073F  2F41               	goto	u491
   606     0740  2F42               	goto	u490
   607     0741                     u491:
   608     0741  2F56               	goto	l915
   609     0742                     u490:
   610     0742                     l909:
   611                           
   612                           ;main.c: 32:                 count = 0;
   613     0742  3001               	movlw	1
   614     0743  02B2               	subwf	main@delay,f
   615     0744  3000               	movlw	0
   616     0745  1C03               	skipc
   617     0746  03B3               	decf	main@delay+1,f
   618     0747  02B3               	subwf	main@delay+1,f
   619     0748  0A32               	incf	main@delay,w
   620     0749  1D03               	skipz
   621     074A  2F4F               	goto	u501
   622     074B  0A33               	incf	main@delay+1,w
   623     074C  1D03               	btfss	3,2
   624     074D  2F4F               	goto	u501
   625     074E  2F50               	goto	u500
   626     074F                     u501:
   627     074F  2F56               	goto	l915
   628     0750                     u500:
   629     0750                     l911:
   630                           
   631                           ;main.c: 33:         }
   632     0750  30C8               	movlw	200
   633     0751  00B2               	movwf	main@delay
   634     0752  3000               	movlw	0
   635     0753  00B3               	movwf	main@delay+1
   636     0754                     l913:
   637                           
   638                           ;main.c: 34: 
   639     0754  01B6               	clrf	main@count
   640     0755  01B7               	clrf	main@count+1
   641     0756                     l915:
   642                           
   643                           ;main.c: 38:         ssd[2] = digits[((count % 100) / 10)];
   644     0756  3001               	movlw	1
   645     0757  120A  118A  2613  120A  118A  	fcall	_read_digital_keypad
   646     075C  1283               	bcf	3,5	;RP0=0, select bank0
   647     075D  1303               	bcf	3,6	;RP1=0, select bank0
   648     075E  00B4               	movwf	main@key
   649     075F                     l917:
   650                           
   651                           ;main.c: 40: 
   652     075F  303E               	movlw	62
   653     0760  0634               	xorwf	main@key,w
   654     0761  1D03               	btfss	3,2
   655     0762  2F64               	goto	u511
   656     0763  2F65               	goto	u510
   657     0764                     u511:
   658     0764  2F76               	goto	l923
   659     0765                     u510:
   660     0765                     l919:
   661                           
   662                           ;main.c: 41:         display(ssd);;main.c: 42: 
   663     0765  3001               	movlw	1
   664     0766  07B6               	addwf	main@count,f
   665     0767  1803               	skipnc
   666     0768  0AB7               	incf	main@count+1,f
   667     0769  3000               	movlw	0
   668     076A  07B7               	addwf	main@count+1,f
   669                           
   670                           ;main.c: 44:     return;
   671     076B  3027               	movlw	39
   672     076C  0237               	subwf	main@count+1,w
   673     076D  3010               	movlw	16
   674     076E  1903               	skipnz
   675     076F  0236               	subwf	main@count,w
   676     0770  1C03               	skipc
   677     0771  2F73               	goto	u521
   678     0772  2F74               	goto	u520
   679     0773                     u521:
   680     0773  2F76               	goto	l923
   681     0774                     u520:
   682     0774                     l921:
   683                           
   684                           ;main.c: 45: }
   685     0774  01B6               	clrf	main@count
   686     0775  01B7               	clrf	main@count+1
   687     0776                     l923:
   688     0776  30E8               	movlw	232
   689     0777  00F6               	movwf	___lwdiv@divisor
   690     0778  3003               	movlw	3
   691     0779  00F7               	movwf	___lwdiv@divisor+1
   692     077A  0837               	movf	main@count+1,w
   693     077B  00F9               	movwf	___lwdiv@dividend+1
   694     077C  0836               	movf	main@count,w
   695     077D  00F8               	movwf	___lwdiv@dividend
   696     077E  120A  118A  2677  120A  118A  	fcall	___lwdiv
   697     0783  0876               	movf	?___lwdiv,w
   698     0784  3E24               	addlw	(low (main@digits| 0))& (0+255)
   699     0785  0084               	movwf	4
   700     0786  1383               	bcf	3,7	;select IRP bank0
   701     0787  0800               	movf	0,w
   702     0788  1283               	bcf	3,5	;RP0=0, select bank0
   703     0789  1303               	bcf	3,6	;RP1=0, select bank0
   704     078A  00AE               	movwf	main@ssd
   705     078B                     l925:
   706     078B  3064               	movlw	100
   707     078C  00F6               	movwf	___lwdiv@divisor
   708     078D  3000               	movlw	0
   709     078E  00F7               	movwf	___lwdiv@divisor+1
   710     078F  0837               	movf	main@count+1,w
   711     0790  00F3               	movwf	___lwmod@dividend+1
   712     0791  0836               	movf	main@count,w
   713     0792  00F2               	movwf	___lwmod@dividend
   714     0793  30E8               	movlw	232
   715     0794  00F0               	movwf	___lwmod@divisor
   716     0795  3003               	movlw	3
   717     0796  00F1               	movwf	___lwmod@divisor+1
   718     0797  120A  118A  263D  120A  118A  	fcall	___lwmod
   719     079C  0871               	movf	?___lwmod+1,w
   720     079D  00F9               	movwf	___lwdiv@dividend+1
   721     079E  0870               	movf	?___lwmod,w
   722     079F  00F8               	movwf	___lwdiv@dividend
   723     07A0  120A  118A  2677  120A  118A  	fcall	___lwdiv
   724     07A5  0876               	movf	?___lwdiv,w
   725     07A6  3E24               	addlw	(low (main@digits| 0))& (0+255)
   726     07A7  0084               	movwf	4
   727     07A8  1383               	bcf	3,7	;select IRP bank0
   728     07A9  0800               	movf	0,w
   729     07AA  1283               	bcf	3,5	;RP0=0, select bank0
   730     07AB  1303               	bcf	3,6	;RP1=0, select bank0
   731     07AC  00AF               	movwf	main@ssd+1
   732     07AD                     l927:
   733     07AD  300A               	movlw	10
   734     07AE  00F6               	movwf	___lwdiv@divisor
   735     07AF  3000               	movlw	0
   736     07B0  00F7               	movwf	___lwdiv@divisor+1
   737     07B1  0837               	movf	main@count+1,w
   738     07B2  00F3               	movwf	___lwmod@dividend+1
   739     07B3  0836               	movf	main@count,w
   740     07B4  00F2               	movwf	___lwmod@dividend
   741     07B5  3064               	movlw	100
   742     07B6  00F0               	movwf	___lwmod@divisor
   743     07B7  3000               	movlw	0
   744     07B8  00F1               	movwf	___lwmod@divisor+1
   745     07B9  120A  118A  263D  120A  118A  	fcall	___lwmod
   746     07BE  0871               	movf	?___lwmod+1,w
   747     07BF  00F9               	movwf	___lwdiv@dividend+1
   748     07C0  0870               	movf	?___lwmod,w
   749     07C1  00F8               	movwf	___lwdiv@dividend
   750     07C2  120A  118A  2677  120A  118A  	fcall	___lwdiv
   751     07C7  0876               	movf	?___lwdiv,w
   752     07C8  3E24               	addlw	(low (main@digits| 0))& (0+255)
   753     07C9  0084               	movwf	4
   754     07CA  1383               	bcf	3,7	;select IRP bank0
   755     07CB  0800               	movf	0,w
   756     07CC  1283               	bcf	3,5	;RP0=0, select bank0
   757     07CD  1303               	bcf	3,6	;RP1=0, select bank0
   758     07CE  00B0               	movwf	main@ssd+2
   759     07CF                     l929:
   760     07CF  300A               	movlw	10
   761     07D0  00F0               	movwf	___lwmod@divisor
   762     07D1  3000               	movlw	0
   763     07D2  00F1               	movwf	___lwmod@divisor+1
   764     07D3  0837               	movf	main@count+1,w
   765     07D4  00F3               	movwf	___lwmod@dividend+1
   766     07D5  0836               	movf	main@count,w
   767     07D6  00F2               	movwf	___lwmod@dividend
   768     07D7  120A  118A  263D  120A  118A  	fcall	___lwmod
   769     07DC  0870               	movf	?___lwmod,w
   770     07DD  3E24               	addlw	(low (main@digits| 0))& (0+255)
   771     07DE  0084               	movwf	4
   772     07DF  1383               	bcf	3,7	;select IRP bank0
   773     07E0  0800               	movf	0,w
   774     07E1  1283               	bcf	3,5	;RP0=0, select bank0
   775     07E2  1303               	bcf	3,6	;RP1=0, select bank0
   776     07E3  00B1               	movwf	main@ssd+3
   777     07E4                     l931:
   778     07E4  302E               	movlw	(low (main@ssd| 0))& (0+255)
   779     07E5  120A  118A  26BB  120A  118A  	fcall	_display
   780     07EA  2F33               	goto	l905
   781     07EB  120A  118A  2800   	ljmp	start
   782     07EE                     __end_of_main:
   783                           
   784                           	psect	text1
   785     0613                     __ptext1:	
   786 ;; *************** function _read_digital_keypad *****************
   787 ;; Defined at:
   788 ;;		line 16 in file "digital_keypad.c"
   789 ;; Parameters:    Size  Location     Type
   790 ;;  mode            1    wreg     unsigned char 
   791 ;; Auto vars:     Size  Location     Type
   792 ;;  mode            1    1[COMMON] unsigned char 
   793 ;; Return value:  Size  Location     Type
   794 ;;                  1    wreg      unsigned char 
   795 ;; Registers used:
   796 ;;		wreg, status,2, status,0
   797 ;; Tracked objects:
   798 ;;		On entry : 0/0
   799 ;;		On exit  : 0/0
   800 ;;		Unchanged: 0/0
   801 ;; Data sizes:     COMMON   BANK0   BANK1   BANK3   BANK2
   802 ;;      Params:         0       0       0       0       0
   803 ;;      Locals:         1       0       0       0       0
   804 ;;      Temps:          1       0       0       0       0
   805 ;;      Totals:         2       0       0       0       0
   806 ;;Total ram usage:        2 bytes
   807 ;; Hardware stack levels used: 1
   808 ;; This function calls:
   809 ;;		Nothing
   810 ;; This function is called by:
   811 ;;		_main
   812 ;; This function uses a non-reentrant model
   813 ;;
   814                           
   815     0613                     _read_digital_keypad:	
   816                           ;psect for function _read_digital_keypad
   817                           
   818                           
   819                           ;incstack = 0
   820                           ; Regs used in _read_digital_keypad: [wreg+status,2+status,0]
   821                           ;read_digital_keypad@mode stored from wreg
   822     0613  00F1               	movwf	read_digital_keypad@mode
   823     0614                     l803:
   824                           
   825                           ;digital_keypad.c: 16: unsigned char read_digital_keypad(unsigned char mode);digital_key
      +                          pad.c: 17: {;digital_keypad.c: 18:     static unsigned char once = 1;;digital_keypad.c: 
      +                          20:     if (mode == 0)
   826     0614  0871               	movf	read_digital_keypad@mode,w
   827     0615  1D03               	btfss	3,2
   828     0616  2E18               	goto	u271
   829     0617  2E19               	goto	u270
   830     0618                     u271:
   831     0618  2E1E               	goto	l811
   832     0619                     u270:
   833     0619                     l805:
   834                           
   835                           ;digital_keypad.c: 21:     {;digital_keypad.c: 22:         return PORTB & 0x3F;
   836     0619  1283               	bcf	3,5	;RP0=0, select bank0
   837     061A  1303               	bcf	3,6	;RP1=0, select bank0
   838     061B  0806               	movf	6,w	;volatile
   839     061C  393F               	andlw	63
   840     061D  2E3C               	goto	l57
   841     061E                     l811:
   842                           
   843                           ;digital_keypad.c: 25:     {;digital_keypad.c: 26:         if (((PORTB & 0x3F) != 0x3F) 
      +                          && once)
   844     061E  303F               	movlw	63
   845     061F  1283               	bcf	3,5	;RP0=0, select bank0
   846     0620  1303               	bcf	3,6	;RP1=0, select bank0
   847     0621  0506               	andwf	6,w	;volatile
   848     0622  00F0               	movwf	??_read_digital_keypad
   849     0623  303F               	movlw	63
   850     0624  0670               	xorwf	??_read_digital_keypad,w
   851     0625  1903               	btfsc	3,2
   852     0626  2E28               	goto	u281
   853     0627  2E29               	goto	u280
   854     0628                     u281:
   855     0628  2E30               	goto	l823
   856     0629                     u280:
   857     0629                     l813:
   858     0629  0842               	movf	read_digital_keypad@once,w
   859     062A  1903               	btfsc	3,2
   860     062B  2E2D               	goto	u291
   861     062C  2E2E               	goto	u290
   862     062D                     u291:
   863     062D  2E30               	goto	l823
   864     062E                     u290:
   865     062E                     l815:
   866                           
   867                           ;digital_keypad.c: 27:         {;digital_keypad.c: 28:             once = 0;
   868     062E  01C2               	clrf	read_digital_keypad@once
   869     062F  2E19               	goto	l805
   870     0630                     l823:
   871     0630  303F               	movlw	63
   872     0631  0506               	andwf	6,w	;volatile
   873     0632  00F0               	movwf	??_read_digital_keypad
   874     0633  303F               	movlw	63
   875     0634  0670               	xorwf	??_read_digital_keypad,w
   876     0635  1D03               	btfss	3,2
   877     0636  2E38               	goto	u301
   878     0637  2E39               	goto	u300
   879     0638                     u301:
   880     0638  2E3B               	goto	l827
   881     0639                     u300:
   882     0639                     l825:
   883                           
   884                           ;digital_keypad.c: 33:         {;digital_keypad.c: 34:             once = 1;
   885     0639  01C2               	clrf	read_digital_keypad@once
   886     063A  0AC2               	incf	read_digital_keypad@once,f
   887     063B                     l827:
   888                           
   889                           ;digital_keypad.c: 38:     return 0x3F;
   890     063B  303F               	movlw	63
   891     063C                     l57:
   892     063C  0008               	return
   893     063D                     __end_of_read_digital_keypad:
   894                           
   895                           	psect	text2
   896     05DE                     __ptext2:	
   897 ;; *************** function _init_config *****************
   898 ;; Defined at:
   899 ;;		line 13 in file "main.c"
   900 ;; Parameters:    Size  Location     Type
   901 ;;		None
   902 ;; Auto vars:     Size  Location     Type
   903 ;;		None
   904 ;; Return value:  Size  Location     Type
   905 ;;                  1    wreg      void 
   906 ;; Registers used:
   907 ;;		wreg, status,2, status,0, pclath, cstack
   908 ;; Tracked objects:
   909 ;;		On entry : 0/0
   910 ;;		On exit  : 0/0
   911 ;;		Unchanged: 0/0
   912 ;; Data sizes:     COMMON   BANK0   BANK1   BANK3   BANK2
   913 ;;      Params:         0       0       0       0       0
   914 ;;      Locals:         0       0       0       0       0
   915 ;;      Temps:          0       0       0       0       0
   916 ;;      Totals:         0       0       0       0       0
   917 ;;Total ram usage:        0 bytes
   918 ;; Hardware stack levels used: 1
   919 ;; Hardware stack levels required when called: 1
   920 ;; This function calls:
   921 ;;		_init_digital_keypad
   922 ;;		_init_ssd
   923 ;; This function is called by:
   924 ;;		_main
   925 ;; This function uses a non-reentrant model
   926 ;;
   927                           
   928     05DE                     _init_config:	
   929                           ;psect for function _init_config
   930                           
   931     05DE                     l801:	
   932                           ;incstack = 0
   933                           ; Regs used in _init_config: [wreg+status,2+status,0+pclath+cstack]
   934                           
   935                           
   936                           ;main.c: 15: 
   937     05DE  120A  118A  25D8  120A  118A  	fcall	_init_digital_keypad
   938                           
   939                           ;main.c: 16:         key1 = read_digital_keypad(0);
   940     05E3  120A  118A  25F4  120A  118A  	fcall	_init_ssd
   941     05E8                     l11:
   942     05E8  0008               	return
   943     05E9                     __end_of_init_config:
   944                           
   945                           	psect	text3
   946     05F4                     __ptext3:	
   947 ;; *************** function _init_ssd *****************
   948 ;; Defined at:
   949 ;;		line 10 in file "ssd.c"
   950 ;; Parameters:    Size  Location     Type
   951 ;;		None
   952 ;; Auto vars:     Size  Location     Type
   953 ;;		None
   954 ;; Return value:  Size  Location     Type
   955 ;;                  1    wreg      void 
   956 ;; Registers used:
   957 ;;		wreg, status,2
   958 ;; Tracked objects:
   959 ;;		On entry : 0/0
   960 ;;		On exit  : 0/0
   961 ;;		Unchanged: 0/0
   962 ;; Data sizes:     COMMON   BANK0   BANK1   BANK3   BANK2
   963 ;;      Params:         0       0       0       0       0
   964 ;;      Locals:         0       0       0       0       0
   965 ;;      Temps:          0       0       0       0       0
   966 ;;      Totals:         0       0       0       0       0
   967 ;;Total ram usage:        0 bytes
   968 ;; Hardware stack levels used: 1
   969 ;; This function calls:
   970 ;;		Nothing
   971 ;; This function is called by:
   972 ;;		_init_config
   973 ;; This function uses a non-reentrant model
   974 ;;
   975                           
   976     05F4                     _init_ssd:	
   977                           ;psect for function _init_ssd
   978                           
   979     05F4                     l795:	
   980                           ;incstack = 0
   981                           ; Regs used in _init_ssd: [wreg+status,2]
   982                           
   983                           
   984                           ;ssd.c: 13:     TRISD = 0x00;
   985     05F4  1683               	bsf	3,5	;RP0=1, select bank1
   986     05F5  1303               	bcf	3,6	;RP1=0, select bank1
   987     05F6  0188               	clrf	8	;volatile
   988     05F7                     l797:
   989                           
   990                           ;ssd.c: 16:     TRISA = TRISA & 0x03;
   991     05F7  0805               	movf	5,w	;volatile
   992     05F8  3903               	andlw	3
   993     05F9  0085               	movwf	5	;volatile
   994     05FA                     l799:
   995                           
   996                           ;ssd.c: 18:     PORTA = PORTA & 0x03;
   997     05FA  1283               	bcf	3,5	;RP0=0, select bank0
   998     05FB  1303               	bcf	3,6	;RP1=0, select bank0
   999     05FC  0805               	movf	5,w	;volatile
  1000     05FD  3903               	andlw	3
  1001     05FE  0085               	movwf	5	;volatile
  1002     05FF                     l36:
  1003     05FF  0008               	return
  1004     0600                     __end_of_init_ssd:
  1005                           
  1006                           	psect	text4
  1007     05D8                     __ptext4:	
  1008 ;; *************** function _init_digital_keypad *****************
  1009 ;; Defined at:
  1010 ;;		line 10 in file "digital_keypad.c"
  1011 ;; Parameters:    Size  Location     Type
  1012 ;;		None
  1013 ;; Auto vars:     Size  Location     Type
  1014 ;;		None
  1015 ;; Return value:  Size  Location     Type
  1016 ;;                  1    wreg      void 
  1017 ;; Registers used:
  1018 ;;		wreg, status,2
  1019 ;; Tracked objects:
  1020 ;;		On entry : 0/0
  1021 ;;		On exit  : 0/0
  1022 ;;		Unchanged: 0/0
  1023 ;; Data sizes:     COMMON   BANK0   BANK1   BANK3   BANK2
  1024 ;;      Params:         0       0       0       0       0
  1025 ;;      Locals:         0       0       0       0       0
  1026 ;;      Temps:          0       0       0       0       0
  1027 ;;      Totals:         0       0       0       0       0
  1028 ;;Total ram usage:        0 bytes
  1029 ;; Hardware stack levels used: 1
  1030 ;; This function calls:
  1031 ;;		Nothing
  1032 ;; This function is called by:
  1033 ;;		_init_config
  1034 ;; This function uses a non-reentrant model
  1035 ;;
  1036                           
  1037     05D8                     _init_digital_keypad:	
  1038                           ;psect for function _init_digital_keypad
  1039                           
  1040     05D8                     l793:	
  1041                           ;incstack = 0
  1042                           ; Regs used in _init_digital_keypad: [wreg+status,2]
  1043                           
  1044                           
  1045                           ;digital_keypad.c: 13:     TRISB = TRISB | 0x3F;
  1046     05D8  1683               	bsf	3,5	;RP0=1, select bank1
  1047     05D9  1303               	bcf	3,6	;RP1=0, select bank1
  1048     05DA  0806               	movf	6,w	;volatile
  1049     05DB  383F               	iorlw	63
  1050     05DC  0086               	movwf	6	;volatile
  1051     05DD                     l51:
  1052     05DD  0008               	return
  1053     05DE                     __end_of_init_digital_keypad:
  1054                           
  1055                           	psect	text5
  1056     06BB                     __ptext5:	
  1057 ;; *************** function _display *****************
  1058 ;; Defined at:
  1059 ;;		line 21 in file "ssd.c"
  1060 ;; Parameters:    Size  Location     Type
  1061 ;;  data            1    wreg     PTR unsigned char 
  1062 ;;		 -> main@ssd(4), 
  1063 ;; Auto vars:     Size  Location     Type
  1064 ;;  data            1    8[COMMON] PTR unsigned char 
  1065 ;;		 -> main@ssd(4), 
  1066 ;;  wait            4    4[COMMON] unsigned long 
  1067 ;;  digit           1    9[COMMON] unsigned char 
  1068 ;; Return value:  Size  Location     Type
  1069 ;;                  1    wreg      void 
  1070 ;; Registers used:
  1071 ;;		wreg, fsr0l, fsr0h, status,2, status,0
  1072 ;; Tracked objects:
  1073 ;;		On entry : 0/0
  1074 ;;		On exit  : 0/0
  1075 ;;		Unchanged: 0/0
  1076 ;; Data sizes:     COMMON   BANK0   BANK1   BANK3   BANK2
  1077 ;;      Params:         0       0       0       0       0
  1078 ;;      Locals:         6       0       0       0       0
  1079 ;;      Temps:          4       0       0       0       0
  1080 ;;      Totals:        10       0       0       0       0
  1081 ;;Total ram usage:       10 bytes
  1082 ;; Hardware stack levels used: 1
  1083 ;; This function calls:
  1084 ;;		Nothing
  1085 ;; This function is called by:
  1086 ;;		_main
  1087 ;; This function uses a non-reentrant model
  1088 ;;
  1089                           
  1090     06BB                     _display:	
  1091                           ;psect for function _display
  1092                           
  1093                           
  1094                           ;incstack = 0
  1095                           ; Regs used in _display: [wreg-fsr0h+status,2+status,0]
  1096                           ;display@data stored from wreg
  1097     06BB  00F8               	movwf	display@data
  1098     06BC                     l831:
  1099                           
  1100                           ;ssd.c: 21: void display(unsigned char data[]);ssd.c: 22: {;ssd.c: 23:     unsigned char
      +                           digit;;ssd.c: 25:     for (digit = 0; digit < 4; digit++)
  1101     06BC  01F9               	clrf	display@digit
  1102     06BD                     l837:
  1103                           
  1104                           ;ssd.c: 26:     {;ssd.c: 27:         PORTD = data[digit];
  1105     06BD  0879               	movf	display@digit,w
  1106     06BE  0778               	addwf	display@data,w
  1107     06BF  00F0               	movwf	??_display
  1108     06C0  0870               	movf	??_display,w
  1109     06C1  0084               	movwf	4
  1110     06C2  1383               	bcf	3,7	;select IRP bank0
  1111     06C3  0800               	movf	0,w
  1112     06C4  1283               	bcf	3,5	;RP0=0, select bank0
  1113     06C5  1303               	bcf	3,6	;RP1=0, select bank0
  1114     06C6  0088               	movwf	8	;volatile
  1115     06C7                     l839:
  1116                           
  1117                           ;ssd.c: 28:         PORTA = (PORTA & 0x03) | (0x04 << digit);
  1118     06C7  3004               	movlw	4
  1119     06C8  00F0               	movwf	??_display
  1120     06C9  0A79               	incf	display@digit,w
  1121     06CA  2ECD               	goto	u314
  1122     06CB                     u315:
  1123     06CB  1003               	clrc
  1124     06CC  0DF0               	rlf	??_display,f
  1125     06CD                     u314:
  1126     06CD  3EFF               	addlw	-1
  1127     06CE  1D03               	skipz
  1128     06CF  2ECB               	goto	u315
  1129     06D0  0805               	movf	5,w	;volatile
  1130     06D1  3903               	andlw	3
  1131     06D2  0470               	iorwf	??_display,w
  1132     06D3  0085               	movwf	5	;volatile
  1133     06D4                     l841:
  1134                           
  1135                           ;ssd.c: 30:        for (unsigned long int wait = 400; wait--; );
  1136     06D4  3000               	movlw	0
  1137     06D5  00F7               	movwf	display@wait+3
  1138     06D6  3000               	movlw	0
  1139     06D7  00F6               	movwf	display@wait+2
  1140     06D8  3001               	movlw	1
  1141     06D9  00F5               	movwf	display@wait+1
  1142     06DA  3090               	movlw	144
  1143     06DB  00F4               	movwf	display@wait
  1144     06DC                     l843:
  1145     06DC  3001               	movlw	1
  1146     06DD  00F0               	movwf	??_display
  1147     06DE  3000               	movlw	0
  1148     06DF  00F1               	movwf	??_display+1
  1149     06E0  3000               	movlw	0
  1150     06E1  00F2               	movwf	??_display+2
  1151     06E2  3000               	movlw	0
  1152     06E3  00F3               	movwf	??_display+3
  1153     06E4  0870               	movf	??_display,w
  1154     06E5  02F4               	subwf	display@wait,f
  1155     06E6  0871               	movf	??_display+1,w
  1156     06E7  1C03               	skipc
  1157     06E8  0F71               	incfsz	??_display+1,w
  1158     06E9  2EEB               	goto	u325
  1159     06EA  2EEC               	goto	u326
  1160     06EB                     u325:
  1161     06EB  02F5               	subwf	display@wait+1,f
  1162     06EC                     u326:
  1163     06EC  0872               	movf	??_display+2,w
  1164     06ED  1C03               	skipc
  1165     06EE  0F72               	incfsz	??_display+2,w
  1166     06EF  2EF1               	goto	u327
  1167     06F0  2EF2               	goto	u328
  1168     06F1                     u327:
  1169     06F1  02F6               	subwf	display@wait+2,f
  1170     06F2                     u328:
  1171     06F2  0873               	movf	??_display+3,w
  1172     06F3  1C03               	skipc
  1173     06F4  0F73               	incfsz	??_display+3,w
  1174     06F5  2EF7               	goto	u329
  1175     06F6  2EF8               	goto	u320
  1176     06F7                     u329:
  1177     06F7  02F7               	subwf	display@wait+3,f
  1178     06F8                     u320:
  1179     06F8  0A74               	incf	display@wait,w
  1180     06F9  1D03               	skipz
  1181     06FA  2F05               	goto	u331
  1182     06FB  0A75               	incf	display@wait+1,w
  1183     06FC  1D03               	skipz
  1184     06FD  2F05               	goto	u331
  1185     06FE  0A76               	incf	display@wait+2,w
  1186     06FF  1D03               	skipz
  1187     0700  2F05               	goto	u331
  1188     0701  0A77               	incf	display@wait+3,w
  1189     0702  1D03               	btfss	3,2
  1190     0703  2F05               	goto	u331
  1191     0704  2F06               	goto	u330
  1192     0705                     u331:
  1193     0705  2EDC               	goto	l843
  1194     0706                     u330:
  1195     0706                     l845:
  1196                           
  1197                           ;ssd.c: 31:     }
  1198     0706  3001               	movlw	1
  1199     0707  00F0               	movwf	??_display
  1200     0708  0870               	movf	??_display,w
  1201     0709  07F9               	addwf	display@digit,f
  1202     070A                     l847:
  1203     070A  3004               	movlw	4
  1204     070B  0279               	subwf	display@digit,w
  1205     070C  1C03               	skipc
  1206     070D  2F0F               	goto	u341
  1207     070E  2F10               	goto	u340
  1208     070F                     u341:
  1209     070F  2EBD               	goto	l837
  1210     0710                     u340:
  1211     0710                     l44:
  1212     0710  0008               	return
  1213     0711                     __end_of_display:
  1214                           
  1215                           	psect	text6
  1216     063D                     __ptext6:	
  1217 ;; *************** function ___lwmod *****************
  1218 ;; Defined at:
  1219 ;;		line 5 in file "C:\Program Files\Microchip\xc8\v2.40\pic\sources\c90\common\lwmod.c"
  1220 ;; Parameters:    Size  Location     Type
  1221 ;;  divisor         2    0[COMMON] unsigned int 
  1222 ;;  dividend        2    2[COMMON] unsigned int 
  1223 ;; Auto vars:     Size  Location     Type
  1224 ;;  counter         1    5[COMMON] unsigned char 
  1225 ;; Return value:  Size  Location     Type
  1226 ;;                  2    0[COMMON] unsigned int 
  1227 ;; Registers used:
  1228 ;;		wreg, status,2, status,0
  1229 ;; Tracked objects:
  1230 ;;		On entry : 0/0
  1231 ;;		On exit  : 0/0
  1232 ;;		Unchanged: 0/0
  1233 ;; Data sizes:     COMMON   BANK0   BANK1   BANK3   BANK2
  1234 ;;      Params:         4       0       0       0       0
  1235 ;;      Locals:         1       0       0       0       0
  1236 ;;      Temps:          1       0       0       0       0
  1237 ;;      Totals:         6       0       0       0       0
  1238 ;;Total ram usage:        6 bytes
  1239 ;; Hardware stack levels used: 1
  1240 ;; This function calls:
  1241 ;;		Nothing
  1242 ;; This function is called by:
  1243 ;;		_main
  1244 ;; This function uses a non-reentrant model
  1245 ;;
  1246                           
  1247     063D                     ___lwmod:	
  1248                           ;psect for function ___lwmod
  1249                           
  1250     063D                     l875:	
  1251                           ;incstack = 0
  1252                           ; Regs used in ___lwmod: [wreg+status,2+status,0]
  1253                           
  1254     063D  0870               	movf	___lwmod@divisor,w
  1255     063E  0471               	iorwf	___lwmod@divisor+1,w
  1256     063F  1903               	btfsc	3,2
  1257     0640  2E42               	goto	u421
  1258     0641  2E43               	goto	u420
  1259     0642                     u421:
  1260     0642  2E72               	goto	l893
  1261     0643                     u420:
  1262     0643                     l877:
  1263     0643  01F5               	clrf	___lwmod@counter
  1264     0644  0AF5               	incf	___lwmod@counter,f
  1265     0645  2E51               	goto	l883
  1266     0646                     l879:
  1267     0646  3001               	movlw	1
  1268     0647                     u435:
  1269     0647  1003               	clrc
  1270     0648  0DF0               	rlf	___lwmod@divisor,f
  1271     0649  0DF1               	rlf	___lwmod@divisor+1,f
  1272     064A  3EFF               	addlw	-1
  1273     064B  1D03               	skipz
  1274     064C  2E47               	goto	u435
  1275     064D                     l881:
  1276     064D  3001               	movlw	1
  1277     064E  00F4               	movwf	??___lwmod
  1278     064F  0874               	movf	??___lwmod,w
  1279     0650  07F5               	addwf	___lwmod@counter,f
  1280     0651                     l883:
  1281     0651  1FF1               	btfss	___lwmod@divisor+1,7
  1282     0652  2E54               	goto	u441
  1283     0653  2E55               	goto	u440
  1284     0654                     u441:
  1285     0654  2E46               	goto	l879
  1286     0655                     u440:
  1287     0655                     l885:
  1288     0655  0871               	movf	___lwmod@divisor+1,w
  1289     0656  0273               	subwf	___lwmod@dividend+1,w
  1290     0657  1D03               	skipz
  1291     0658  2E5B               	goto	u455
  1292     0659  0870               	movf	___lwmod@divisor,w
  1293     065A  0272               	subwf	___lwmod@dividend,w
  1294     065B                     u455:
  1295     065B  1C03               	skipc
  1296     065C  2E5E               	goto	u451
  1297     065D  2E5F               	goto	u450
  1298     065E                     u451:
  1299     065E  2E65               	goto	l889
  1300     065F                     u450:
  1301     065F                     l887:
  1302     065F  0870               	movf	___lwmod@divisor,w
  1303     0660  02F2               	subwf	___lwmod@dividend,f
  1304     0661  0871               	movf	___lwmod@divisor+1,w
  1305     0662  1C03               	skipc
  1306     0663  03F3               	decf	___lwmod@dividend+1,f
  1307     0664  02F3               	subwf	___lwmod@dividend+1,f
  1308     0665                     l889:
  1309     0665  3001               	movlw	1
  1310     0666                     u465:
  1311     0666  1003               	clrc
  1312     0667  0CF1               	rrf	___lwmod@divisor+1,f
  1313     0668  0CF0               	rrf	___lwmod@divisor,f
  1314     0669  3EFF               	addlw	-1
  1315     066A  1D03               	skipz
  1316     066B  2E66               	goto	u465
  1317     066C                     l891:
  1318     066C  3001               	movlw	1
  1319     066D  02F5               	subwf	___lwmod@counter,f
  1320     066E  1D03               	btfss	3,2
  1321     066F  2E71               	goto	u471
  1322     0670  2E72               	goto	u470
  1323     0671                     u471:
  1324     0671  2E55               	goto	l885
  1325     0672                     u470:
  1326     0672                     l893:
  1327     0672  0873               	movf	___lwmod@dividend+1,w
  1328     0673  00F1               	movwf	?___lwmod+1
  1329     0674  0872               	movf	___lwmod@dividend,w
  1330     0675  00F0               	movwf	?___lwmod
  1331     0676                     l429:
  1332     0676  0008               	return
  1333     0677                     __end_of___lwmod:
  1334                           
  1335                           	psect	text7
  1336     0677                     __ptext7:	
  1337 ;; *************** function ___lwdiv *****************
  1338 ;; Defined at:
  1339 ;;		line 5 in file "C:\Program Files\Microchip\xc8\v2.40\pic\sources\c90\common\lwdiv.c"
  1340 ;; Parameters:    Size  Location     Type
  1341 ;;  divisor         2    6[COMMON] unsigned int 
  1342 ;;  dividend        2    8[COMMON] unsigned int 
  1343 ;; Auto vars:     Size  Location     Type
  1344 ;;  quotient        2   11[COMMON] unsigned int 
  1345 ;;  counter         1   13[COMMON] unsigned char 
  1346 ;; Return value:  Size  Location     Type
  1347 ;;                  2    6[COMMON] unsigned int 
  1348 ;; Registers used:
  1349 ;;		wreg, status,2, status,0
  1350 ;; Tracked objects:
  1351 ;;		On entry : 0/0
  1352 ;;		On exit  : 0/0
  1353 ;;		Unchanged: 0/0
  1354 ;; Data sizes:     COMMON   BANK0   BANK1   BANK3   BANK2
  1355 ;;      Params:         4       0       0       0       0
  1356 ;;      Locals:         3       0       0       0       0
  1357 ;;      Temps:          1       0       0       0       0
  1358 ;;      Totals:         8       0       0       0       0
  1359 ;;Total ram usage:        8 bytes
  1360 ;; Hardware stack levels used: 1
  1361 ;; This function calls:
  1362 ;;		Nothing
  1363 ;; This function is called by:
  1364 ;;		_main
  1365 ;; This function uses a non-reentrant model
  1366 ;;
  1367                           
  1368     0677                     ___lwdiv:	
  1369                           ;psect for function ___lwdiv
  1370                           
  1371     0677                     l849:	
  1372                           ;incstack = 0
  1373                           ; Regs used in ___lwdiv: [wreg+status,2+status,0]
  1374                           
  1375     0677  01FB               	clrf	___lwdiv@quotient
  1376     0678  01FC               	clrf	___lwdiv@quotient+1
  1377     0679                     l851:
  1378     0679  0876               	movf	___lwdiv@divisor,w
  1379     067A  0477               	iorwf	___lwdiv@divisor+1,w
  1380     067B  1903               	btfsc	3,2
  1381     067C  2E7E               	goto	u351
  1382     067D  2E7F               	goto	u350
  1383     067E                     u351:
  1384     067E  2EB6               	goto	l871
  1385     067F                     u350:
  1386     067F                     l853:
  1387     067F  01FD               	clrf	___lwdiv@counter
  1388     0680  0AFD               	incf	___lwdiv@counter,f
  1389     0681  2E8D               	goto	l859
  1390     0682                     l855:
  1391     0682  3001               	movlw	1
  1392     0683                     u365:
  1393     0683  1003               	clrc
  1394     0684  0DF6               	rlf	___lwdiv@divisor,f
  1395     0685  0DF7               	rlf	___lwdiv@divisor+1,f
  1396     0686  3EFF               	addlw	-1
  1397     0687  1D03               	skipz
  1398     0688  2E83               	goto	u365
  1399     0689                     l857:
  1400     0689  3001               	movlw	1
  1401     068A  00FA               	movwf	??___lwdiv
  1402     068B  087A               	movf	??___lwdiv,w
  1403     068C  07FD               	addwf	___lwdiv@counter,f
  1404     068D                     l859:
  1405     068D  1FF7               	btfss	___lwdiv@divisor+1,7
  1406     068E  2E90               	goto	u371
  1407     068F  2E91               	goto	u370
  1408     0690                     u371:
  1409     0690  2E82               	goto	l855
  1410     0691                     u370:
  1411     0691                     l861:
  1412     0691  3001               	movlw	1
  1413     0692                     u385:
  1414     0692  1003               	clrc
  1415     0693  0DFB               	rlf	___lwdiv@quotient,f
  1416     0694  0DFC               	rlf	___lwdiv@quotient+1,f
  1417     0695  3EFF               	addlw	-1
  1418     0696  1D03               	skipz
  1419     0697  2E92               	goto	u385
  1420     0698  0877               	movf	___lwdiv@divisor+1,w
  1421     0699  0279               	subwf	___lwdiv@dividend+1,w
  1422     069A  1D03               	skipz
  1423     069B  2E9E               	goto	u395
  1424     069C  0876               	movf	___lwdiv@divisor,w
  1425     069D  0278               	subwf	___lwdiv@dividend,w
  1426     069E                     u395:
  1427     069E  1C03               	skipc
  1428     069F  2EA1               	goto	u391
  1429     06A0  2EA2               	goto	u390
  1430     06A1                     u391:
  1431     06A1  2EA9               	goto	l867
  1432     06A2                     u390:
  1433     06A2                     l863:
  1434     06A2  0876               	movf	___lwdiv@divisor,w
  1435     06A3  02F8               	subwf	___lwdiv@dividend,f
  1436     06A4  0877               	movf	___lwdiv@divisor+1,w
  1437     06A5  1C03               	skipc
  1438     06A6  03F9               	decf	___lwdiv@dividend+1,f
  1439     06A7  02F9               	subwf	___lwdiv@dividend+1,f
  1440     06A8                     l865:
  1441     06A8  147B               	bsf	___lwdiv@quotient,0
  1442     06A9                     l867:
  1443     06A9  3001               	movlw	1
  1444     06AA                     u405:
  1445     06AA  1003               	clrc
  1446     06AB  0CF7               	rrf	___lwdiv@divisor+1,f
  1447     06AC  0CF6               	rrf	___lwdiv@divisor,f
  1448     06AD  3EFF               	addlw	-1
  1449     06AE  1D03               	skipz
  1450     06AF  2EAA               	goto	u405
  1451     06B0                     l869:
  1452     06B0  3001               	movlw	1
  1453     06B1  02FD               	subwf	___lwdiv@counter,f
  1454     06B2  1D03               	btfss	3,2
  1455     06B3  2EB5               	goto	u411
  1456     06B4  2EB6               	goto	u410
  1457     06B5                     u411:
  1458     06B5  2E91               	goto	l861
  1459     06B6                     u410:
  1460     06B6                     l871:
  1461     06B6  087C               	movf	___lwdiv@quotient+1,w
  1462     06B7  00F7               	movwf	?___lwdiv+1
  1463     06B8  087B               	movf	___lwdiv@quotient,w
  1464     06B9  00F6               	movwf	?___lwdiv
  1465     06BA                     l419:
  1466     06BA  0008               	return
  1467     06BB                     __end_of___lwdiv:
  1468     007E                     btemp	set	126	;btemp
  1469     007E                     wtemp0	set	126
  1470                           
  1471                           	psect	config
  1472                           
  1473                           ;Config register CONFIG @ 0x2007
  1474                           ;	Oscillator Selection bits
  1475                           ;	FOSC = 0x3, unprogrammed default
  1476                           ;	Watchdog Timer Enable bit
  1477                           ;	WDTE = OFF, WDT disabled
  1478                           ;	Power-up Timer Enable bit
  1479                           ;	PWRTE = 0x1, unprogrammed default
  1480                           ;	Brown-out Reset Enable bit
  1481                           ;	BOREN = 0x1, unprogrammed default
  1482                           ;	Low-Voltage (Single-Supply) In-Circuit Serial Programming Enable bit
  1483                           ;	LVP = 0x1, unprogrammed default
  1484                           ;	Data EEPROM Memory Code Protection bit
  1485                           ;	CPD = 0x1, unprogrammed default
  1486                           ;	Flash Program Memory Write Enable bits
  1487                           ;	WRT = 0x3, unprogrammed default
  1488                           ;	In-Circuit Debugger Mode bit
  1489                           ;	DEBUG = 0x1, unprogrammed default
  1490                           ;	Flash Program Memory Code Protection bit
  1491                           ;	CP = 0x1, unprogrammed default
  1492     2007                     	org	8199
  1493     2007  3FFB               	dw	16379

Data Sizes:
    Strings     0
    Constant    0
    Data        11
    BSS         0
    Persistent  0
    Stack       0

Auto Spaces:
    Space          Size  Autos    Used
    COMMON           14     14      14
    BANK0            80     24      35
    BANK1            80      0       0
    BANK3            96      0       0
    BANK2            96      0       0

Pointer List with Targets:

    display@data	PTR unsigned char  size(1) Largest target is 4
		 -> main@ssd(BANK0[4]), 


Critical Paths under _main in COMMON

    _main->___lwdiv
    ___lwdiv->___lwmod

Critical Paths under _main in BANK0

    None.

Critical Paths under _main in BANK1

    None.

Critical Paths under _main in BANK3

    None.

Critical Paths under _main in BANK2

    None.

Call Graph Tables:

 ---------------------------------------------------------------------------------
 (Depth) Function   	        Calls       Base Space   Used Autos Params    Refs
 ---------------------------------------------------------------------------------
 (0) _main                                                24    24      0    1796
                                              0 BANK0     24    24      0
                            ___lwdiv
                            ___lwmod
                            _display
                        _init_config
                _read_digital_keypad
 ---------------------------------------------------------------------------------
 (1) _read_digital_keypad                                  2     2      0      22
                                              0 COMMON     2     2      0
 ---------------------------------------------------------------------------------
 (1) _init_config                                          0     0      0       0
                _init_digital_keypad
                           _init_ssd
 ---------------------------------------------------------------------------------
 (2) _init_ssd                                             0     0      0       0
 ---------------------------------------------------------------------------------
 (2) _init_digital_keypad                                  0     0      0       0
 ---------------------------------------------------------------------------------
 (1) _display                                             10    10      0     168
                                              0 COMMON    10    10      0
 ---------------------------------------------------------------------------------
 (1) ___lwmod                                              6     2      4     615
                                              0 COMMON     6     2      4
 ---------------------------------------------------------------------------------
 (1) ___lwdiv                                              8     4      4     618
                                              6 COMMON     8     4      4
                            ___lwmod (ARG)
 ---------------------------------------------------------------------------------
 Estimated maximum stack depth 2
 ---------------------------------------------------------------------------------

 Call Graph Graphs:

 _main (ROOT)
   ___lwdiv
     ___lwmod (ARG)
   ___lwmod
   _display
   _init_config
     _init_digital_keypad
     _init_ssd
   _read_digital_keypad

 Address spaces:
Name               Size   Autos  Total    Cost      Usage
BANK3               60      0       0       9        0.0%
BITBANK3            60      0       0       8        0.0%
SFR3                 0      0       0       4        0.0%
BITSFR3              0      0       0       4        0.0%
BANK2               60      0       0      11        0.0%
BITBANK2            60      0       0      10        0.0%
SFR2                 0      0       0       5        0.0%
BITSFR2              0      0       0       5        0.0%
BANK1               50      0       0       7        0.0%
BITBANK1            50      0       0       6        0.0%
SFR1                 0      0       0       2        0.0%
BITSFR1              0      0       0       2        0.0%
BANK0               50     18      23       5       43.8%
BITBANK0            50      0       0       4        0.0%
SFR0                 0      0       0       1        0.0%
BITSFR0              0      0       0       1        0.0%
COMMON               E      E       E       1      100.0%
BITCOMMON            E      0       0       0        0.0%
CODE                 0      0       0       0        0.0%
DATA                 0      0      31      12        0.0%
ABS                  0      0      31       3        0.0%
NULL                 0      0       0       0        0.0%
STACK                0      0       0       2        0.0%
EEDATA             100      0       0       0        0.0%


Microchip Technology PIC Macro Assembler V2.40 build 20220703182018 
Symbol Table                                                                                   Tue Sep 13 09:58:59 2022

                          pc 0002                           l11 05E8                           l51 05DD  
                         l44 0710                           l36 05FF                           l57 063C  
                         fsr 0004                          l419 06BA                          l429 0676  
                        l801 05DE                          l811 061E                          l803 0614  
                        l813 0629                          l805 0619                          l901 072A  
                        l831 06BC                          l815 062E                          l823 0630  
                        l911 0750                          l903 072E                          l841 06D4  
                        l825 0639                          l921 0774                          l913 0754  
                        l905 0733                          l851 0679                          l843 06DC  
                        l827 063B                          l931 07E4                          l923 0776  
                        l915 0756                          l907 073C                          l861 0691  
                        l853 067F                          l845 0706                          l837 06BD  
                        l925 078B                          l917 075F                          l909 0742  
                        l863 06A2                          l855 0682                          l871 06B6  
                        l847 070A                          l839 06C7                          l927 07AD  
                        l919 0765                          l865 06A8                          l857 0689  
                        l849 0677                          l881 064D                          l793 05D8  
                        l929 07CF                          l867 06A9                          l859 068D  
                        l891 066C                          l883 0651                          l875 063D  
                        l795 05F4                          l869 06B0                          l885 0655  
                        l877 0643                          l893 0672                          l797 05F7  
                        l887 065F                          l879 0646                          l799 05FA  
                        l889 0665                          l897 0711                          l899 0728  
                        u300 0639                          u301 0638                          u320 06F8  
                        u410 06B6                          u330 0706                          u314 06CD  
                        u411 06B5                          u331 0705                          u315 06CB  
                        u420 0643                          u340 0710                          u500 0750  
                        u405 06AA                          u421 0642                          u341 070F  
                        u325 06EB                          u501 074F                          u350 067F  
                        u326 06EC                          u270 0619                          u510 0765  
                        u351 067E                          u327 06F1                          u271 0618  
                        u511 0764                          u440 0655                          u328 06F2  
                        u280 0629                          u520 0774                          u441 0654  
                        u329 06F7                          u281 0628                          u521 0773  
                        u370 0691                          u450 065F                          u290 062E  
                        u371 0690                          u451 065E                          u435 0647  
                        u291 062D                          u365 0683                          u390 06A2  
                        u470 0672                          u391 06A1                          u471 0671  
                        u455 065B                          u480 071B                          u385 0692  
                        u465 0666                          u490 0742                          u395 069E  
                        u491 0741                          fsr0 0004                          indf 0000  
      ??_read_digital_keypad 0070                  display@data 0078                  display@wait 0074  
                       _main 0711                         btemp 007E                         start 0000  
                      ?_main 0070              __end_of___lwdiv 06BB              __end_of___lwmod 0677  
               ?_init_config 0070                        _PORTA 0005                        _PORTB 0006  
                      _PORTD 0008                        _TRISA 0085                        _TRISB 0086  
                      _TRISD 0088                 display@digit 0079              __end_of_display 0711  
                      pclath 000A                        status 0003                        wtemp0 007E  
            __initialization 07EE                 __end_of_main 07EE                       ??_main 0020  
__end_of_init_digital_keypad 05DE                    ??___lwdiv 007A                    ??___lwmod 0074  
           __end_of_init_ssd 0600                    ??_display 0070      __end_of__initialization 07FC  
             __pcstackCOMMON 0070                 __pidataBANK0 05E9                   __pmaintext 0711  
__end_of_read_digital_keypad 063D                    ?_init_ssd 0070                      ___lwdiv 0677  
                    ___lwmod 063D                      __ptext1 0613                      __ptext2 05DE  
                    __ptext3 05F4                      __ptext4 05D8                      __ptext5 06BB  
                    __ptext6 063D                      __ptext7 0677                      _display 06BB  
                    main@key 0034                      main@ssd 002E         end_of_initialization 07FC  
                 ??_init_ssd 0070                   main@digits 0024          start_initialization 07EE  
                 init_fetch0 0600                  __pdataBANK0 0038                ??_init_config 0070  
                  ___latbits 0002                __pcstackBANK0 0020             ___lwdiv@dividend 0078  
                   ?___lwdiv 0076                     ?___lwmod 0070                     ?_display 0070  
           ___lwdiv@quotient 007B          __end_of_init_config 05E9                    main@delay 0032  
                  main@count 0036          _init_digital_keypad 05D8         ?_init_digital_keypad 0070  
                _init_config 05DE              ___lwdiv@divisor 0076              ___lwdiv@counter 007D  
                   _init_ssd 05F4      read_digital_keypad@mode 0071      read_digital_keypad@once 0042  
                   main@F859 0038        ??_init_digital_keypad 0070                     main@key1 0035  
                   init_ram0 0604             ___lwmod@dividend 0072          _read_digital_keypad 0613  
            ___lwmod@divisor 0070              ___lwmod@counter 0075         ?_read_digital_keypad 0070  
